2025-07-06 15:46:57,425 serial_wrap.py, line 324, ERROR:get_anwser timeout 
2025-07-06 16:04:20,318 camera.py, line 82, ERROR:read:读取图像错误!!!!
2025-07-06 16:04:20,329 camera.py, line 82, ERROR:read:读取图像错误!!!!
2025-07-06 16:04:20,335 camera.py, line 82, ERROR:read:读取图像错误!!!!
2025-07-06 16:04:20,342 camera.py, line 82, ERROR:read:读取图像错误!!!!
2025-07-06 16:04:20,348 camera.py, line 82, ERROR:read:读取图像错误!!!!
2025-07-06 16:04:20,354 camera.py, line 82, ERROR:read:读取图像错误!!!!
2025-07-06 16:04:20,360 camera.py, line 82, ERROR:read:读取图像错误!!!!
2025-07-06 16:04:20,366 camera.py, line 82, ERROR:read:读取图像错误!!!!
2025-07-06 16:04:20,373 camera.py, line 82, ERROR:read:读取图像错误!!!!
2025-07-06 16:04:20,379 camera.py, line 82, ERROR:read:读取图像错误!!!!
2025-07-06 16:04:20,386 camera.py, line 82, ERROR:read:读取图像错误!!!!
2025-07-06 16:04:20,392 camera.py, line 82, ERROR:read:读取图像错误!!!!
2025-07-06 16:04:20,398 camera.py, line 82, ERROR:read:读取图像错误!!!!
2025-07-06 16:04:20,404 camera.py, line 82, ERROR:read:读取图像错误!!!!
2025-07-06 16:04:20,410 camera.py, line 82, ERROR:read:读取图像错误!!!!
2025-07-06 16:04:20,417 camera.py, line 82, ERROR:read:读取图像错误!!!!
2025-07-06 16:04:20,423 camera.py, line 82, ERROR:read:读取图像错误!!!!
2025-07-06 16:04:20,429 camera.py, line 82, ERROR:read:读取图像错误!!!!
2025-07-06 16:04:20,435 camera.py, line 82, ERROR:read:读取图像错误!!!!
2025-07-06 16:04:20,441 camera.py, line 82, ERROR:read:读取图像错误!!!!
2025-07-06 16:04:20,448 camera.py, line 82, ERROR:read:读取图像错误!!!!
2025-07-06 16:04:20,453 camera.py, line 82, ERROR:read:读取图像错误!!!!
2025-07-06 16:04:20,459 camera.py, line 82, ERROR:read:读取图像错误!!!!
2025-07-06 16:04:20,465 camera.py, line 82, ERROR:read:读取图像错误!!!!
2025-07-06 16:04:20,471 camera.py, line 82, ERROR:read:读取图像错误!!!!
2025-07-06 16:04:20,477 camera.py, line 82, ERROR:read:读取图像错误!!!!
2025-07-06 16:04:20,483 camera.py, line 82, ERROR:read:读取图像错误!!!!
2025-07-06 16:04:20,487 camera.py, line 82, ERROR:read:读取图像错误!!!!
2025-07-06 16:04:20,494 camera.py, line 82, ERROR:read:读取图像错误!!!!
2025-07-06 16:04:20,499 camera.py, line 82, ERROR:read:读取图像错误!!!!
2025-07-06 16:04:20,504 camera.py, line 82, ERROR:read:读取图像错误!!!!
2025-07-06 16:04:20,511 camera.py, line 82, ERROR:read:读取图像错误!!!!
2025-07-06 16:04:20,516 camera.py, line 82, ERROR:read:读取图像错误!!!!
2025-07-06 16:04:20,522 camera.py, line 82, ERROR:read:读取图像错误!!!!
2025-07-06 16:04:20,528 camera.py, line 82, ERROR:read:读取图像错误!!!!
2025-07-06 16:04:20,534 camera.py, line 82, ERROR:read:读取图像错误!!!!
2025-07-06 16:04:20,539 camera.py, line 82, ERROR:read:读取图像错误!!!!
2025-07-06 16:04:20,545 camera.py, line 82, ERROR:read:读取图像错误!!!!
2025-07-06 16:04:20,550 camera.py, line 82, ERROR:read:读取图像错误!!!!
2025-07-06 16:04:20,556 camera.py, line 82, ERROR:read:读取图像错误!!!!
2025-07-06 16:04:20,563 camera.py, line 82, ERROR:read:读取图像错误!!!!
2025-07-06 16:04:20,568 camera.py, line 82, ERROR:read:读取图像错误!!!!
2025-07-06 16:04:20,573 camera.py, line 82, ERROR:read:读取图像错误!!!!
2025-07-06 16:04:20,580 camera.py, line 82, ERROR:read:读取图像错误!!!!
2025-07-06 16:04:20,586 camera.py, line 82, ERROR:read:读取图像错误!!!!
2025-07-06 16:04:20,591 camera.py, line 82, ERROR:read:读取图像错误!!!!
2025-07-06 16:04:20,597 camera.py, line 82, ERROR:read:读取图像错误!!!!
2025-07-06 16:04:20,601 camera.py, line 82, ERROR:read:读取图像错误!!!!
2025-07-06 16:04:20,607 camera.py, line 82, ERROR:read:读取图像错误!!!!
2025-07-06 16:04:20,613 camera.py, line 82, ERROR:read:读取图像错误!!!!
2025-07-06 16:04:20,618 camera.py, line 82, ERROR:read:读取图像错误!!!!
2025-07-06 16:04:20,624 camera.py, line 82, ERROR:read:读取图像错误!!!!
2025-07-06 16:04:20,629 camera.py, line 82, ERROR:read:读取图像错误!!!!
2025-07-06 16:04:20,634 camera.py, line 82, ERROR:read:读取图像错误!!!!
2025-07-06 16:04:20,639 camera.py, line 82, ERROR:read:读取图像错误!!!!
2025-07-06 16:04:20,646 camera.py, line 82, ERROR:read:读取图像错误!!!!
2025-07-06 16:04:20,651 camera.py, line 82, ERROR:read:读取图像错误!!!!
2025-07-06 16:04:20,657 camera.py, line 82, ERROR:read:读取图像错误!!!!
2025-07-06 16:04:20,663 camera.py, line 82, ERROR:read:读取图像错误!!!!
2025-07-06 16:04:20,669 camera.py, line 82, ERROR:read:读取图像错误!!!!
2025-07-06 16:04:20,676 camera.py, line 82, ERROR:read:读取图像错误!!!!
2025-07-06 16:04:20,683 camera.py, line 82, ERROR:read:读取图像错误!!!!
2025-07-06 16:04:20,688 camera.py, line 82, ERROR:read:读取图像错误!!!!
2025-07-06 16:04:20,694 camera.py, line 82, ERROR:read:读取图像错误!!!!
2025-07-06 16:04:20,700 camera.py, line 82, ERROR:read:读取图像错误!!!!
2025-07-06 16:04:20,705 camera.py, line 82, ERROR:read:读取图像错误!!!!
2025-07-06 16:04:20,711 camera.py, line 82, ERROR:read:读取图像错误!!!!
2025-07-06 16:04:20,716 camera.py, line 82, ERROR:read:读取图像错误!!!!
2025-07-06 16:04:20,721 camera.py, line 82, ERROR:read:读取图像错误!!!!
2025-07-06 16:04:20,727 camera.py, line 82, ERROR:read:读取图像错误!!!!
2025-07-06 16:04:20,732 camera.py, line 82, ERROR:read:读取图像错误!!!!
2025-07-06 16:04:20,737 camera.py, line 82, ERROR:read:读取图像错误!!!!
2025-07-06 16:04:20,742 camera.py, line 82, ERROR:read:读取图像错误!!!!
2025-07-06 16:04:20,748 camera.py, line 82, ERROR:read:读取图像错误!!!!
2025-07-06 16:04:20,753 camera.py, line 82, ERROR:read:读取图像错误!!!!
2025-07-06 16:04:20,759 camera.py, line 82, ERROR:read:读取图像错误!!!!
2025-07-06 16:04:20,766 camera.py, line 82, ERROR:read:读取图像错误!!!!
2025-07-06 16:04:20,770 camera.py, line 82, ERROR:read:读取图像错误!!!!
2025-07-06 16:04:20,775 camera.py, line 82, ERROR:read:读取图像错误!!!!
2025-07-06 16:04:20,780 camera.py, line 82, ERROR:read:读取图像错误!!!!
2025-07-06 16:04:20,786 camera.py, line 82, ERROR:read:读取图像错误!!!!
2025-07-06 16:04:20,793 camera.py, line 82, ERROR:read:读取图像错误!!!!
2025-07-06 16:04:20,800 camera.py, line 82, ERROR:read:读取图像错误!!!!
2025-07-06 16:04:20,806 camera.py, line 82, ERROR:read:读取图像错误!!!!
2025-07-06 16:04:20,811 camera.py, line 82, ERROR:read:读取图像错误!!!!
2025-07-06 16:04:20,817 camera.py, line 82, ERROR:read:读取图像错误!!!!
2025-07-06 16:04:20,822 camera.py, line 82, ERROR:read:读取图像错误!!!!
2025-07-06 16:04:20,841 camera.py, line 82, ERROR:read:读取图像错误!!!!
2025-07-06 16:04:20,904 remote_control.py, line 81, ERROR:no bluepad
2025-07-06 16:04:21,030 camera.py, line 82, ERROR:read:读取图像错误!!!!
2025-07-06 16:04:21,219 camera.py, line 82, ERROR:read:读取图像错误!!!!
2025-07-06 16:04:21,360 camera.py, line 82, ERROR:read:读取图像错误!!!!
2025-07-06 16:04:21,533 camera.py, line 82, ERROR:read:读取图像错误!!!!
2025-07-06 16:04:21,691 camera.py, line 82, ERROR:read:读取图像错误!!!!
2025-07-06 16:04:21,863 camera.py, line 82, ERROR:read:读取图像错误!!!!
2025-07-06 16:04:21,989 camera.py, line 82, ERROR:read:读取图像错误!!!!
2025-07-06 16:04:22,177 camera.py, line 82, ERROR:read:读取图像错误!!!!
2025-07-06 16:04:22,346 camera.py, line 82, ERROR:read:读取图像错误!!!!
2025-07-06 16:04:22,534 remote_control.py, line 81, ERROR:no bluepad
2025-07-06 16:04:22,565 camera.py, line 82, ERROR:read:读取图像错误!!!!
2025-07-06 16:04:22,818 camera.py, line 82, ERROR:read:读取图像错误!!!!
2025-07-06 16:04:22,944 camera.py, line 82, ERROR:read:读取图像错误!!!!
2025-07-06 16:04:23,087 camera.py, line 82, ERROR:read:读取图像错误!!!!
2025-07-06 16:04:23,228 camera.py, line 82, ERROR:read:读取图像错误!!!!
2025-07-06 16:04:23,463 camera.py, line 82, ERROR:read:读取图像错误!!!!
2025-07-06 19:23:25,740 serial_wrap.py, line 116, ERROR:未找到串口,查看是否插入了串口,或者查看下位机是否开机
2025-07-06 19:23:40,681 serial_wrap.py, line 116, ERROR:未找到串口,查看是否插入了串口,或者查看下位机是否开机
2025-07-06 19:24:22,213 serial_wrap.py, line 324, ERROR:get_anwser timeout 
2025-07-06 19:26:24,166 camera.py, line 82, ERROR:read:读取图像错误!!!!
2025-07-06 19:26:24,174 camera.py, line 82, ERROR:read:读取图像错误!!!!
2025-07-06 19:26:24,180 camera.py, line 82, ERROR:read:读取图像错误!!!!
2025-07-06 19:26:24,189 camera.py, line 82, ERROR:read:读取图像错误!!!!
2025-07-06 19:26:24,194 camera.py, line 82, ERROR:read:读取图像错误!!!!
2025-07-06 19:26:24,202 camera.py, line 82, ERROR:read:读取图像错误!!!!
2025-07-06 19:26:24,208 camera.py, line 82, ERROR:read:读取图像错误!!!!
2025-07-06 19:26:24,214 camera.py, line 82, ERROR:read:读取图像错误!!!!
2025-07-06 19:26:24,220 camera.py, line 82, ERROR:read:读取图像错误!!!!
2025-07-06 19:26:24,227 camera.py, line 82, ERROR:read:读取图像错误!!!!
2025-07-06 19:26:24,234 camera.py, line 82, ERROR:read:读取图像错误!!!!
2025-07-06 19:26:24,241 camera.py, line 82, ERROR:read:读取图像错误!!!!
2025-07-06 19:26:24,247 camera.py, line 82, ERROR:read:读取图像错误!!!!
2025-07-06 19:26:24,255 camera.py, line 82, ERROR:read:读取图像错误!!!!
2025-07-06 19:26:24,263 camera.py, line 82, ERROR:read:读取图像错误!!!!
2025-07-06 19:26:24,272 camera.py, line 82, ERROR:read:读取图像错误!!!!
2025-07-06 19:26:24,278 camera.py, line 82, ERROR:read:读取图像错误!!!!
2025-07-06 19:26:24,286 camera.py, line 82, ERROR:read:读取图像错误!!!!
2025-07-06 19:26:24,292 camera.py, line 82, ERROR:read:读取图像错误!!!!
2025-07-06 19:26:24,298 camera.py, line 82, ERROR:read:读取图像错误!!!!
2025-07-06 19:26:24,305 camera.py, line 82, ERROR:read:读取图像错误!!!!
2025-07-06 19:26:24,311 camera.py, line 82, ERROR:read:读取图像错误!!!!
2025-07-06 19:26:24,318 camera.py, line 82, ERROR:read:读取图像错误!!!!
2025-07-06 19:26:24,325 camera.py, line 82, ERROR:read:读取图像错误!!!!
2025-07-06 19:26:24,332 camera.py, line 82, ERROR:read:读取图像错误!!!!
2025-07-06 19:26:24,340 camera.py, line 82, ERROR:read:读取图像错误!!!!
2025-07-06 19:26:24,348 camera.py, line 82, ERROR:read:读取图像错误!!!!
2025-07-06 19:26:24,355 camera.py, line 82, ERROR:read:读取图像错误!!!!
2025-07-06 19:26:24,370 camera.py, line 82, ERROR:read:读取图像错误!!!!
2025-07-06 19:26:24,392 camera.py, line 82, ERROR:read:读取图像错误!!!!
2025-07-06 19:26:24,407 camera.py, line 82, ERROR:read:读取图像错误!!!!
2025-07-06 19:26:24,435 camera.py, line 82, ERROR:read:读取图像错误!!!!
2025-07-06 19:26:24,452 camera.py, line 82, ERROR:read:读取图像错误!!!!
2025-07-06 19:26:24,461 camera.py, line 82, ERROR:read:读取图像错误!!!!
2025-07-06 19:26:24,470 camera.py, line 82, ERROR:read:读取图像错误!!!!
2025-07-06 19:26:24,480 camera.py, line 82, ERROR:read:读取图像错误!!!!
2025-07-06 19:26:24,490 camera.py, line 82, ERROR:read:读取图像错误!!!!
2025-07-06 19:26:24,500 camera.py, line 82, ERROR:read:读取图像错误!!!!
2025-07-06 19:26:24,509 camera.py, line 82, ERROR:read:读取图像错误!!!!
2025-07-06 19:26:24,520 camera.py, line 82, ERROR:read:读取图像错误!!!!
2025-07-06 19:26:24,530 camera.py, line 82, ERROR:read:读取图像错误!!!!
2025-07-06 19:26:24,539 camera.py, line 82, ERROR:read:读取图像错误!!!!
2025-07-06 19:26:24,546 camera.py, line 82, ERROR:read:读取图像错误!!!!
2025-07-06 19:26:24,554 camera.py, line 82, ERROR:read:读取图像错误!!!!
2025-07-06 19:26:24,563 camera.py, line 82, ERROR:read:读取图像错误!!!!
2025-07-06 19:26:24,573 camera.py, line 82, ERROR:read:读取图像错误!!!!
2025-07-06 19:26:24,583 camera.py, line 82, ERROR:read:读取图像错误!!!!
2025-07-06 19:26:24,594 camera.py, line 82, ERROR:read:读取图像错误!!!!
2025-07-06 19:26:24,605 camera.py, line 82, ERROR:read:读取图像错误!!!!
2025-07-06 19:26:24,613 camera.py, line 82, ERROR:read:读取图像错误!!!!
2025-07-06 19:26:24,623 camera.py, line 82, ERROR:read:读取图像错误!!!!
2025-07-06 19:26:24,634 camera.py, line 82, ERROR:read:读取图像错误!!!!
2025-07-06 19:26:24,643 camera.py, line 82, ERROR:read:读取图像错误!!!!
2025-07-06 19:26:24,652 camera.py, line 82, ERROR:read:读取图像错误!!!!
2025-07-06 19:26:24,660 camera.py, line 82, ERROR:read:读取图像错误!!!!
2025-07-06 19:26:24,667 camera.py, line 82, ERROR:read:读取图像错误!!!!
2025-07-06 19:26:24,675 camera.py, line 82, ERROR:read:读取图像错误!!!!
2025-07-06 19:26:24,678 camera.py, line 82, ERROR:read:读取图像错误!!!!
2025-07-06 19:26:24,683 camera.py, line 82, ERROR:read:读取图像错误!!!!
2025-07-06 19:26:24,686 camera.py, line 82, ERROR:read:读取图像错误!!!!
2025-07-06 19:26:24,691 camera.py, line 82, ERROR:read:读取图像错误!!!!
2025-07-06 19:26:24,694 camera.py, line 82, ERROR:read:读取图像错误!!!!
2025-07-06 19:26:24,699 camera.py, line 82, ERROR:read:读取图像错误!!!!
2025-07-06 19:26:24,702 camera.py, line 82, ERROR:read:读取图像错误!!!!
2025-07-06 19:26:24,708 camera.py, line 82, ERROR:read:读取图像错误!!!!
2025-07-06 19:26:24,711 camera.py, line 82, ERROR:read:读取图像错误!!!!
2025-07-06 19:26:24,717 camera.py, line 82, ERROR:read:读取图像错误!!!!
2025-07-06 19:26:24,721 camera.py, line 82, ERROR:read:读取图像错误!!!!
2025-07-06 19:26:24,727 camera.py, line 82, ERROR:read:读取图像错误!!!!
2025-07-06 19:26:24,731 camera.py, line 82, ERROR:read:读取图像错误!!!!
2025-07-06 19:26:24,737 camera.py, line 82, ERROR:read:读取图像错误!!!!
2025-07-06 19:26:24,741 camera.py, line 82, ERROR:read:读取图像错误!!!!
2025-07-06 19:26:24,745 camera.py, line 82, ERROR:read:读取图像错误!!!!
2025-07-06 19:26:24,749 camera.py, line 82, ERROR:read:读取图像错误!!!!
2025-07-06 19:26:24,754 camera.py, line 82, ERROR:read:读取图像错误!!!!
2025-07-06 19:26:24,759 camera.py, line 82, ERROR:read:读取图像错误!!!!
2025-07-06 19:26:24,766 camera.py, line 82, ERROR:read:读取图像错误!!!!
2025-07-06 19:26:24,773 camera.py, line 82, ERROR:read:读取图像错误!!!!
2025-07-06 19:26:24,782 camera.py, line 82, ERROR:read:读取图像错误!!!!
2025-07-06 19:26:24,788 camera.py, line 82, ERROR:read:读取图像错误!!!!
2025-07-06 19:26:24,794 camera.py, line 82, ERROR:read:读取图像错误!!!!
2025-07-06 19:26:24,800 camera.py, line 82, ERROR:read:读取图像错误!!!!
2025-07-06 19:26:24,805 camera.py, line 82, ERROR:read:读取图像错误!!!!
2025-07-06 19:26:24,811 camera.py, line 82, ERROR:read:读取图像错误!!!!
2025-07-06 19:26:24,817 camera.py, line 82, ERROR:read:读取图像错误!!!!
2025-07-06 19:26:24,822 camera.py, line 82, ERROR:read:读取图像错误!!!!
2025-07-06 19:26:24,827 camera.py, line 82, ERROR:read:读取图像错误!!!!
2025-07-06 19:26:24,833 camera.py, line 82, ERROR:read:读取图像错误!!!!
2025-07-06 19:26:24,837 camera.py, line 82, ERROR:read:读取图像错误!!!!
2025-07-06 19:26:24,844 camera.py, line 82, ERROR:read:读取图像错误!!!!
2025-07-06 19:26:24,849 camera.py, line 82, ERROR:read:读取图像错误!!!!
2025-07-06 19:26:24,854 camera.py, line 82, ERROR:read:读取图像错误!!!!
2025-07-06 19:26:24,860 camera.py, line 82, ERROR:read:读取图像错误!!!!
2025-07-06 19:26:24,863 camera.py, line 82, ERROR:read:读取图像错误!!!!
2025-07-06 19:26:24,870 camera.py, line 82, ERROR:read:读取图像错误!!!!
2025-07-06 19:26:24,875 camera.py, line 82, ERROR:read:读取图像错误!!!!
2025-07-06 19:26:24,881 camera.py, line 82, ERROR:read:读取图像错误!!!!
2025-07-06 19:26:24,886 camera.py, line 82, ERROR:read:读取图像错误!!!!
2025-07-06 19:26:24,893 camera.py, line 82, ERROR:read:读取图像错误!!!!
2025-07-06 19:26:24,896 camera.py, line 82, ERROR:read:读取图像错误!!!!
2025-07-06 19:26:24,904 camera.py, line 82, ERROR:read:读取图像错误!!!!
2025-07-06 19:26:24,910 camera.py, line 82, ERROR:read:读取图像错误!!!!
2025-07-06 19:26:24,918 camera.py, line 82, ERROR:read:读取图像错误!!!!
2025-07-06 19:26:24,922 camera.py, line 82, ERROR:read:读取图像错误!!!!
2025-07-06 19:26:24,927 camera.py, line 82, ERROR:read:读取图像错误!!!!
2025-07-06 19:26:24,931 camera.py, line 82, ERROR:read:读取图像错误!!!!
2025-07-06 19:26:24,938 camera.py, line 82, ERROR:read:读取图像错误!!!!
2025-07-06 19:26:24,944 camera.py, line 82, ERROR:read:读取图像错误!!!!
2025-07-06 19:26:24,950 camera.py, line 82, ERROR:read:读取图像错误!!!!
2025-07-06 19:26:24,956 camera.py, line 82, ERROR:read:读取图像错误!!!!
2025-07-06 19:26:24,964 camera.py, line 82, ERROR:read:读取图像错误!!!!
2025-07-06 19:26:24,969 camera.py, line 82, ERROR:read:读取图像错误!!!!
2025-07-06 19:26:24,975 camera.py, line 82, ERROR:read:读取图像错误!!!!
2025-07-06 19:26:24,980 camera.py, line 82, ERROR:read:读取图像错误!!!!
2025-07-06 19:26:24,987 camera.py, line 82, ERROR:read:读取图像错误!!!!
2025-07-06 19:26:24,993 camera.py, line 82, ERROR:read:读取图像错误!!!!
2025-07-06 19:26:25,000 camera.py, line 82, ERROR:read:读取图像错误!!!!
2025-07-06 19:26:25,004 camera.py, line 82, ERROR:read:读取图像错误!!!!
2025-07-06 19:26:25,011 camera.py, line 82, ERROR:read:读取图像错误!!!!
2025-07-06 19:26:25,019 camera.py, line 82, ERROR:read:读取图像错误!!!!
2025-07-06 19:26:25,024 camera.py, line 82, ERROR:read:读取图像错误!!!!
2025-07-06 19:26:25,028 camera.py, line 82, ERROR:read:读取图像错误!!!!
2025-07-06 19:26:25,033 camera.py, line 82, ERROR:read:读取图像错误!!!!
2025-07-06 19:26:25,038 camera.py, line 82, ERROR:read:读取图像错误!!!!
2025-07-06 19:26:25,045 camera.py, line 82, ERROR:read:读取图像错误!!!!
2025-07-06 19:26:25,050 camera.py, line 82, ERROR:read:读取图像错误!!!!
2025-07-06 19:26:25,056 camera.py, line 82, ERROR:read:读取图像错误!!!!
2025-07-06 19:26:25,061 camera.py, line 82, ERROR:read:读取图像错误!!!!
2025-07-06 19:26:25,069 camera.py, line 82, ERROR:read:读取图像错误!!!!
2025-07-06 19:26:25,074 camera.py, line 82, ERROR:read:读取图像错误!!!!
2025-07-06 19:26:25,080 camera.py, line 82, ERROR:read:读取图像错误!!!!
2025-07-06 19:26:25,086 camera.py, line 82, ERROR:read:读取图像错误!!!!
2025-07-06 19:26:25,092 camera.py, line 82, ERROR:read:读取图像错误!!!!
2025-07-06 19:26:25,095 camera.py, line 82, ERROR:read:读取图像错误!!!!
2025-07-06 19:26:25,104 camera.py, line 82, ERROR:read:读取图像错误!!!!
2025-07-06 19:26:25,108 camera.py, line 82, ERROR:read:读取图像错误!!!!
2025-07-06 19:26:25,117 camera.py, line 82, ERROR:read:读取图像错误!!!!
2025-07-06 19:26:25,122 camera.py, line 82, ERROR:read:读取图像错误!!!!
2025-07-06 19:26:25,131 camera.py, line 82, ERROR:read:读取图像错误!!!!
2025-07-06 19:26:25,135 camera.py, line 82, ERROR:read:读取图像错误!!!!
2025-07-06 19:26:25,144 camera.py, line 82, ERROR:read:读取图像错误!!!!
2025-07-06 19:26:25,149 camera.py, line 82, ERROR:read:读取图像错误!!!!
2025-07-06 19:26:25,155 camera.py, line 82, ERROR:read:读取图像错误!!!!
2025-07-06 19:26:25,160 camera.py, line 82, ERROR:read:读取图像错误!!!!
2025-07-06 19:26:25,165 camera.py, line 82, ERROR:read:读取图像错误!!!!
2025-07-06 19:26:25,170 camera.py, line 82, ERROR:read:读取图像错误!!!!
2025-07-06 19:26:25,175 camera.py, line 82, ERROR:read:读取图像错误!!!!
2025-07-06 19:26:25,186 camera.py, line 82, ERROR:read:读取图像错误!!!!
2025-07-06 19:26:25,226 camera.py, line 82, ERROR:read:读取图像错误!!!!
2025-07-06 19:26:25,303 camera.py, line 82, ERROR:read:读取图像错误!!!!
2025-07-06 19:26:25,303 camera.py, line 82, ERROR:read:读取图像错误!!!!
2025-07-06 19:26:25,525 camera.py, line 82, ERROR:read:读取图像错误!!!!
2025-07-06 19:26:25,541 camera.py, line 82, ERROR:read:读取图像错误!!!!
2025-07-06 19:26:25,724 camera.py, line 82, ERROR:read:读取图像错误!!!!
2025-07-06 19:26:25,761 camera.py, line 82, ERROR:read:读取图像错误!!!!
2025-07-06 19:26:25,823 camera.py, line 82, ERROR:read:读取图像错误!!!!
2025-07-06 19:26:25,946 camera.py, line 82, ERROR:read:读取图像错误!!!!
2025-07-06 19:26:26,005 camera.py, line 82, ERROR:read:读取图像错误!!!!
2025-07-06 19:26:26,151 camera.py, line 82, ERROR:read:读取图像错误!!!!
2025-07-06 19:26:26,289 camera.py, line 82, ERROR:read:读取图像错误!!!!
2025-07-06 19:26:26,362 camera.py, line 82, ERROR:read:读取图像错误!!!!
2025-07-06 19:26:26,506 camera.py, line 82, ERROR:read:读取图像错误!!!!
2025-07-06 19:26:26,510 camera.py, line 82, ERROR:read:读取图像错误!!!!
2025-07-06 19:26:26,520 camera.py, line 82, ERROR:read:读取图像错误!!!!
2025-07-06 19:26:26,526 camera.py, line 82, ERROR:read:读取图像错误!!!!
2025-07-06 19:26:26,536 camera.py, line 82, ERROR:read:读取图像错误!!!!
2025-07-06 19:26:26,542 camera.py, line 82, ERROR:read:读取图像错误!!!!
2025-07-06 19:26:26,551 camera.py, line 82, ERROR:read:读取图像错误!!!!
2025-07-06 19:26:26,558 camera.py, line 82, ERROR:read:读取图像错误!!!!
2025-07-06 19:26:26,561 camera.py, line 82, ERROR:read:读取图像错误!!!!
2025-07-06 19:26:26,572 camera.py, line 82, ERROR:read:读取图像错误!!!!
2025-07-06 19:26:26,575 camera.py, line 82, ERROR:read:读取图像错误!!!!
2025-07-06 19:26:26,581 camera.py, line 82, ERROR:read:读取图像错误!!!!
2025-07-06 19:26:26,589 camera.py, line 82, ERROR:read:读取图像错误!!!!
2025-07-06 19:28:51,373 camera.py, line 82, ERROR:read:读取图像错误!!!!
2025-07-06 19:28:51,380 camera.py, line 82, ERROR:read:读取图像错误!!!!
2025-07-06 19:28:51,387 camera.py, line 82, ERROR:read:读取图像错误!!!!
2025-07-06 19:28:51,397 camera.py, line 82, ERROR:read:读取图像错误!!!!
2025-07-06 19:28:51,404 camera.py, line 82, ERROR:read:读取图像错误!!!!
2025-07-06 19:28:51,411 camera.py, line 82, ERROR:read:读取图像错误!!!!
2025-07-06 19:28:51,417 camera.py, line 82, ERROR:read:读取图像错误!!!!
2025-07-06 19:28:51,426 camera.py, line 82, ERROR:read:读取图像错误!!!!
2025-07-06 19:28:51,432 camera.py, line 82, ERROR:read:读取图像错误!!!!
2025-07-06 19:28:51,438 camera.py, line 82, ERROR:read:读取图像错误!!!!
2025-07-06 19:28:51,446 camera.py, line 82, ERROR:read:读取图像错误!!!!
2025-07-06 19:28:51,453 camera.py, line 82, ERROR:read:读取图像错误!!!!
2025-07-06 19:28:51,460 camera.py, line 82, ERROR:read:读取图像错误!!!!
2025-07-06 19:28:51,468 camera.py, line 82, ERROR:read:读取图像错误!!!!
2025-07-06 19:28:51,475 camera.py, line 82, ERROR:read:读取图像错误!!!!
2025-07-06 19:28:51,481 camera.py, line 82, ERROR:read:读取图像错误!!!!
2025-07-06 19:28:51,487 camera.py, line 82, ERROR:read:读取图像错误!!!!
2025-07-06 19:28:51,492 camera.py, line 82, ERROR:read:读取图像错误!!!!
2025-07-06 19:28:51,497 camera.py, line 82, ERROR:read:读取图像错误!!!!
2025-07-06 19:28:51,505 camera.py, line 82, ERROR:read:读取图像错误!!!!
2025-07-06 19:28:51,513 camera.py, line 82, ERROR:read:读取图像错误!!!!
2025-07-06 19:28:51,522 camera.py, line 82, ERROR:read:读取图像错误!!!!
2025-07-06 19:28:51,529 camera.py, line 82, ERROR:read:读取图像错误!!!!
2025-07-06 19:28:51,536 camera.py, line 82, ERROR:read:读取图像错误!!!!
2025-07-06 19:28:51,543 camera.py, line 82, ERROR:read:读取图像错误!!!!
2025-07-06 19:28:51,548 camera.py, line 82, ERROR:read:读取图像错误!!!!
2025-07-06 19:28:51,554 camera.py, line 82, ERROR:read:读取图像错误!!!!
2025-07-06 19:28:51,561 camera.py, line 82, ERROR:read:读取图像错误!!!!
2025-07-06 19:28:51,566 camera.py, line 82, ERROR:read:读取图像错误!!!!
2025-07-06 19:28:51,573 camera.py, line 82, ERROR:read:读取图像错误!!!!
2025-07-06 19:28:51,578 camera.py, line 82, ERROR:read:读取图像错误!!!!
2025-07-06 19:28:51,585 camera.py, line 82, ERROR:read:读取图像错误!!!!
2025-07-06 19:28:51,591 camera.py, line 82, ERROR:read:读取图像错误!!!!
2025-07-06 19:28:51,597 camera.py, line 82, ERROR:read:读取图像错误!!!!
2025-07-06 19:28:51,603 camera.py, line 82, ERROR:read:读取图像错误!!!!
2025-07-06 19:28:51,610 camera.py, line 82, ERROR:read:读取图像错误!!!!
2025-07-06 19:28:51,617 camera.py, line 82, ERROR:read:读取图像错误!!!!
2025-07-06 19:28:51,625 camera.py, line 82, ERROR:read:读取图像错误!!!!
2025-07-06 19:28:51,631 camera.py, line 82, ERROR:read:读取图像错误!!!!
2025-07-06 19:28:51,640 camera.py, line 82, ERROR:read:读取图像错误!!!!
2025-07-06 19:28:51,646 camera.py, line 82, ERROR:read:读取图像错误!!!!
2025-07-06 19:28:51,654 camera.py, line 82, ERROR:read:读取图像错误!!!!
2025-07-06 19:28:51,660 camera.py, line 82, ERROR:read:读取图像错误!!!!
2025-07-06 19:28:51,666 camera.py, line 82, ERROR:read:读取图像错误!!!!
2025-07-06 19:28:51,673 camera.py, line 82, ERROR:read:读取图像错误!!!!
2025-07-06 19:28:51,679 camera.py, line 82, ERROR:read:读取图像错误!!!!
2025-07-06 19:28:51,686 camera.py, line 82, ERROR:read:读取图像错误!!!!
2025-07-06 19:28:51,692 camera.py, line 82, ERROR:read:读取图像错误!!!!
2025-07-06 19:28:51,698 camera.py, line 82, ERROR:read:读取图像错误!!!!
2025-07-06 19:28:51,706 camera.py, line 82, ERROR:read:读取图像错误!!!!
2025-07-06 19:28:51,711 camera.py, line 82, ERROR:read:读取图像错误!!!!
2025-07-06 19:28:51,719 camera.py, line 82, ERROR:read:读取图像错误!!!!
2025-07-06 19:28:51,726 camera.py, line 82, ERROR:read:读取图像错误!!!!
2025-07-06 19:28:51,732 camera.py, line 82, ERROR:read:读取图像错误!!!!
2025-07-06 19:28:51,739 camera.py, line 82, ERROR:read:读取图像错误!!!!
2025-07-06 19:28:51,745 camera.py, line 82, ERROR:read:读取图像错误!!!!
2025-07-06 19:28:51,751 camera.py, line 82, ERROR:read:读取图像错误!!!!
2025-07-06 19:28:51,758 camera.py, line 82, ERROR:read:读取图像错误!!!!
2025-07-06 19:28:51,765 camera.py, line 82, ERROR:read:读取图像错误!!!!
2025-07-06 19:28:51,771 camera.py, line 82, ERROR:read:读取图像错误!!!!
2025-07-06 19:28:51,777 camera.py, line 82, ERROR:read:读取图像错误!!!!
2025-07-06 19:28:51,785 camera.py, line 82, ERROR:read:读取图像错误!!!!
2025-07-06 19:28:51,791 camera.py, line 82, ERROR:read:读取图像错误!!!!
2025-07-06 19:28:51,798 camera.py, line 82, ERROR:read:读取图像错误!!!!
2025-07-06 19:28:51,805 camera.py, line 82, ERROR:read:读取图像错误!!!!
2025-07-06 19:28:51,813 camera.py, line 82, ERROR:read:读取图像错误!!!!
2025-07-06 19:28:51,820 camera.py, line 82, ERROR:read:读取图像错误!!!!
2025-07-06 19:28:51,827 camera.py, line 82, ERROR:read:读取图像错误!!!!
2025-07-06 19:28:51,835 camera.py, line 82, ERROR:read:读取图像错误!!!!
2025-07-06 19:28:51,842 camera.py, line 82, ERROR:read:读取图像错误!!!!
2025-07-06 19:28:51,848 camera.py, line 82, ERROR:read:读取图像错误!!!!
2025-07-06 19:28:51,856 camera.py, line 82, ERROR:read:读取图像错误!!!!
2025-07-06 19:28:51,862 camera.py, line 82, ERROR:read:读取图像错误!!!!
2025-07-06 19:28:51,868 camera.py, line 82, ERROR:read:读取图像错误!!!!
2025-07-06 19:28:51,875 camera.py, line 82, ERROR:read:读取图像错误!!!!
2025-07-06 19:28:51,879 camera.py, line 82, ERROR:read:读取图像错误!!!!
2025-07-06 19:28:51,882 camera.py, line 82, ERROR:read:读取图像错误!!!!
2025-07-06 19:28:51,886 camera.py, line 82, ERROR:read:读取图像错误!!!!
2025-07-06 19:28:51,889 camera.py, line 82, ERROR:read:读取图像错误!!!!
2025-07-06 19:28:51,893 camera.py, line 82, ERROR:read:读取图像错误!!!!
2025-07-06 19:28:51,895 camera.py, line 82, ERROR:read:读取图像错误!!!!
2025-07-06 19:28:51,898 camera.py, line 82, ERROR:read:读取图像错误!!!!
2025-07-06 19:28:51,901 camera.py, line 82, ERROR:read:读取图像错误!!!!
2025-07-06 19:28:51,905 camera.py, line 82, ERROR:read:读取图像错误!!!!
2025-07-06 19:28:51,909 camera.py, line 82, ERROR:read:读取图像错误!!!!
2025-07-06 19:28:51,912 camera.py, line 82, ERROR:read:读取图像错误!!!!
2025-07-06 19:28:51,913 camera.py, line 82, ERROR:read:读取图像错误!!!!
2025-07-06 19:28:51,920 camera.py, line 82, ERROR:read:读取图像错误!!!!
2025-07-06 19:28:51,922 camera.py, line 82, ERROR:read:读取图像错误!!!!
2025-07-06 19:28:51,928 camera.py, line 82, ERROR:read:读取图像错误!!!!
2025-07-06 19:28:51,931 camera.py, line 82, ERROR:read:读取图像错误!!!!
2025-07-06 19:28:51,934 camera.py, line 82, ERROR:read:读取图像错误!!!!
2025-07-06 19:28:51,938 camera.py, line 82, ERROR:read:读取图像错误!!!!
2025-07-06 19:28:51,941 camera.py, line 82, ERROR:read:读取图像错误!!!!
2025-07-06 19:28:51,944 camera.py, line 82, ERROR:read:读取图像错误!!!!
2025-07-06 19:28:51,949 camera.py, line 82, ERROR:read:读取图像错误!!!!
2025-07-06 19:28:51,952 camera.py, line 82, ERROR:read:读取图像错误!!!!
2025-07-06 19:28:51,957 camera.py, line 82, ERROR:read:读取图像错误!!!!
2025-07-06 19:28:51,960 camera.py, line 82, ERROR:read:读取图像错误!!!!
2025-07-06 19:28:51,963 camera.py, line 82, ERROR:read:读取图像错误!!!!
2025-07-06 19:28:51,966 camera.py, line 82, ERROR:read:读取图像错误!!!!
2025-07-06 19:28:51,970 camera.py, line 82, ERROR:read:读取图像错误!!!!
2025-07-06 19:28:51,973 camera.py, line 82, ERROR:read:读取图像错误!!!!
2025-07-06 19:28:51,977 camera.py, line 82, ERROR:read:读取图像错误!!!!
2025-07-06 19:28:51,980 camera.py, line 82, ERROR:read:读取图像错误!!!!
2025-07-06 19:28:51,987 camera.py, line 82, ERROR:read:读取图像错误!!!!
2025-07-06 19:28:51,989 camera.py, line 82, ERROR:read:读取图像错误!!!!
2025-07-06 19:28:51,996 camera.py, line 82, ERROR:read:读取图像错误!!!!
2025-07-06 19:28:51,999 camera.py, line 82, ERROR:read:读取图像错误!!!!
2025-07-06 19:28:52,003 camera.py, line 82, ERROR:read:读取图像错误!!!!
2025-07-06 19:28:52,006 camera.py, line 82, ERROR:read:读取图像错误!!!!
2025-07-06 19:28:52,011 camera.py, line 82, ERROR:read:读取图像错误!!!!
2025-07-06 19:28:52,013 camera.py, line 82, ERROR:read:读取图像错误!!!!
2025-07-06 19:28:52,018 camera.py, line 82, ERROR:read:读取图像错误!!!!
2025-07-06 19:28:52,020 camera.py, line 82, ERROR:read:读取图像错误!!!!
2025-07-06 19:28:52,026 camera.py, line 82, ERROR:read:读取图像错误!!!!
2025-07-06 19:28:52,028 camera.py, line 82, ERROR:read:读取图像错误!!!!
2025-07-06 19:28:52,033 camera.py, line 82, ERROR:read:读取图像错误!!!!
2025-07-06 19:28:52,036 camera.py, line 82, ERROR:read:读取图像错误!!!!
2025-07-06 19:28:52,039 camera.py, line 82, ERROR:read:读取图像错误!!!!
2025-07-06 19:28:52,042 camera.py, line 82, ERROR:read:读取图像错误!!!!
2025-07-06 19:28:52,045 camera.py, line 82, ERROR:read:读取图像错误!!!!
2025-07-06 19:28:52,048 camera.py, line 82, ERROR:read:读取图像错误!!!!
2025-07-06 19:28:52,053 camera.py, line 82, ERROR:read:读取图像错误!!!!
2025-07-06 19:28:52,055 camera.py, line 82, ERROR:read:读取图像错误!!!!
2025-07-06 19:28:52,059 camera.py, line 82, ERROR:read:读取图像错误!!!!
2025-07-06 19:28:52,061 camera.py, line 82, ERROR:read:读取图像错误!!!!
2025-07-06 19:28:52,067 camera.py, line 82, ERROR:read:读取图像错误!!!!
2025-07-06 19:28:52,069 camera.py, line 82, ERROR:read:读取图像错误!!!!
2025-07-06 19:28:52,094 camera.py, line 82, ERROR:read:读取图像错误!!!!
2025-07-06 19:28:52,105 camera.py, line 82, ERROR:read:读取图像错误!!!!
2025-07-06 19:28:52,111 camera.py, line 82, ERROR:read:读取图像错误!!!!
2025-07-06 19:28:52,121 camera.py, line 82, ERROR:read:读取图像错误!!!!
2025-07-06 19:28:52,121 camera.py, line 82, ERROR:read:读取图像错误!!!!
2025-07-06 19:28:52,131 camera.py, line 82, ERROR:read:读取图像错误!!!!
2025-07-06 19:28:52,134 camera.py, line 82, ERROR:read:读取图像错误!!!!
2025-07-06 19:28:52,138 camera.py, line 82, ERROR:read:读取图像错误!!!!
2025-07-06 19:28:52,140 camera.py, line 82, ERROR:read:读取图像错误!!!!
2025-07-06 19:28:52,146 camera.py, line 82, ERROR:read:读取图像错误!!!!
2025-07-06 19:28:52,149 camera.py, line 82, ERROR:read:读取图像错误!!!!
2025-07-06 19:28:52,155 camera.py, line 82, ERROR:read:读取图像错误!!!!
2025-07-06 19:28:52,157 camera.py, line 82, ERROR:read:读取图像错误!!!!
2025-07-06 19:28:52,165 camera.py, line 82, ERROR:read:读取图像错误!!!!
2025-07-06 19:28:52,167 camera.py, line 82, ERROR:read:读取图像错误!!!!
2025-07-06 19:28:52,173 camera.py, line 82, ERROR:read:读取图像错误!!!!
2025-07-06 19:28:52,175 camera.py, line 82, ERROR:read:读取图像错误!!!!
2025-07-06 19:28:52,179 camera.py, line 82, ERROR:read:读取图像错误!!!!
2025-07-06 19:28:52,182 camera.py, line 82, ERROR:read:读取图像错误!!!!
2025-07-06 19:28:52,185 camera.py, line 82, ERROR:read:读取图像错误!!!!
2025-07-06 19:28:52,188 camera.py, line 82, ERROR:read:读取图像错误!!!!
2025-07-06 19:28:52,191 camera.py, line 82, ERROR:read:读取图像错误!!!!
2025-07-06 19:28:52,194 camera.py, line 82, ERROR:read:读取图像错误!!!!
2025-07-06 19:28:52,197 camera.py, line 82, ERROR:read:读取图像错误!!!!
2025-07-06 19:28:52,199 camera.py, line 82, ERROR:read:读取图像错误!!!!
2025-07-06 19:28:52,203 camera.py, line 82, ERROR:read:读取图像错误!!!!
2025-07-06 19:28:52,205 camera.py, line 82, ERROR:read:读取图像错误!!!!
2025-07-06 19:28:52,208 camera.py, line 82, ERROR:read:读取图像错误!!!!
2025-07-06 19:28:52,210 camera.py, line 82, ERROR:read:读取图像错误!!!!
2025-07-06 19:28:52,216 camera.py, line 82, ERROR:read:读取图像错误!!!!
2025-07-06 19:28:52,218 camera.py, line 82, ERROR:read:读取图像错误!!!!
2025-07-06 19:28:52,222 camera.py, line 82, ERROR:read:读取图像错误!!!!
2025-07-06 19:28:52,225 camera.py, line 82, ERROR:read:读取图像错误!!!!
2025-07-06 19:28:52,229 camera.py, line 82, ERROR:read:读取图像错误!!!!
2025-07-06 19:28:52,232 camera.py, line 82, ERROR:read:读取图像错误!!!!
2025-07-06 19:28:52,235 camera.py, line 82, ERROR:read:读取图像错误!!!!
2025-07-06 19:28:52,238 camera.py, line 82, ERROR:read:读取图像错误!!!!
2025-07-06 19:28:52,241 camera.py, line 82, ERROR:read:读取图像错误!!!!
2025-07-06 19:28:52,244 camera.py, line 82, ERROR:read:读取图像错误!!!!
2025-07-06 19:28:52,247 camera.py, line 82, ERROR:read:读取图像错误!!!!
2025-07-06 19:28:52,250 camera.py, line 82, ERROR:read:读取图像错误!!!!
2025-07-06 19:28:52,254 camera.py, line 82, ERROR:read:读取图像错误!!!!
2025-07-06 19:28:52,256 camera.py, line 82, ERROR:read:读取图像错误!!!!
2025-07-06 19:28:52,261 camera.py, line 82, ERROR:read:读取图像错误!!!!
2025-07-06 19:28:52,264 camera.py, line 82, ERROR:read:读取图像错误!!!!
2025-07-06 19:28:52,269 camera.py, line 82, ERROR:read:读取图像错误!!!!
2025-07-06 19:28:52,272 camera.py, line 82, ERROR:read:读取图像错误!!!!
2025-07-06 19:28:52,275 camera.py, line 82, ERROR:read:读取图像错误!!!!
2025-07-06 19:28:52,277 camera.py, line 82, ERROR:read:读取图像错误!!!!
2025-07-06 19:28:52,281 camera.py, line 82, ERROR:read:读取图像错误!!!!
2025-07-06 19:28:52,283 camera.py, line 82, ERROR:read:读取图像错误!!!!
2025-07-06 19:28:52,287 camera.py, line 82, ERROR:read:读取图像错误!!!!
2025-07-06 19:28:52,289 camera.py, line 82, ERROR:read:读取图像错误!!!!
2025-07-06 19:28:52,295 camera.py, line 82, ERROR:read:读取图像错误!!!!
2025-07-06 19:28:52,297 camera.py, line 82, ERROR:read:读取图像错误!!!!
2025-07-06 19:28:52,303 camera.py, line 82, ERROR:read:读取图像错误!!!!
2025-07-06 19:28:52,306 camera.py, line 82, ERROR:read:读取图像错误!!!!
2025-07-06 19:28:52,310 camera.py, line 82, ERROR:read:读取图像错误!!!!
2025-07-06 19:28:52,313 camera.py, line 82, ERROR:read:读取图像错误!!!!
2025-07-06 19:28:52,320 camera.py, line 82, ERROR:read:读取图像错误!!!!
2025-07-06 19:28:52,322 camera.py, line 82, ERROR:read:读取图像错误!!!!
2025-07-06 19:28:52,328 camera.py, line 82, ERROR:read:读取图像错误!!!!
2025-07-06 19:28:52,330 camera.py, line 82, ERROR:read:读取图像错误!!!!
2025-07-06 19:28:52,335 camera.py, line 82, ERROR:read:读取图像错误!!!!
2025-07-06 19:28:52,337 camera.py, line 82, ERROR:read:读取图像错误!!!!
2025-07-06 19:28:52,342 camera.py, line 82, ERROR:read:读取图像错误!!!!
2025-07-06 19:28:52,345 camera.py, line 82, ERROR:read:读取图像错误!!!!
2025-07-06 19:28:52,352 camera.py, line 82, ERROR:read:读取图像错误!!!!
2025-07-06 19:28:52,355 camera.py, line 82, ERROR:read:读取图像错误!!!!
2025-07-06 19:28:52,359 camera.py, line 82, ERROR:read:读取图像错误!!!!
2025-07-06 19:28:52,361 camera.py, line 82, ERROR:read:读取图像错误!!!!
2025-07-06 19:28:52,367 camera.py, line 82, ERROR:read:读取图像错误!!!!
2025-07-06 19:28:52,369 camera.py, line 82, ERROR:read:读取图像错误!!!!
2025-07-06 19:28:52,376 camera.py, line 82, ERROR:read:读取图像错误!!!!
2025-07-06 19:28:52,378 camera.py, line 82, ERROR:read:读取图像错误!!!!
2025-07-06 19:28:52,386 camera.py, line 82, ERROR:read:读取图像错误!!!!
2025-07-06 19:28:52,386 camera.py, line 82, ERROR:read:读取图像错误!!!!
2025-07-06 19:28:52,596 camera.py, line 82, ERROR:read:读取图像错误!!!!
2025-07-06 19:28:52,678 camera.py, line 82, ERROR:read:读取图像错误!!!!
2025-07-06 19:28:52,698 camera.py, line 82, ERROR:read:读取图像错误!!!!
2025-07-06 19:28:52,705 camera.py, line 82, ERROR:read:读取图像错误!!!!
2025-07-06 19:28:52,708 camera.py, line 82, ERROR:read:读取图像错误!!!!
2025-07-06 19:29:54,162 serial_wrap.py, line 324, ERROR:get_anwser timeout 
2025-07-06 19:29:57,880 camera.py, line 82, ERROR:read:读取图像错误!!!!
2025-07-06 19:29:58,102 camera.py, line 82, ERROR:read:读取图像错误!!!!
2025-07-06 19:29:58,320 camera.py, line 82, ERROR:read:读取图像错误!!!!
2025-07-06 19:29:58,635 camera.py, line 82, ERROR:read:读取图像错误!!!!
2025-07-06 19:29:58,822 camera.py, line 82, ERROR:read:读取图像错误!!!!
2025-07-06 19:29:59,012 camera.py, line 82, ERROR:read:读取图像错误!!!!
2025-07-06 19:29:59,297 camera.py, line 82, ERROR:read:读取图像错误!!!!
2025-07-06 19:29:59,478 camera.py, line 82, ERROR:read:读取图像错误!!!!
2025-07-06 19:29:59,629 camera.py, line 82, ERROR:read:读取图像错误!!!!
2025-07-06 19:29:59,828 camera.py, line 82, ERROR:read:读取图像错误!!!!
2025-07-06 19:30:00,029 camera.py, line 82, ERROR:read:读取图像错误!!!!
2025-07-06 19:30:00,314 camera.py, line 82, ERROR:read:读取图像错误!!!!
2025-07-06 19:30:00,593 camera.py, line 82, ERROR:read:读取图像错误!!!!
2025-07-06 20:42:43,960 serial_wrap.py, line 116, ERROR:未找到串口,查看是否插入了串口,或者查看下位机是否开机
2025-07-06 20:43:01,193 serial_wrap.py, line 324, ERROR:get_anwser timeout 
2025-07-06 20:43:05,001 camera.py, line 82, ERROR:read:读取图像错误!!!!
2025-07-06 20:43:05,199 camera.py, line 82, ERROR:read:读取图像错误!!!!
2025-07-06 20:43:05,372 camera.py, line 82, ERROR:read:读取图像错误!!!!
2025-07-06 20:43:05,560 camera.py, line 82, ERROR:read:读取图像错误!!!!
2025-07-06 20:43:05,816 camera.py, line 82, ERROR:read:读取图像错误!!!!
2025-07-06 20:43:05,970 camera.py, line 82, ERROR:read:读取图像错误!!!!
2025-07-06 20:43:06,133 camera.py, line 82, ERROR:read:读取图像错误!!!!
2025-07-06 20:43:06,296 camera.py, line 82, ERROR:read:读取图像错误!!!!
2025-07-06 20:43:06,460 camera.py, line 82, ERROR:read:读取图像错误!!!!
2025-07-06 20:43:06,666 camera.py, line 82, ERROR:read:读取图像错误!!!!
2025-07-06 20:43:06,813 camera.py, line 82, ERROR:read:读取图像错误!!!!
2025-07-06 20:43:06,980 camera.py, line 82, ERROR:read:读取图像错误!!!!
2025-07-06 20:43:07,157 camera.py, line 82, ERROR:read:读取图像错误!!!!
2025-07-06 20:43:07,344 camera.py, line 82, ERROR:read:读取图像错误!!!!
2025-07-06 20:43:07,590 camera.py, line 82, ERROR:read:读取图像错误!!!!
2025-07-06 20:43:07,802 camera.py, line 82, ERROR:read:读取图像错误!!!!
2025-07-06 20:43:08,059 camera.py, line 82, ERROR:read:读取图像错误!!!!
2025-07-06 20:43:08,282 camera.py, line 82, ERROR:read:读取图像错误!!!!
2025-07-06 20:43:08,520 camera.py, line 82, ERROR:read:读取图像错误!!!!
2025-07-06 20:43:08,774 camera.py, line 82, ERROR:read:读取图像错误!!!!
2025-07-06 20:43:09,008 camera.py, line 82, ERROR:read:读取图像错误!!!!
2025-07-06 20:43:09,237 camera.py, line 82, ERROR:read:读取图像错误!!!!
2025-07-06 20:43:09,484 camera.py, line 82, ERROR:read:读取图像错误!!!!
2025-07-06 20:43:09,728 camera.py, line 82, ERROR:read:读取图像错误!!!!
2025-07-06 20:43:10,005 camera.py, line 82, ERROR:read:读取图像错误!!!!
2025-07-06 20:43:10,239 camera.py, line 82, ERROR:read:读取图像错误!!!!
2025-07-06 20:43:10,448 camera.py, line 82, ERROR:read:读取图像错误!!!!
2025-07-06 20:43:10,743 camera.py, line 82, ERROR:read:读取图像错误!!!!
2025-07-06 20:43:10,969 camera.py, line 82, ERROR:read:读取图像错误!!!!
2025-07-06 20:43:11,222 camera.py, line 82, ERROR:read:读取图像错误!!!!
2025-07-06 20:43:11,485 camera.py, line 82, ERROR:read:读取图像错误!!!!
2025-07-06 20:43:11,725 camera.py, line 82, ERROR:read:读取图像错误!!!!
2025-07-06 20:43:11,957 camera.py, line 82, ERROR:read:读取图像错误!!!!
2025-07-06 20:43:12,199 camera.py, line 82, ERROR:read:读取图像错误!!!!
2025-07-06 20:43:12,338 camera.py, line 82, ERROR:read:读取图像错误!!!!
2025-07-06 20:43:12,461 camera.py, line 82, ERROR:read:读取图像错误!!!!
2025-07-06 20:43:12,602 camera.py, line 82, ERROR:read:读取图像错误!!!!
2025-07-06 20:43:12,747 camera.py, line 82, ERROR:read:读取图像错误!!!!
2025-07-06 20:43:12,884 camera.py, line 82, ERROR:read:读取图像错误!!!!
2025-07-06 20:43:13,029 camera.py, line 82, ERROR:read:读取图像错误!!!!
2025-07-06 20:43:13,173 camera.py, line 82, ERROR:read:读取图像错误!!!!
2025-07-06 20:43:13,330 camera.py, line 82, ERROR:read:读取图像错误!!!!
2025-07-06 20:43:13,480 camera.py, line 82, ERROR:read:读取图像错误!!!!
2025-07-06 20:43:13,643 camera.py, line 82, ERROR:read:读取图像错误!!!!
2025-07-06 20:43:13,805 camera.py, line 82, ERROR:read:读取图像错误!!!!
2025-07-06 20:43:13,947 camera.py, line 82, ERROR:read:读取图像错误!!!!
2025-07-06 20:43:14,079 camera.py, line 82, ERROR:read:读取图像错误!!!!
2025-07-06 20:43:14,216 camera.py, line 82, ERROR:read:读取图像错误!!!!
2025-07-06 20:43:14,353 camera.py, line 82, ERROR:read:读取图像错误!!!!
2025-07-06 20:43:14,494 camera.py, line 82, ERROR:read:读取图像错误!!!!
2025-07-06 20:43:14,625 camera.py, line 82, ERROR:read:读取图像错误!!!!
2025-07-06 20:43:14,774 camera.py, line 82, ERROR:read:读取图像错误!!!!
2025-07-06 20:43:14,909 camera.py, line 82, ERROR:read:读取图像错误!!!!
2025-07-06 20:43:15,051 camera.py, line 82, ERROR:read:读取图像错误!!!!
2025-07-06 20:43:15,190 camera.py, line 82, ERROR:read:读取图像错误!!!!
2025-07-06 20:43:15,328 camera.py, line 82, ERROR:read:读取图像错误!!!!
2025-07-06 20:43:15,468 camera.py, line 82, ERROR:read:读取图像错误!!!!
2025-07-06 20:43:15,598 camera.py, line 82, ERROR:read:读取图像错误!!!!
2025-07-06 20:43:15,740 camera.py, line 82, ERROR:read:读取图像错误!!!!
2025-07-06 20:43:15,881 camera.py, line 82, ERROR:read:读取图像错误!!!!
2025-07-06 20:43:16,021 camera.py, line 82, ERROR:read:读取图像错误!!!!
2025-07-06 20:43:16,154 camera.py, line 82, ERROR:read:读取图像错误!!!!
2025-07-06 20:43:16,289 camera.py, line 82, ERROR:read:读取图像错误!!!!
2025-07-06 20:43:16,419 camera.py, line 82, ERROR:read:读取图像错误!!!!
2025-07-06 20:43:16,563 camera.py, line 82, ERROR:read:读取图像错误!!!!
2025-07-06 20:43:16,712 camera.py, line 82, ERROR:read:读取图像错误!!!!
2025-07-06 20:43:16,852 camera.py, line 82, ERROR:read:读取图像错误!!!!
2025-07-06 20:43:16,987 camera.py, line 82, ERROR:read:读取图像错误!!!!
2025-07-06 20:43:17,113 camera.py, line 82, ERROR:read:读取图像错误!!!!
2025-07-06 20:43:17,250 camera.py, line 82, ERROR:read:读取图像错误!!!!
2025-07-06 20:43:17,399 camera.py, line 82, ERROR:read:读取图像错误!!!!
2025-07-06 20:43:17,537 camera.py, line 82, ERROR:read:读取图像错误!!!!
2025-07-06 20:43:17,676 camera.py, line 82, ERROR:read:读取图像错误!!!!
2025-07-06 20:43:17,813 camera.py, line 82, ERROR:read:读取图像错误!!!!
2025-07-06 20:43:17,972 camera.py, line 82, ERROR:read:读取图像错误!!!!
2025-07-06 20:43:18,116 camera.py, line 82, ERROR:read:读取图像错误!!!!
2025-07-06 20:43:18,264 camera.py, line 82, ERROR:read:读取图像错误!!!!
2025-07-06 20:43:18,409 camera.py, line 82, ERROR:read:读取图像错误!!!!
2025-07-06 20:43:18,556 camera.py, line 82, ERROR:read:读取图像错误!!!!
2025-07-06 20:43:18,709 camera.py, line 82, ERROR:read:读取图像错误!!!!
2025-07-06 20:43:18,860 camera.py, line 82, ERROR:read:读取图像错误!!!!
2025-07-06 20:43:18,995 camera.py, line 82, ERROR:read:读取图像错误!!!!
2025-07-06 20:43:19,141 camera.py, line 82, ERROR:read:读取图像错误!!!!
2025-07-06 20:43:19,282 camera.py, line 82, ERROR:read:读取图像错误!!!!
2025-07-06 20:43:19,422 camera.py, line 82, ERROR:read:读取图像错误!!!!
2025-07-06 20:43:19,561 camera.py, line 82, ERROR:read:读取图像错误!!!!
2025-07-06 20:43:19,713 camera.py, line 82, ERROR:read:读取图像错误!!!!
2025-07-06 20:43:19,867 camera.py, line 82, ERROR:read:读取图像错误!!!!
2025-07-06 20:43:20,002 camera.py, line 82, ERROR:read:读取图像错误!!!!
2025-07-06 20:43:20,162 camera.py, line 82, ERROR:read:读取图像错误!!!!
2025-07-06 20:43:20,351 camera.py, line 82, ERROR:read:读取图像错误!!!!
2025-07-06 20:43:20,503 camera.py, line 82, ERROR:read:读取图像错误!!!!
2025-07-06 20:43:20,650 camera.py, line 82, ERROR:read:读取图像错误!!!!
2025-07-06 20:43:20,799 camera.py, line 82, ERROR:read:读取图像错误!!!!
2025-07-06 20:43:20,941 camera.py, line 82, ERROR:read:读取图像错误!!!!
2025-07-06 20:43:21,091 camera.py, line 82, ERROR:read:读取图像错误!!!!
2025-07-06 20:43:21,239 camera.py, line 82, ERROR:read:读取图像错误!!!!
2025-07-06 20:43:21,391 camera.py, line 82, ERROR:read:读取图像错误!!!!
2025-07-06 20:43:21,529 camera.py, line 82, ERROR:read:读取图像错误!!!!
2025-07-06 20:43:21,674 camera.py, line 82, ERROR:read:读取图像错误!!!!
2025-07-06 20:43:21,811 camera.py, line 82, ERROR:read:读取图像错误!!!!
2025-07-06 20:43:21,942 camera.py, line 82, ERROR:read:读取图像错误!!!!
2025-07-06 20:43:22,081 camera.py, line 82, ERROR:read:读取图像错误!!!!
2025-07-06 20:43:22,223 camera.py, line 82, ERROR:read:读取图像错误!!!!
2025-07-06 20:43:22,366 camera.py, line 82, ERROR:read:读取图像错误!!!!
2025-07-06 20:43:22,510 camera.py, line 82, ERROR:read:读取图像错误!!!!
2025-07-06 20:43:22,639 camera.py, line 82, ERROR:read:读取图像错误!!!!
2025-07-06 20:43:22,763 camera.py, line 82, ERROR:read:读取图像错误!!!!
2025-07-06 20:43:22,903 camera.py, line 82, ERROR:read:读取图像错误!!!!
2025-07-06 20:43:23,046 camera.py, line 82, ERROR:read:读取图像错误!!!!
2025-07-06 20:43:23,172 camera.py, line 82, ERROR:read:读取图像错误!!!!
2025-07-06 20:43:23,311 camera.py, line 82, ERROR:read:读取图像错误!!!!
2025-07-06 20:43:23,454 camera.py, line 82, ERROR:read:读取图像错误!!!!
2025-07-06 20:43:23,599 camera.py, line 82, ERROR:read:读取图像错误!!!!
2025-07-06 20:43:23,735 camera.py, line 82, ERROR:read:读取图像错误!!!!
2025-07-06 20:43:23,875 camera.py, line 82, ERROR:read:读取图像错误!!!!
2025-07-06 20:43:24,021 camera.py, line 82, ERROR:read:读取图像错误!!!!
2025-07-06 20:43:24,179 camera.py, line 82, ERROR:read:读取图像错误!!!!
2025-07-06 20:43:24,320 camera.py, line 82, ERROR:read:读取图像错误!!!!
2025-07-06 20:43:24,452 camera.py, line 82, ERROR:read:读取图像错误!!!!
2025-07-06 20:43:24,580 camera.py, line 82, ERROR:read:读取图像错误!!!!
2025-07-06 20:43:24,709 camera.py, line 82, ERROR:read:读取图像错误!!!!
2025-07-06 20:43:24,841 camera.py, line 82, ERROR:read:读取图像错误!!!!
2025-07-06 20:43:24,968 camera.py, line 82, ERROR:read:读取图像错误!!!!
2025-07-06 20:43:25,098 camera.py, line 82, ERROR:read:读取图像错误!!!!
2025-07-06 20:43:25,236 camera.py, line 82, ERROR:read:读取图像错误!!!!
2025-07-06 20:43:25,375 camera.py, line 82, ERROR:read:读取图像错误!!!!
2025-07-06 20:43:25,510 camera.py, line 82, ERROR:read:读取图像错误!!!!
2025-07-06 20:43:25,651 camera.py, line 82, ERROR:read:读取图像错误!!!!
2025-07-06 20:43:25,785 camera.py, line 82, ERROR:read:读取图像错误!!!!
2025-07-06 20:43:25,924 camera.py, line 82, ERROR:read:读取图像错误!!!!
2025-07-06 20:43:26,066 camera.py, line 82, ERROR:read:读取图像错误!!!!
2025-07-06 20:43:26,198 camera.py, line 82, ERROR:read:读取图像错误!!!!
2025-07-06 20:43:26,333 camera.py, line 82, ERROR:read:读取图像错误!!!!
2025-07-06 20:43:26,470 camera.py, line 82, ERROR:read:读取图像错误!!!!
2025-07-06 20:43:26,603 camera.py, line 82, ERROR:read:读取图像错误!!!!
2025-07-06 20:43:26,742 camera.py, line 82, ERROR:read:读取图像错误!!!!
2025-07-06 20:43:26,888 camera.py, line 82, ERROR:read:读取图像错误!!!!
2025-07-06 20:43:27,020 camera.py, line 82, ERROR:read:读取图像错误!!!!
2025-07-06 20:43:27,151 camera.py, line 82, ERROR:read:读取图像错误!!!!
2025-07-06 20:43:27,279 camera.py, line 82, ERROR:read:读取图像错误!!!!
2025-07-06 20:43:27,418 camera.py, line 82, ERROR:read:读取图像错误!!!!
2025-07-06 20:43:27,552 camera.py, line 82, ERROR:read:读取图像错误!!!!
2025-07-06 20:43:27,676 camera.py, line 82, ERROR:read:读取图像错误!!!!
2025-07-06 20:43:27,812 camera.py, line 82, ERROR:read:读取图像错误!!!!
2025-07-06 20:43:27,940 camera.py, line 82, ERROR:read:读取图像错误!!!!
2025-07-06 20:43:28,078 camera.py, line 82, ERROR:read:读取图像错误!!!!
2025-07-06 20:43:28,204 camera.py, line 82, ERROR:read:读取图像错误!!!!
2025-07-06 20:43:28,339 camera.py, line 82, ERROR:read:读取图像错误!!!!
2025-07-06 20:43:28,476 camera.py, line 82, ERROR:read:读取图像错误!!!!
2025-07-06 20:43:28,621 camera.py, line 82, ERROR:read:读取图像错误!!!!
2025-07-06 20:43:28,766 camera.py, line 82, ERROR:read:读取图像错误!!!!
2025-07-06 20:43:28,927 camera.py, line 82, ERROR:read:读取图像错误!!!!
2025-07-06 20:43:29,095 camera.py, line 82, ERROR:read:读取图像错误!!!!
2025-07-06 20:43:29,228 camera.py, line 82, ERROR:read:读取图像错误!!!!
2025-07-06 20:43:29,366 camera.py, line 82, ERROR:read:读取图像错误!!!!
2025-07-06 20:43:29,512 camera.py, line 82, ERROR:read:读取图像错误!!!!
2025-07-06 20:43:29,663 camera.py, line 82, ERROR:read:读取图像错误!!!!
2025-07-06 20:43:29,820 camera.py, line 82, ERROR:read:读取图像错误!!!!
2025-07-06 20:43:29,968 camera.py, line 82, ERROR:read:读取图像错误!!!!
2025-07-06 20:43:30,117 camera.py, line 82, ERROR:read:读取图像错误!!!!
2025-07-06 20:43:30,268 camera.py, line 82, ERROR:read:读取图像错误!!!!
2025-07-06 20:43:30,409 camera.py, line 82, ERROR:read:读取图像错误!!!!
2025-07-06 20:43:30,572 camera.py, line 82, ERROR:read:读取图像错误!!!!
2025-07-06 20:43:30,726 camera.py, line 82, ERROR:read:读取图像错误!!!!
2025-07-06 20:43:30,893 camera.py, line 82, ERROR:read:读取图像错误!!!!
2025-07-06 20:43:31,048 camera.py, line 82, ERROR:read:读取图像错误!!!!
2025-07-06 20:43:31,187 camera.py, line 82, ERROR:read:读取图像错误!!!!
2025-07-06 20:43:31,317 camera.py, line 82, ERROR:read:读取图像错误!!!!
2025-07-06 20:43:31,455 camera.py, line 82, ERROR:read:读取图像错误!!!!
2025-07-06 20:43:31,597 camera.py, line 82, ERROR:read:读取图像错误!!!!
2025-07-06 20:43:31,734 camera.py, line 82, ERROR:read:读取图像错误!!!!
2025-07-06 20:43:31,899 camera.py, line 82, ERROR:read:读取图像错误!!!!
2025-07-06 20:43:32,034 camera.py, line 82, ERROR:read:读取图像错误!!!!
2025-07-06 20:43:32,164 camera.py, line 82, ERROR:read:读取图像错误!!!!
2025-07-06 20:43:32,305 camera.py, line 82, ERROR:read:读取图像错误!!!!
2025-07-06 20:43:32,441 camera.py, line 82, ERROR:read:读取图像错误!!!!
2025-07-06 20:43:32,572 camera.py, line 82, ERROR:read:读取图像错误!!!!
2025-07-06 20:43:32,701 camera.py, line 82, ERROR:read:读取图像错误!!!!
2025-07-06 20:43:32,831 camera.py, line 82, ERROR:read:读取图像错误!!!!
2025-07-06 20:43:32,971 camera.py, line 82, ERROR:read:读取图像错误!!!!
2025-07-06 20:43:33,111 camera.py, line 82, ERROR:read:读取图像错误!!!!
2025-07-06 20:43:33,239 camera.py, line 82, ERROR:read:读取图像错误!!!!
2025-07-06 20:43:33,377 camera.py, line 82, ERROR:read:读取图像错误!!!!
2025-07-06 20:43:33,516 camera.py, line 82, ERROR:read:读取图像错误!!!!
2025-07-06 20:43:33,658 camera.py, line 82, ERROR:read:读取图像错误!!!!
2025-07-06 20:43:33,798 camera.py, line 82, ERROR:read:读取图像错误!!!!
2025-07-06 20:43:33,945 camera.py, line 82, ERROR:read:读取图像错误!!!!
2025-07-06 20:43:34,073 camera.py, line 82, ERROR:read:读取图像错误!!!!
2025-07-06 20:43:34,204 camera.py, line 82, ERROR:read:读取图像错误!!!!
2025-07-06 20:43:34,333 camera.py, line 82, ERROR:read:读取图像错误!!!!
2025-07-06 20:43:34,470 camera.py, line 82, ERROR:read:读取图像错误!!!!
2025-07-06 20:43:34,608 camera.py, line 82, ERROR:read:读取图像错误!!!!
2025-07-06 20:43:34,734 camera.py, line 82, ERROR:read:读取图像错误!!!!
2025-07-06 20:43:34,876 camera.py, line 82, ERROR:read:读取图像错误!!!!
2025-07-06 20:43:35,023 camera.py, line 82, ERROR:read:读取图像错误!!!!
2025-07-06 20:43:35,157 camera.py, line 82, ERROR:read:读取图像错误!!!!
2025-07-06 20:43:35,290 camera.py, line 82, ERROR:read:读取图像错误!!!!
2025-07-06 20:43:35,418 camera.py, line 82, ERROR:read:读取图像错误!!!!
2025-07-06 20:43:35,550 camera.py, line 82, ERROR:read:读取图像错误!!!!
2025-07-06 20:43:35,682 camera.py, line 82, ERROR:read:读取图像错误!!!!
2025-07-06 20:43:35,821 camera.py, line 82, ERROR:read:读取图像错误!!!!
2025-07-06 20:43:35,967 camera.py, line 82, ERROR:read:读取图像错误!!!!
2025-07-06 20:43:36,115 camera.py, line 82, ERROR:read:读取图像错误!!!!
2025-07-06 20:43:36,258 camera.py, line 82, ERROR:read:读取图像错误!!!!
2025-07-06 20:43:36,403 camera.py, line 82, ERROR:read:读取图像错误!!!!
2025-07-06 20:43:36,535 camera.py, line 82, ERROR:read:读取图像错误!!!!
2025-07-06 20:43:36,668 camera.py, line 82, ERROR:read:读取图像错误!!!!
2025-07-06 20:43:36,799 camera.py, line 82, ERROR:read:读取图像错误!!!!
2025-07-06 20:43:36,942 camera.py, line 82, ERROR:read:读取图像错误!!!!
2025-07-06 20:43:37,079 camera.py, line 82, ERROR:read:读取图像错误!!!!
2025-07-06 20:43:37,208 camera.py, line 82, ERROR:read:读取图像错误!!!!
2025-07-06 20:43:37,344 camera.py, line 82, ERROR:read:读取图像错误!!!!
2025-07-06 20:43:37,490 camera.py, line 82, ERROR:read:读取图像错误!!!!
2025-07-06 20:43:37,644 camera.py, line 82, ERROR:read:读取图像错误!!!!
2025-07-06 20:43:37,786 camera.py, line 82, ERROR:read:读取图像错误!!!!
2025-07-06 20:43:37,928 camera.py, line 82, ERROR:read:读取图像错误!!!!
2025-07-06 20:43:38,078 camera.py, line 82, ERROR:read:读取图像错误!!!!
2025-07-06 20:43:38,216 camera.py, line 82, ERROR:read:读取图像错误!!!!
2025-07-06 20:43:38,364 camera.py, line 82, ERROR:read:读取图像错误!!!!
2025-07-06 20:43:38,509 camera.py, line 82, ERROR:read:读取图像错误!!!!
2025-07-06 20:43:38,668 camera.py, line 82, ERROR:read:读取图像错误!!!!
2025-07-06 20:43:38,822 camera.py, line 82, ERROR:read:读取图像错误!!!!
2025-07-06 20:43:38,954 camera.py, line 82, ERROR:read:读取图像错误!!!!
2025-07-06 20:43:39,090 camera.py, line 82, ERROR:read:读取图像错误!!!!
2025-07-06 20:43:39,235 camera.py, line 82, ERROR:read:读取图像错误!!!!
2025-07-06 20:43:39,372 camera.py, line 82, ERROR:read:读取图像错误!!!!
2025-07-06 20:43:39,522 camera.py, line 82, ERROR:read:读取图像错误!!!!
2025-07-06 20:43:39,681 camera.py, line 82, ERROR:read:读取图像错误!!!!
2025-07-06 20:43:39,836 camera.py, line 82, ERROR:read:读取图像错误!!!!
2025-07-06 20:43:39,973 camera.py, line 82, ERROR:read:读取图像错误!!!!
2025-07-06 20:43:40,130 camera.py, line 82, ERROR:read:读取图像错误!!!!
2025-07-06 20:43:40,270 camera.py, line 82, ERROR:read:读取图像错误!!!!
2025-07-06 20:43:40,403 camera.py, line 82, ERROR:read:读取图像错误!!!!
2025-07-06 20:43:40,532 camera.py, line 82, ERROR:read:读取图像错误!!!!
2025-07-06 20:43:40,672 camera.py, line 82, ERROR:read:读取图像错误!!!!
2025-07-06 20:43:40,814 camera.py, line 82, ERROR:read:读取图像错误!!!!
2025-07-06 20:43:40,954 camera.py, line 82, ERROR:read:读取图像错误!!!!
2025-07-06 20:43:41,086 camera.py, line 82, ERROR:read:读取图像错误!!!!
2025-07-06 20:43:41,230 camera.py, line 82, ERROR:read:读取图像错误!!!!
2025-07-06 20:43:41,372 camera.py, line 82, ERROR:read:读取图像错误!!!!
2025-07-06 20:43:41,513 camera.py, line 82, ERROR:read:读取图像错误!!!!
2025-07-06 20:43:41,639 camera.py, line 82, ERROR:read:读取图像错误!!!!
2025-07-06 20:43:41,768 camera.py, line 82, ERROR:read:读取图像错误!!!!
2025-07-06 20:43:41,901 camera.py, line 82, ERROR:read:读取图像错误!!!!
2025-07-06 20:43:42,039 camera.py, line 82, ERROR:read:读取图像错误!!!!
2025-07-06 20:43:42,188 camera.py, line 82, ERROR:read:读取图像错误!!!!
2025-07-06 20:43:42,323 camera.py, line 82, ERROR:read:读取图像错误!!!!
2025-07-06 20:43:42,461 camera.py, line 82, ERROR:read:读取图像错误!!!!
2025-07-06 20:43:42,592 camera.py, line 82, ERROR:read:读取图像错误!!!!
2025-07-06 20:43:42,726 camera.py, line 82, ERROR:read:读取图像错误!!!!
2025-07-06 20:43:42,863 camera.py, line 82, ERROR:read:读取图像错误!!!!
2025-07-06 20:43:42,992 camera.py, line 82, ERROR:read:读取图像错误!!!!
2025-07-06 20:43:43,129 camera.py, line 82, ERROR:read:读取图像错误!!!!
2025-07-06 20:43:43,265 camera.py, line 82, ERROR:read:读取图像错误!!!!
2025-07-06 20:43:43,408 camera.py, line 82, ERROR:read:读取图像错误!!!!
2025-07-06 20:43:43,548 camera.py, line 82, ERROR:read:读取图像错误!!!!
2025-07-06 20:43:43,674 camera.py, line 82, ERROR:read:读取图像错误!!!!
2025-07-06 20:43:43,818 camera.py, line 82, ERROR:read:读取图像错误!!!!
2025-07-06 20:43:43,968 camera.py, line 82, ERROR:read:读取图像错误!!!!
2025-07-06 20:43:44,117 camera.py, line 82, ERROR:read:读取图像错误!!!!
2025-07-06 20:43:44,260 camera.py, line 82, ERROR:read:读取图像错误!!!!
2025-07-06 20:43:44,407 camera.py, line 82, ERROR:read:读取图像错误!!!!
2025-07-06 20:43:44,552 camera.py, line 82, ERROR:read:读取图像错误!!!!
2025-07-06 20:43:44,695 camera.py, line 82, ERROR:read:读取图像错误!!!!
2025-07-06 20:43:44,832 camera.py, line 82, ERROR:read:读取图像错误!!!!
2025-07-06 20:43:44,969 camera.py, line 82, ERROR:read:读取图像错误!!!!
2025-07-06 20:43:45,160 camera.py, line 82, ERROR:read:读取图像错误!!!!
2025-07-06 20:43:45,292 camera.py, line 82, ERROR:read:读取图像错误!!!!
2025-07-06 20:43:45,429 camera.py, line 82, ERROR:read:读取图像错误!!!!
2025-07-06 20:43:45,584 camera.py, line 82, ERROR:read:读取图像错误!!!!
2025-07-06 20:43:45,725 camera.py, line 82, ERROR:read:读取图像错误!!!!
2025-07-06 20:43:45,865 camera.py, line 82, ERROR:read:读取图像错误!!!!
2025-07-06 20:43:45,991 camera.py, line 82, ERROR:read:读取图像错误!!!!
2025-07-06 20:43:46,118 camera.py, line 82, ERROR:read:读取图像错误!!!!
2025-07-06 20:43:46,254 camera.py, line 82, ERROR:read:读取图像错误!!!!
2025-07-06 20:43:46,388 camera.py, line 82, ERROR:read:读取图像错误!!!!
2025-07-06 20:43:46,527 camera.py, line 82, ERROR:read:读取图像错误!!!!
2025-07-06 20:43:46,664 camera.py, line 82, ERROR:read:读取图像错误!!!!
2025-07-06 20:43:46,852 camera.py, line 82, ERROR:read:读取图像错误!!!!
2025-07-06 20:43:47,020 camera.py, line 82, ERROR:read:读取图像错误!!!!
2025-07-06 20:43:47,173 camera.py, line 82, ERROR:read:读取图像错误!!!!
2025-07-06 20:43:47,321 camera.py, line 82, ERROR:read:读取图像错误!!!!
2025-07-06 20:43:47,488 camera.py, line 82, ERROR:read:读取图像错误!!!!
2025-07-06 20:43:47,631 camera.py, line 82, ERROR:read:读取图像错误!!!!
2025-07-06 20:43:47,763 camera.py, line 82, ERROR:read:读取图像错误!!!!
2025-07-06 20:43:47,926 camera.py, line 82, ERROR:read:读取图像错误!!!!
2025-07-06 20:43:48,071 camera.py, line 82, ERROR:read:读取图像错误!!!!
2025-07-06 20:43:48,215 camera.py, line 82, ERROR:read:读取图像错误!!!!
2025-07-06 20:43:48,350 camera.py, line 82, ERROR:read:读取图像错误!!!!
2025-07-06 20:43:48,507 camera.py, line 82, ERROR:read:读取图像错误!!!!
2025-07-06 20:43:48,662 camera.py, line 82, ERROR:read:读取图像错误!!!!
2025-07-06 20:43:48,817 camera.py, line 82, ERROR:read:读取图像错误!!!!
2025-07-06 20:43:48,976 camera.py, line 82, ERROR:read:读取图像错误!!!!
2025-07-06 20:43:49,134 camera.py, line 82, ERROR:read:读取图像错误!!!!
2025-07-06 20:43:49,289 camera.py, line 82, ERROR:read:读取图像错误!!!!
2025-07-06 20:43:49,438 camera.py, line 82, ERROR:read:读取图像错误!!!!
2025-07-06 20:43:49,592 camera.py, line 82, ERROR:read:读取图像错误!!!!
2025-07-06 20:43:49,750 camera.py, line 82, ERROR:read:读取图像错误!!!!
2025-07-06 20:43:49,910 camera.py, line 82, ERROR:read:读取图像错误!!!!
2025-07-06 20:52:46,080 camera.py, line 82, ERROR:read:读取图像错误!!!!
2025-07-06 20:52:47,268 camera.py, line 82, ERROR:read:读取图像错误!!!!
2025-07-06 20:52:48,438 camera.py, line 82, ERROR:read:读取图像错误!!!!
2025-07-06 20:52:49,687 camera.py, line 82, ERROR:read:读取图像错误!!!!
2025-07-06 20:52:50,854 camera.py, line 82, ERROR:read:读取图像错误!!!!
2025-07-06 20:54:25,824 camera.py, line 82, ERROR:read:读取图像错误!!!!
2025-07-06 20:54:26,997 camera.py, line 82, ERROR:read:读取图像错误!!!!
2025-07-06 21:38:26,303 camera.py, line 82, ERROR:read:读取图像错误!!!!
2025-07-06 21:38:27,424 camera.py, line 82, ERROR:read:读取图像错误!!!!
2025-07-06 21:38:28,666 camera.py, line 82, ERROR:read:读取图像错误!!!!
2025-07-06 21:38:29,837 camera.py, line 82, ERROR:read:读取图像错误!!!!
2025-07-06 21:38:49,216 camera.py, line 82, ERROR:read:读取图像错误!!!!
2025-07-06 21:38:50,011 camera.py, line 82, ERROR:read:读取图像错误!!!!
2025-07-06 21:38:50,843 camera.py, line 82, ERROR:read:读取图像错误!!!!
2025-07-06 21:39:27,056 camera.py, line 82, ERROR:read:读取图像错误!!!!
2025-07-06 21:39:27,880 camera.py, line 82, ERROR:read:读取图像错误!!!!
2025-07-06 21:39:28,761 camera.py, line 82, ERROR:read:读取图像错误!!!!
2025-07-06 21:39:29,630 camera.py, line 82, ERROR:read:读取图像错误!!!!
2025-07-06 21:39:30,436 camera.py, line 82, ERROR:read:读取图像错误!!!!
2025-07-06 21:39:31,326 camera.py, line 82, ERROR:read:读取图像错误!!!!
2025-07-06 21:39:32,192 camera.py, line 82, ERROR:read:读取图像错误!!!!
2025-07-06 21:39:33,028 camera.py, line 82, ERROR:read:读取图像错误!!!!
2025-07-06 21:39:33,897 camera.py, line 82, ERROR:read:读取图像错误!!!!
2025-07-06 21:39:34,764 camera.py, line 82, ERROR:read:读取图像错误!!!!
2025-07-06 21:39:35,630 camera.py, line 82, ERROR:read:读取图像错误!!!!
2025-07-06 21:39:36,502 camera.py, line 82, ERROR:read:读取图像错误!!!!
2025-07-06 21:39:37,399 camera.py, line 82, ERROR:read:读取图像错误!!!!
2025-07-06 21:39:38,296 camera.py, line 82, ERROR:read:读取图像错误!!!!
2025-07-06 21:39:39,090 camera.py, line 82, ERROR:read:读取图像错误!!!!
2025-07-06 21:39:39,897 camera.py, line 82, ERROR:read:读取图像错误!!!!
2025-07-06 21:39:40,725 camera.py, line 82, ERROR:read:读取图像错误!!!!
2025-07-06 21:39:41,522 camera.py, line 82, ERROR:read:读取图像错误!!!!
2025-07-06 21:41:15,050 camera.py, line 82, ERROR:read:读取图像错误!!!!
2025-07-06 21:41:15,055 camera.py, line 82, ERROR:read:读取图像错误!!!!
2025-07-06 21:41:15,060 camera.py, line 82, ERROR:read:读取图像错误!!!!
2025-07-06 21:41:15,064 camera.py, line 82, ERROR:read:读取图像错误!!!!
2025-07-06 21:41:15,068 camera.py, line 82, ERROR:read:读取图像错误!!!!
2025-07-06 21:41:15,072 camera.py, line 82, ERROR:read:读取图像错误!!!!
2025-07-06 21:41:15,076 camera.py, line 82, ERROR:read:读取图像错误!!!!
2025-07-06 21:41:15,079 camera.py, line 82, ERROR:read:读取图像错误!!!!
2025-07-06 21:41:15,083 camera.py, line 82, ERROR:read:读取图像错误!!!!
2025-07-06 21:41:15,088 camera.py, line 82, ERROR:read:读取图像错误!!!!
2025-07-06 21:41:15,091 camera.py, line 82, ERROR:read:读取图像错误!!!!
2025-07-06 21:41:15,095 camera.py, line 82, ERROR:read:读取图像错误!!!!
2025-07-06 21:41:15,099 camera.py, line 82, ERROR:read:读取图像错误!!!!
2025-07-06 21:41:15,103 camera.py, line 82, ERROR:read:读取图像错误!!!!
2025-07-06 21:41:15,106 camera.py, line 82, ERROR:read:读取图像错误!!!!
2025-07-06 21:41:15,109 camera.py, line 82, ERROR:read:读取图像错误!!!!
2025-07-06 21:41:15,113 camera.py, line 82, ERROR:read:读取图像错误!!!!
2025-07-06 21:41:15,116 camera.py, line 82, ERROR:read:读取图像错误!!!!
2025-07-06 21:41:15,121 camera.py, line 82, ERROR:read:读取图像错误!!!!
2025-07-06 21:41:15,124 camera.py, line 82, ERROR:read:读取图像错误!!!!
2025-07-06 21:41:15,127 camera.py, line 82, ERROR:read:读取图像错误!!!!
2025-07-06 21:41:15,131 camera.py, line 82, ERROR:read:读取图像错误!!!!
2025-07-06 21:41:15,135 camera.py, line 82, ERROR:read:读取图像错误!!!!
2025-07-06 21:41:15,139 camera.py, line 82, ERROR:read:读取图像错误!!!!
2025-07-06 21:41:15,142 camera.py, line 82, ERROR:read:读取图像错误!!!!
2025-07-06 21:41:15,145 camera.py, line 82, ERROR:read:读取图像错误!!!!
2025-07-06 21:41:15,148 camera.py, line 82, ERROR:read:读取图像错误!!!!
2025-07-06 21:41:15,154 camera.py, line 82, ERROR:read:读取图像错误!!!!
2025-07-06 21:41:15,157 camera.py, line 82, ERROR:read:读取图像错误!!!!
2025-07-06 21:41:15,161 camera.py, line 82, ERROR:read:读取图像错误!!!!
2025-07-06 21:41:15,165 camera.py, line 82, ERROR:read:读取图像错误!!!!
2025-07-06 21:41:15,169 camera.py, line 82, ERROR:read:读取图像错误!!!!
2025-07-06 21:41:15,172 camera.py, line 82, ERROR:read:读取图像错误!!!!
2025-07-06 21:41:15,176 camera.py, line 82, ERROR:read:读取图像错误!!!!
2025-07-06 21:41:15,179 camera.py, line 82, ERROR:read:读取图像错误!!!!
2025-07-06 21:41:15,183 camera.py, line 82, ERROR:read:读取图像错误!!!!
2025-07-06 21:41:15,186 camera.py, line 82, ERROR:read:读取图像错误!!!!
2025-07-06 21:41:15,190 camera.py, line 82, ERROR:read:读取图像错误!!!!
2025-07-06 21:41:15,193 camera.py, line 82, ERROR:read:读取图像错误!!!!
2025-07-06 21:41:15,196 camera.py, line 82, ERROR:read:读取图像错误!!!!
2025-07-06 21:41:15,200 camera.py, line 82, ERROR:read:读取图像错误!!!!
2025-07-06 21:41:15,204 camera.py, line 82, ERROR:read:读取图像错误!!!!
2025-07-06 21:41:15,207 camera.py, line 82, ERROR:read:读取图像错误!!!!
2025-07-06 21:41:15,211 camera.py, line 82, ERROR:read:读取图像错误!!!!
2025-07-06 21:41:15,215 camera.py, line 82, ERROR:read:读取图像错误!!!!
2025-07-06 21:41:15,219 camera.py, line 82, ERROR:read:读取图像错误!!!!
2025-07-06 21:41:15,223 camera.py, line 82, ERROR:read:读取图像错误!!!!
2025-07-06 21:41:15,226 camera.py, line 82, ERROR:read:读取图像错误!!!!
2025-07-06 21:41:15,229 camera.py, line 82, ERROR:read:读取图像错误!!!!
2025-07-06 21:41:15,233 camera.py, line 82, ERROR:read:读取图像错误!!!!
2025-07-06 21:41:15,237 camera.py, line 82, ERROR:read:读取图像错误!!!!
2025-07-06 21:41:15,240 camera.py, line 82, ERROR:read:读取图像错误!!!!
2025-07-06 21:41:15,243 camera.py, line 82, ERROR:read:读取图像错误!!!!
2025-07-06 21:41:15,247 camera.py, line 82, ERROR:read:读取图像错误!!!!
2025-07-06 21:41:15,250 camera.py, line 82, ERROR:read:读取图像错误!!!!
2025-07-06 21:41:15,255 camera.py, line 82, ERROR:read:读取图像错误!!!!
2025-07-06 21:41:15,258 camera.py, line 82, ERROR:read:读取图像错误!!!!
2025-07-06 21:41:15,261 camera.py, line 82, ERROR:read:读取图像错误!!!!
2025-07-06 21:41:15,264 camera.py, line 82, ERROR:read:读取图像错误!!!!
2025-07-06 21:41:15,269 camera.py, line 82, ERROR:read:读取图像错误!!!!
2025-07-06 21:41:15,272 camera.py, line 82, ERROR:read:读取图像错误!!!!
2025-07-06 21:41:15,277 camera.py, line 82, ERROR:read:读取图像错误!!!!
2025-07-06 21:41:15,279 camera.py, line 82, ERROR:read:读取图像错误!!!!
2025-07-06 21:41:15,283 camera.py, line 82, ERROR:read:读取图像错误!!!!
2025-07-06 21:41:15,287 camera.py, line 82, ERROR:read:读取图像错误!!!!
2025-07-06 21:41:15,290 camera.py, line 82, ERROR:read:读取图像错误!!!!
2025-07-06 21:41:15,293 camera.py, line 82, ERROR:read:读取图像错误!!!!
2025-07-06 21:41:15,296 camera.py, line 82, ERROR:read:读取图像错误!!!!
2025-07-06 21:41:15,300 camera.py, line 82, ERROR:read:读取图像错误!!!!
2025-07-06 21:41:15,304 camera.py, line 82, ERROR:read:读取图像错误!!!!
2025-07-06 21:41:15,308 camera.py, line 82, ERROR:read:读取图像错误!!!!
2025-07-06 21:41:15,311 camera.py, line 82, ERROR:read:读取图像错误!!!!
2025-07-06 21:41:15,314 camera.py, line 82, ERROR:read:读取图像错误!!!!
2025-07-06 21:41:15,318 camera.py, line 82, ERROR:read:读取图像错误!!!!
2025-07-06 21:41:15,321 camera.py, line 82, ERROR:read:读取图像错误!!!!
2025-07-06 21:41:15,325 camera.py, line 82, ERROR:read:读取图像错误!!!!
2025-07-06 21:41:15,328 camera.py, line 82, ERROR:read:读取图像错误!!!!
2025-07-06 21:41:15,332 camera.py, line 82, ERROR:read:读取图像错误!!!!
2025-07-06 21:41:15,336 camera.py, line 82, ERROR:read:读取图像错误!!!!
2025-07-06 21:41:15,339 camera.py, line 82, ERROR:read:读取图像错误!!!!
2025-07-06 21:41:15,343 camera.py, line 82, ERROR:read:读取图像错误!!!!
2025-07-06 21:41:15,346 camera.py, line 82, ERROR:read:读取图像错误!!!!
2025-07-06 21:41:15,350 camera.py, line 82, ERROR:read:读取图像错误!!!!
2025-07-06 21:41:15,354 camera.py, line 82, ERROR:read:读取图像错误!!!!
2025-07-06 21:41:15,357 camera.py, line 82, ERROR:read:读取图像错误!!!!
2025-07-06 21:41:15,361 camera.py, line 82, ERROR:read:读取图像错误!!!!
2025-07-06 21:41:15,363 camera.py, line 82, ERROR:read:读取图像错误!!!!
2025-07-06 21:41:15,368 camera.py, line 82, ERROR:read:读取图像错误!!!!
2025-07-06 21:41:15,372 camera.py, line 82, ERROR:read:读取图像错误!!!!
2025-07-06 21:41:15,375 camera.py, line 82, ERROR:read:读取图像错误!!!!
2025-07-06 21:41:15,378 camera.py, line 82, ERROR:read:读取图像错误!!!!
2025-07-06 21:41:15,382 camera.py, line 82, ERROR:read:读取图像错误!!!!
2025-07-06 21:41:15,386 camera.py, line 82, ERROR:read:读取图像错误!!!!
2025-07-06 21:41:15,389 camera.py, line 82, ERROR:read:读取图像错误!!!!
2025-07-06 21:41:15,392 camera.py, line 82, ERROR:read:读取图像错误!!!!
2025-07-06 21:41:15,396 camera.py, line 82, ERROR:read:读取图像错误!!!!
2025-07-06 21:41:15,400 camera.py, line 82, ERROR:read:读取图像错误!!!!
2025-07-06 21:41:15,404 camera.py, line 82, ERROR:read:读取图像错误!!!!
2025-07-06 21:41:15,407 camera.py, line 82, ERROR:read:读取图像错误!!!!
2025-07-06 21:41:15,410 camera.py, line 82, ERROR:read:读取图像错误!!!!
2025-07-06 21:41:15,414 camera.py, line 82, ERROR:read:读取图像错误!!!!
2025-07-06 21:41:15,417 camera.py, line 82, ERROR:read:读取图像错误!!!!
2025-07-06 21:41:15,421 camera.py, line 82, ERROR:read:读取图像错误!!!!
2025-07-06 21:41:15,424 camera.py, line 82, ERROR:read:读取图像错误!!!!
2025-07-06 21:41:15,428 camera.py, line 82, ERROR:read:读取图像错误!!!!
2025-07-06 21:41:15,432 camera.py, line 82, ERROR:read:读取图像错误!!!!
2025-07-06 21:41:15,436 camera.py, line 82, ERROR:read:读取图像错误!!!!
2025-07-06 21:41:15,440 camera.py, line 82, ERROR:read:读取图像错误!!!!
2025-07-06 21:41:15,444 camera.py, line 82, ERROR:read:读取图像错误!!!!
2025-07-06 21:41:15,447 camera.py, line 82, ERROR:read:读取图像错误!!!!
2025-07-06 21:41:15,452 camera.py, line 82, ERROR:read:读取图像错误!!!!
2025-07-06 21:41:15,456 camera.py, line 82, ERROR:read:读取图像错误!!!!
2025-07-06 21:41:15,460 camera.py, line 82, ERROR:read:读取图像错误!!!!
2025-07-06 21:41:15,464 camera.py, line 82, ERROR:read:读取图像错误!!!!
2025-07-06 21:41:15,469 camera.py, line 82, ERROR:read:读取图像错误!!!!
2025-07-06 21:41:15,473 camera.py, line 82, ERROR:read:读取图像错误!!!!
2025-07-06 21:41:15,476 camera.py, line 82, ERROR:read:读取图像错误!!!!
2025-07-06 21:41:15,479 camera.py, line 82, ERROR:read:读取图像错误!!!!
2025-07-06 21:41:15,484 camera.py, line 82, ERROR:read:读取图像错误!!!!
2025-07-06 21:41:15,488 camera.py, line 82, ERROR:read:读取图像错误!!!!
2025-07-06 21:41:15,491 camera.py, line 82, ERROR:read:读取图像错误!!!!
2025-07-06 21:41:15,494 camera.py, line 82, ERROR:read:读取图像错误!!!!
2025-07-06 21:41:15,498 camera.py, line 82, ERROR:read:读取图像错误!!!!
2025-07-06 21:41:15,502 camera.py, line 82, ERROR:read:读取图像错误!!!!
2025-07-06 21:41:15,505 camera.py, line 82, ERROR:read:读取图像错误!!!!
2025-07-06 21:41:15,509 camera.py, line 82, ERROR:read:读取图像错误!!!!
2025-07-06 21:41:15,512 camera.py, line 82, ERROR:read:读取图像错误!!!!
2025-07-06 21:41:15,516 camera.py, line 82, ERROR:read:读取图像错误!!!!
2025-07-06 21:41:15,519 camera.py, line 82, ERROR:read:读取图像错误!!!!
2025-07-06 21:41:15,523 camera.py, line 82, ERROR:read:读取图像错误!!!!
2025-07-06 21:41:15,526 camera.py, line 82, ERROR:read:读取图像错误!!!!
2025-07-06 21:41:15,529 camera.py, line 82, ERROR:read:读取图像错误!!!!
2025-07-06 21:41:15,533 camera.py, line 82, ERROR:read:读取图像错误!!!!
2025-07-06 21:41:15,537 camera.py, line 82, ERROR:read:读取图像错误!!!!
2025-07-06 21:41:15,540 camera.py, line 82, ERROR:read:读取图像错误!!!!
2025-07-06 21:41:15,543 camera.py, line 82, ERROR:read:读取图像错误!!!!
2025-07-06 21:41:15,547 camera.py, line 82, ERROR:read:读取图像错误!!!!
2025-07-06 21:41:15,550 camera.py, line 82, ERROR:read:读取图像错误!!!!
2025-07-06 21:41:15,558 camera.py, line 82, ERROR:read:读取图像错误!!!!
2025-07-06 21:41:15,636 camera.py, line 82, ERROR:read:读取图像错误!!!!
2025-07-06 21:41:15,745 camera.py, line 82, ERROR:read:读取图像错误!!!!
2025-07-06 21:41:15,840 camera.py, line 82, ERROR:read:读取图像错误!!!!
2025-07-06 21:41:15,892 camera.py, line 82, ERROR:read:读取图像错误!!!!
2025-07-06 21:41:15,978 camera.py, line 82, ERROR:read:读取图像错误!!!!
2025-07-06 21:41:16,070 camera.py, line 82, ERROR:read:读取图像错误!!!!
2025-07-06 21:41:16,151 camera.py, line 82, ERROR:read:读取图像错误!!!!
2025-07-06 21:41:16,250 camera.py, line 82, ERROR:read:读取图像错误!!!!
2025-07-06 21:41:16,344 camera.py, line 82, ERROR:read:读取图像错误!!!!
2025-07-06 21:41:16,407 camera.py, line 82, ERROR:read:读取图像错误!!!!
2025-07-06 21:41:16,499 camera.py, line 82, ERROR:read:读取图像错误!!!!
2025-07-06 21:41:16,563 camera.py, line 82, ERROR:read:读取图像错误!!!!
2025-07-06 21:41:16,629 camera.py, line 82, ERROR:read:读取图像错误!!!!
2025-07-06 21:41:16,701 camera.py, line 82, ERROR:read:读取图像错误!!!!
2025-07-06 21:41:16,765 camera.py, line 82, ERROR:read:读取图像错误!!!!
2025-07-06 21:41:16,825 camera.py, line 82, ERROR:read:读取图像错误!!!!
2025-07-06 21:41:16,898 camera.py, line 82, ERROR:read:读取图像错误!!!!
2025-07-06 21:41:16,965 camera.py, line 82, ERROR:read:读取图像错误!!!!
2025-07-06 21:41:17,042 camera.py, line 82, ERROR:read:读取图像错误!!!!
2025-07-06 21:41:17,102 camera.py, line 82, ERROR:read:读取图像错误!!!!
2025-07-06 21:41:17,179 camera.py, line 82, ERROR:read:读取图像错误!!!!
2025-07-06 21:41:17,247 camera.py, line 82, ERROR:read:读取图像错误!!!!
2025-07-06 21:41:17,302 camera.py, line 82, ERROR:read:读取图像错误!!!!
2025-07-06 21:41:17,375 camera.py, line 82, ERROR:read:读取图像错误!!!!
2025-07-06 21:41:17,423 camera.py, line 82, ERROR:read:读取图像错误!!!!
2025-07-06 21:41:17,428 camera.py, line 82, ERROR:read:读取图像错误!!!!
2025-07-06 21:41:17,433 camera.py, line 82, ERROR:read:读取图像错误!!!!
2025-07-06 21:41:17,438 camera.py, line 82, ERROR:read:读取图像错误!!!!
