2025-07-06 15:46:56,967 serial_wrap.py, line 123, INFO:try:COM4 - USB-SERIAL CH340 (COM4)
2025-07-06 15:46:57,425 serial_wrap.py, line 324, ERROR:get_anwser timeout 
2025-07-06 15:46:57,439 serial_wrap.py, line 267, INFO:is mc602
2025-07-06 15:46:57,439 serial_wrap.py, line 268, INFO:load program
2025-07-06 15:46:59,259 serial_wrap.py, line 63, INFO:port is COM4, controller is mc602, mode USB
2025-07-06 15:46:59,305 controller_wrap.py, line 31, INFO:dev_name:mc602
2025-07-06 15:46:59,321 chedipan_control.py, line 24, INFO:使用msvcrt键盘库
2025-07-06 15:46:59,321 chedipan_control.py, line 40, INFO:初始化车辆控制...
2025-07-06 15:46:59,326 vehicle_base.py, line 302, INFO:MecanumChassis
2025-07-06 15:46:59,326 vehicle_base.py, line 191, INFO:mecanum init
2025-07-06 15:46:59,328 chedipan_control.py, line 49, INFO:硬件键盘初始化成功
2025-07-06 15:46:59,328 chedipan_control.py, line 91, INFO:车辆控制初始化完成
2025-07-06 15:46:59,329 chedipan_control.py, line 358, INFO:开始简单键盘控制模式
2025-07-06 15:46:59,329 chedipan_control.py, line 359, INFO:控制说明:
2025-07-06 15:46:59,329 chedipan_control.py, line 360, INFO:W/↑: 前进
2025-07-06 15:46:59,330 chedipan_control.py, line 361, INFO:S/↓: 后退
2025-07-06 15:46:59,330 chedipan_control.py, line 362, INFO:A/←: 左转
2025-07-06 15:46:59,331 chedipan_control.py, line 363, INFO:D/→: 右转
2025-07-06 15:46:59,331 chedipan_control.py, line 364, INFO:Q: 退出
2025-07-06 15:46:59,331 chedipan_control.py, line 365, INFO:请确保控制台窗口处于活动状态
2025-07-06 15:46:59,497 chedipan_control.py, line 376, INFO:检测到按键: b'w'
2025-07-06 15:46:59,563 chedipan_control.py, line 382, INFO:前进
2025-07-06 15:47:00,992 chedipan_control.py, line 376, INFO:检测到按键: b'w'
2025-07-06 15:47:01,057 chedipan_control.py, line 382, INFO:前进
2025-07-06 15:47:02,180 chedipan_control.py, line 376, INFO:检测到按键: b'w'
2025-07-06 15:47:02,245 chedipan_control.py, line 382, INFO:前进
2025-07-06 15:47:03,319 chedipan_control.py, line 376, INFO:检测到按键: b'w'
2025-07-06 15:47:03,383 chedipan_control.py, line 382, INFO:前进
2025-07-06 15:47:04,461 chedipan_control.py, line 376, INFO:检测到按键: b'w'
2025-07-06 15:47:04,526 chedipan_control.py, line 382, INFO:前进
2025-07-06 15:47:04,990 chedipan_control.py, line 376, INFO:检测到按键: b'w'
2025-07-06 15:47:05,054 chedipan_control.py, line 382, INFO:前进
2025-07-06 15:47:05,211 chedipan_control.py, line 376, INFO:检测到按键: b'w'
2025-07-06 15:47:05,277 chedipan_control.py, line 382, INFO:前进
2025-07-06 15:47:06,503 chedipan_control.py, line 376, INFO:检测到按键: b's'
2025-07-06 15:47:06,567 chedipan_control.py, line 386, INFO:后退
2025-07-06 15:47:07,641 chedipan_control.py, line 376, INFO:检测到按键: b'd'
2025-07-06 15:47:07,705 chedipan_control.py, line 394, INFO:右转
2025-07-06 15:47:08,168 chedipan_control.py, line 376, INFO:检测到按键: b'd'
2025-07-06 15:47:08,232 chedipan_control.py, line 394, INFO:右转
2025-07-06 15:47:08,389 chedipan_control.py, line 376, INFO:检测到按键: b'd'
2025-07-06 15:47:08,455 chedipan_control.py, line 394, INFO:右转
2025-07-06 15:47:08,612 chedipan_control.py, line 376, INFO:检测到按键: b'd'
2025-07-06 15:47:08,679 chedipan_control.py, line 394, INFO:右转
2025-07-06 15:47:08,836 chedipan_control.py, line 376, INFO:检测到按键: b'd'
2025-07-06 15:47:08,902 chedipan_control.py, line 394, INFO:右转
2025-07-06 15:47:09,058 chedipan_control.py, line 376, INFO:检测到按键: b'd'
2025-07-06 15:47:09,125 chedipan_control.py, line 394, INFO:右转
2025-07-06 15:47:09,282 chedipan_control.py, line 376, INFO:检测到按键: b'd'
2025-07-06 15:47:09,349 chedipan_control.py, line 394, INFO:右转
2025-07-06 15:47:09,507 chedipan_control.py, line 376, INFO:检测到按键: b'd'
2025-07-06 15:47:09,573 chedipan_control.py, line 394, INFO:右转
2025-07-06 15:47:09,729 chedipan_control.py, line 376, INFO:检测到按键: b'd'
2025-07-06 15:47:09,794 chedipan_control.py, line 394, INFO:右转
2025-07-06 15:47:09,949 chedipan_control.py, line 376, INFO:检测到按键: b'd'
2025-07-06 15:47:10,014 chedipan_control.py, line 394, INFO:右转
2025-07-06 15:47:10,169 chedipan_control.py, line 376, INFO:检测到按键: b'd'
2025-07-06 15:47:10,234 chedipan_control.py, line 394, INFO:右转
2025-07-06 15:47:10,390 chedipan_control.py, line 376, INFO:检测到按键: b'd'
2025-07-06 15:47:10,454 chedipan_control.py, line 394, INFO:右转
2025-07-06 15:47:10,610 chedipan_control.py, line 376, INFO:检测到按键: b'd'
2025-07-06 15:47:10,674 chedipan_control.py, line 394, INFO:右转
2025-07-06 15:47:10,832 chedipan_control.py, line 376, INFO:检测到按键: b'd'
2025-07-06 15:47:10,895 chedipan_control.py, line 394, INFO:右转
2025-07-06 15:47:11,053 chedipan_control.py, line 376, INFO:检测到按键: b'd'
2025-07-06 15:47:11,119 chedipan_control.py, line 394, INFO:右转
2025-07-06 15:47:11,276 chedipan_control.py, line 376, INFO:检测到按键: b'd'
2025-07-06 15:47:11,340 chedipan_control.py, line 394, INFO:右转
2025-07-06 15:47:11,497 chedipan_control.py, line 376, INFO:检测到按键: b'd'
2025-07-06 15:47:11,561 chedipan_control.py, line 394, INFO:右转
2025-07-06 15:47:11,717 chedipan_control.py, line 376, INFO:检测到按键: b'd'
2025-07-06 15:47:11,784 chedipan_control.py, line 394, INFO:右转
2025-07-06 15:47:11,939 chedipan_control.py, line 376, INFO:检测到按键: b'd'
2025-07-06 15:47:12,006 chedipan_control.py, line 394, INFO:右转
2025-07-06 15:47:12,162 chedipan_control.py, line 376, INFO:检测到按键: b'd'
2025-07-06 15:47:12,227 chedipan_control.py, line 394, INFO:右转
2025-07-06 15:47:12,384 chedipan_control.py, line 376, INFO:检测到按键: b'a'
2025-07-06 15:47:12,450 chedipan_control.py, line 390, INFO:左转
2025-07-06 15:47:13,771 chedipan_control.py, line 376, INFO:检测到按键: b'a'
2025-07-06 15:47:13,833 chedipan_control.py, line 390, INFO:左转
2025-07-06 15:49:04,538 chedipan_control.py, line 411, INFO:收到键盘中断信号
2025-07-06 15:49:04,538 chedipan_control.py, line 425, INFO:清理资源...
2025-07-06 15:49:04,544 chedipan_control.py, line 428, INFO:资源清理完成
2025-07-06 15:53:16,490 serial_wrap.py, line 123, INFO:try:COM4 - USB-SERIAL CH340 (COM4)
2025-07-06 15:53:16,561 serial_wrap.py, line 63, INFO:port is COM4, controller is mc602, mode USB
2025-07-06 15:53:16,592 controller_wrap.py, line 31, INFO:dev_name:mc602
2025-07-06 15:53:24,669 serial_wrap.py, line 123, INFO:try:COM4 - USB-SERIAL CH340 (COM4)
2025-07-06 15:53:24,739 serial_wrap.py, line 63, INFO:port is COM4, controller is mc602, mode USB
2025-07-06 15:53:24,776 controller_wrap.py, line 31, INFO:dev_name:mc602
2025-07-06 15:53:47,328 serial_wrap.py, line 123, INFO:try:COM4 - USB-SERIAL CH340 (COM4)
2025-07-06 15:53:47,404 serial_wrap.py, line 63, INFO:port is COM4, controller is mc602, mode USB
2025-07-06 15:53:47,441 controller_wrap.py, line 31, INFO:dev_name:mc602
2025-07-06 15:54:55,129 serial_wrap.py, line 123, INFO:try:COM4 - USB-SERIAL CH340 (COM4)
2025-07-06 15:54:55,207 serial_wrap.py, line 63, INFO:port is COM4, controller is mc602, mode USB
2025-07-06 15:54:55,215 controller_wrap.py, line 31, INFO:dev_name:mc602
2025-07-06 15:54:55,241 arm_base.py, line 256, INFO:change side to 1
2025-07-06 16:04:20,042 serial_wrap.py, line 123, INFO:try:COM4 - USB-SERIAL CH340 (COM4)
2025-07-06 16:04:20,123 serial_wrap.py, line 63, INFO:port is COM4, controller is mc602, mode USB
2025-07-06 16:04:20,161 controller_wrap.py, line 31, INFO:dev_name:mc602
2025-07-06 16:04:20,318 camera.py, line 82, ERROR:read:读取图像错误!!!!
2025-07-06 16:04:20,329 camera.py, line 82, ERROR:read:读取图像错误!!!!
2025-07-06 16:04:20,335 camera.py, line 82, ERROR:read:读取图像错误!!!!
2025-07-06 16:04:20,342 camera.py, line 82, ERROR:read:读取图像错误!!!!
2025-07-06 16:04:20,348 camera.py, line 82, ERROR:read:读取图像错误!!!!
2025-07-06 16:04:20,354 camera.py, line 82, ERROR:read:读取图像错误!!!!
2025-07-06 16:04:20,360 camera.py, line 82, ERROR:read:读取图像错误!!!!
2025-07-06 16:04:20,366 camera.py, line 82, ERROR:read:读取图像错误!!!!
2025-07-06 16:04:20,373 camera.py, line 82, ERROR:read:读取图像错误!!!!
2025-07-06 16:04:20,379 camera.py, line 82, ERROR:read:读取图像错误!!!!
2025-07-06 16:04:20,386 camera.py, line 82, ERROR:read:读取图像错误!!!!
2025-07-06 16:04:20,392 camera.py, line 82, ERROR:read:读取图像错误!!!!
2025-07-06 16:04:20,398 camera.py, line 82, ERROR:read:读取图像错误!!!!
2025-07-06 16:04:20,404 camera.py, line 82, ERROR:read:读取图像错误!!!!
2025-07-06 16:04:20,410 camera.py, line 82, ERROR:read:读取图像错误!!!!
2025-07-06 16:04:20,417 camera.py, line 82, ERROR:read:读取图像错误!!!!
2025-07-06 16:04:20,423 camera.py, line 82, ERROR:read:读取图像错误!!!!
2025-07-06 16:04:20,429 camera.py, line 82, ERROR:read:读取图像错误!!!!
2025-07-06 16:04:20,435 camera.py, line 82, ERROR:read:读取图像错误!!!!
2025-07-06 16:04:20,441 camera.py, line 82, ERROR:read:读取图像错误!!!!
2025-07-06 16:04:20,448 camera.py, line 82, ERROR:read:读取图像错误!!!!
2025-07-06 16:04:20,453 camera.py, line 82, ERROR:read:读取图像错误!!!!
2025-07-06 16:04:20,459 camera.py, line 82, ERROR:read:读取图像错误!!!!
2025-07-06 16:04:20,465 camera.py, line 82, ERROR:read:读取图像错误!!!!
2025-07-06 16:04:20,471 camera.py, line 82, ERROR:read:读取图像错误!!!!
2025-07-06 16:04:20,477 camera.py, line 82, ERROR:read:读取图像错误!!!!
2025-07-06 16:04:20,483 camera.py, line 82, ERROR:read:读取图像错误!!!!
2025-07-06 16:04:20,487 camera.py, line 82, ERROR:read:读取图像错误!!!!
2025-07-06 16:04:20,494 camera.py, line 82, ERROR:read:读取图像错误!!!!
2025-07-06 16:04:20,499 camera.py, line 82, ERROR:read:读取图像错误!!!!
2025-07-06 16:04:20,504 camera.py, line 82, ERROR:read:读取图像错误!!!!
2025-07-06 16:04:20,511 camera.py, line 82, ERROR:read:读取图像错误!!!!
2025-07-06 16:04:20,516 camera.py, line 82, ERROR:read:读取图像错误!!!!
2025-07-06 16:04:20,522 camera.py, line 82, ERROR:read:读取图像错误!!!!
2025-07-06 16:04:20,528 camera.py, line 82, ERROR:read:读取图像错误!!!!
2025-07-06 16:04:20,534 camera.py, line 82, ERROR:read:读取图像错误!!!!
2025-07-06 16:04:20,539 camera.py, line 82, ERROR:read:读取图像错误!!!!
2025-07-06 16:04:20,545 camera.py, line 82, ERROR:read:读取图像错误!!!!
2025-07-06 16:04:20,550 camera.py, line 82, ERROR:read:读取图像错误!!!!
2025-07-06 16:04:20,556 camera.py, line 82, ERROR:read:读取图像错误!!!!
2025-07-06 16:04:20,563 camera.py, line 82, ERROR:read:读取图像错误!!!!
2025-07-06 16:04:20,568 camera.py, line 82, ERROR:read:读取图像错误!!!!
2025-07-06 16:04:20,573 camera.py, line 82, ERROR:read:读取图像错误!!!!
2025-07-06 16:04:20,580 camera.py, line 82, ERROR:read:读取图像错误!!!!
2025-07-06 16:04:20,586 camera.py, line 82, ERROR:read:读取图像错误!!!!
2025-07-06 16:04:20,591 camera.py, line 82, ERROR:read:读取图像错误!!!!
2025-07-06 16:04:20,597 camera.py, line 82, ERROR:read:读取图像错误!!!!
2025-07-06 16:04:20,601 camera.py, line 82, ERROR:read:读取图像错误!!!!
2025-07-06 16:04:20,607 camera.py, line 82, ERROR:read:读取图像错误!!!!
2025-07-06 16:04:20,613 camera.py, line 82, ERROR:read:读取图像错误!!!!
2025-07-06 16:04:20,618 camera.py, line 82, ERROR:read:读取图像错误!!!!
2025-07-06 16:04:20,624 camera.py, line 82, ERROR:read:读取图像错误!!!!
2025-07-06 16:04:20,629 camera.py, line 82, ERROR:read:读取图像错误!!!!
2025-07-06 16:04:20,634 camera.py, line 82, ERROR:read:读取图像错误!!!!
2025-07-06 16:04:20,639 camera.py, line 82, ERROR:read:读取图像错误!!!!
2025-07-06 16:04:20,646 camera.py, line 82, ERROR:read:读取图像错误!!!!
2025-07-06 16:04:20,651 camera.py, line 82, ERROR:read:读取图像错误!!!!
2025-07-06 16:04:20,657 camera.py, line 82, ERROR:read:读取图像错误!!!!
2025-07-06 16:04:20,663 camera.py, line 82, ERROR:read:读取图像错误!!!!
2025-07-06 16:04:20,669 camera.py, line 82, ERROR:read:读取图像错误!!!!
2025-07-06 16:04:20,676 camera.py, line 82, ERROR:read:读取图像错误!!!!
2025-07-06 16:04:20,683 camera.py, line 82, ERROR:read:读取图像错误!!!!
2025-07-06 16:04:20,688 camera.py, line 82, ERROR:read:读取图像错误!!!!
2025-07-06 16:04:20,694 camera.py, line 82, ERROR:read:读取图像错误!!!!
2025-07-06 16:04:20,700 camera.py, line 82, ERROR:read:读取图像错误!!!!
2025-07-06 16:04:20,705 camera.py, line 82, ERROR:read:读取图像错误!!!!
2025-07-06 16:04:20,711 camera.py, line 82, ERROR:read:读取图像错误!!!!
2025-07-06 16:04:20,716 camera.py, line 82, ERROR:read:读取图像错误!!!!
2025-07-06 16:04:20,721 camera.py, line 82, ERROR:read:读取图像错误!!!!
2025-07-06 16:04:20,727 camera.py, line 82, ERROR:read:读取图像错误!!!!
2025-07-06 16:04:20,732 camera.py, line 82, ERROR:read:读取图像错误!!!!
2025-07-06 16:04:20,737 camera.py, line 82, ERROR:read:读取图像错误!!!!
2025-07-06 16:04:20,742 camera.py, line 82, ERROR:read:读取图像错误!!!!
2025-07-06 16:04:20,748 camera.py, line 82, ERROR:read:读取图像错误!!!!
2025-07-06 16:04:20,753 camera.py, line 82, ERROR:read:读取图像错误!!!!
2025-07-06 16:04:20,759 camera.py, line 82, ERROR:read:读取图像错误!!!!
2025-07-06 16:04:20,766 camera.py, line 82, ERROR:read:读取图像错误!!!!
2025-07-06 16:04:20,770 camera.py, line 82, ERROR:read:读取图像错误!!!!
2025-07-06 16:04:20,775 camera.py, line 82, ERROR:read:读取图像错误!!!!
2025-07-06 16:04:20,780 camera.py, line 82, ERROR:read:读取图像错误!!!!
2025-07-06 16:04:20,786 camera.py, line 82, ERROR:read:读取图像错误!!!!
2025-07-06 16:04:20,793 camera.py, line 82, ERROR:read:读取图像错误!!!!
2025-07-06 16:04:20,800 camera.py, line 82, ERROR:read:读取图像错误!!!!
2025-07-06 16:04:20,806 camera.py, line 82, ERROR:read:读取图像错误!!!!
2025-07-06 16:04:20,811 camera.py, line 82, ERROR:read:读取图像错误!!!!
2025-07-06 16:04:20,817 camera.py, line 82, ERROR:read:读取图像错误!!!!
2025-07-06 16:04:20,821 vehicle_base.py, line 305, INFO:MecanumChassis
2025-07-06 16:04:20,822 vehicle_base.py, line 194, INFO:mecanum init
2025-07-06 16:04:20,822 camera.py, line 82, ERROR:read:读取图像错误!!!!
2025-07-06 16:04:20,827 remote_control.py, line 62, INFO:remote control start!!
2025-07-06 16:04:20,841 camera.py, line 82, ERROR:read:读取图像错误!!!!
2025-07-06 16:04:20,904 remote_control.py, line 81, ERROR:no bluepad
2025-07-06 16:04:21,030 camera.py, line 82, ERROR:read:读取图像错误!!!!
2025-07-06 16:04:21,219 camera.py, line 82, ERROR:read:读取图像错误!!!!
2025-07-06 16:04:21,360 camera.py, line 82, ERROR:read:读取图像错误!!!!
2025-07-06 16:04:21,533 camera.py, line 82, ERROR:read:读取图像错误!!!!
2025-07-06 16:04:21,691 camera.py, line 82, ERROR:read:读取图像错误!!!!
2025-07-06 16:04:21,863 camera.py, line 82, ERROR:read:读取图像错误!!!!
2025-07-06 16:04:21,989 camera.py, line 82, ERROR:read:读取图像错误!!!!
2025-07-06 16:04:22,177 camera.py, line 82, ERROR:read:读取图像错误!!!!
2025-07-06 16:04:22,346 camera.py, line 82, ERROR:read:读取图像错误!!!!
2025-07-06 16:04:22,534 remote_control.py, line 81, ERROR:no bluepad
2025-07-06 16:04:22,565 camera.py, line 82, ERROR:read:读取图像错误!!!!
2025-07-06 16:04:22,818 camera.py, line 82, ERROR:read:读取图像错误!!!!
2025-07-06 16:04:22,944 camera.py, line 82, ERROR:read:读取图像错误!!!!
2025-07-06 16:04:23,087 camera.py, line 82, ERROR:read:读取图像错误!!!!
2025-07-06 16:04:23,228 camera.py, line 82, ERROR:read:读取图像错误!!!!
2025-07-06 16:04:23,463 camera.py, line 82, ERROR:read:读取图像错误!!!!
2025-07-06 16:04:23,683 camera.py, line 82, ERROR:read:读取图像错误!!!!
2025-07-06 16:20:44,025 serial_wrap.py, line 123, INFO:try:COM4 - USB-SERIAL CH340 (COM4)
2025-07-06 16:20:44,104 serial_wrap.py, line 63, INFO:port is COM4, controller is mc602, mode USB
2025-07-06 16:20:44,135 controller_wrap.py, line 31, INFO:dev_name:mc602
2025-07-06 16:21:23,568 serial_wrap.py, line 123, INFO:try:COM4 - USB-SERIAL CH340 (COM4)
2025-07-06 16:21:23,640 serial_wrap.py, line 63, INFO:port is COM4, controller is mc602, mode USB
2025-07-06 16:21:23,672 controller_wrap.py, line 31, INFO:dev_name:mc602
2025-07-06 19:23:25,740 serial_wrap.py, line 116, ERROR:未找到串口,查看是否插入了串口,或者查看下位机是否开机
2025-07-06 19:23:40,681 serial_wrap.py, line 116, ERROR:未找到串口,查看是否插入了串口,或者查看下位机是否开机
2025-07-06 19:24:21,762 serial_wrap.py, line 123, INFO:try:COM3 - USB-SERIAL CH340 (COM3)
2025-07-06 19:24:22,213 serial_wrap.py, line 324, ERROR:get_anwser timeout 
2025-07-06 19:24:22,226 serial_wrap.py, line 267, INFO:is mc602
2025-07-06 19:24:22,226 serial_wrap.py, line 268, INFO:load program
2025-07-06 19:24:24,044 serial_wrap.py, line 63, INFO:port is COM3, controller is mc602, mode USB
2025-07-06 19:24:24,098 controller_wrap.py, line 31, INFO:dev_name:mc602
2025-07-06 19:26:22,380 serial_wrap.py, line 123, INFO:try:COM3 - USB-SERIAL CH340 (COM3)
2025-07-06 19:26:22,461 serial_wrap.py, line 63, INFO:port is COM3, controller is mc602, mode USB
2025-07-06 19:26:22,503 controller_wrap.py, line 31, INFO:dev_name:mc602
2025-07-06 19:26:23,754 vehicle_base.py, line 305, INFO:MecanumChassis
2025-07-06 19:26:23,756 vehicle_base.py, line 194, INFO:mecanum init
2025-07-06 19:26:23,757 car_wrap.py, line 147, INFO:my car init ok 0.005525827407836914
2025-07-06 19:26:24,166 camera.py, line 82, ERROR:read:读取图像错误!!!!
2025-07-06 19:26:24,174 camera.py, line 82, ERROR:read:读取图像错误!!!!
2025-07-06 19:26:24,180 camera.py, line 82, ERROR:read:读取图像错误!!!!
2025-07-06 19:26:24,189 camera.py, line 82, ERROR:read:读取图像错误!!!!
2025-07-06 19:26:24,194 camera.py, line 82, ERROR:read:读取图像错误!!!!
2025-07-06 19:26:24,202 camera.py, line 82, ERROR:read:读取图像错误!!!!
2025-07-06 19:26:24,208 camera.py, line 82, ERROR:read:读取图像错误!!!!
2025-07-06 19:26:24,214 camera.py, line 82, ERROR:read:读取图像错误!!!!
2025-07-06 19:26:24,220 camera.py, line 82, ERROR:read:读取图像错误!!!!
2025-07-06 19:26:24,227 camera.py, line 82, ERROR:read:读取图像错误!!!!
2025-07-06 19:26:24,234 camera.py, line 82, ERROR:read:读取图像错误!!!!
2025-07-06 19:26:24,241 camera.py, line 82, ERROR:read:读取图像错误!!!!
2025-07-06 19:26:24,247 camera.py, line 82, ERROR:read:读取图像错误!!!!
2025-07-06 19:26:24,255 camera.py, line 82, ERROR:read:读取图像错误!!!!
2025-07-06 19:26:24,263 camera.py, line 82, ERROR:read:读取图像错误!!!!
2025-07-06 19:26:24,272 camera.py, line 82, ERROR:read:读取图像错误!!!!
2025-07-06 19:26:24,278 camera.py, line 82, ERROR:read:读取图像错误!!!!
2025-07-06 19:26:24,286 camera.py, line 82, ERROR:read:读取图像错误!!!!
2025-07-06 19:26:24,292 camera.py, line 82, ERROR:read:读取图像错误!!!!
2025-07-06 19:26:24,298 camera.py, line 82, ERROR:read:读取图像错误!!!!
2025-07-06 19:26:24,305 camera.py, line 82, ERROR:read:读取图像错误!!!!
2025-07-06 19:26:24,311 camera.py, line 82, ERROR:read:读取图像错误!!!!
2025-07-06 19:26:24,318 camera.py, line 82, ERROR:read:读取图像错误!!!!
2025-07-06 19:26:24,325 camera.py, line 82, ERROR:read:读取图像错误!!!!
2025-07-06 19:26:24,332 camera.py, line 82, ERROR:read:读取图像错误!!!!
2025-07-06 19:26:24,340 camera.py, line 82, ERROR:read:读取图像错误!!!!
2025-07-06 19:26:24,348 camera.py, line 82, ERROR:read:读取图像错误!!!!
2025-07-06 19:26:24,355 camera.py, line 82, ERROR:read:读取图像错误!!!!
2025-07-06 19:26:24,370 camera.py, line 82, ERROR:read:读取图像错误!!!!
2025-07-06 19:26:24,392 camera.py, line 82, ERROR:read:读取图像错误!!!!
2025-07-06 19:26:24,407 camera.py, line 82, ERROR:read:读取图像错误!!!!
2025-07-06 19:26:24,435 camera.py, line 82, ERROR:read:读取图像错误!!!!
2025-07-06 19:26:24,452 camera.py, line 82, ERROR:read:读取图像错误!!!!
2025-07-06 19:26:24,461 camera.py, line 82, ERROR:read:读取图像错误!!!!
2025-07-06 19:26:24,470 camera.py, line 82, ERROR:read:读取图像错误!!!!
2025-07-06 19:26:24,480 camera.py, line 82, ERROR:read:读取图像错误!!!!
2025-07-06 19:26:24,490 camera.py, line 82, ERROR:read:读取图像错误!!!!
2025-07-06 19:26:24,500 camera.py, line 82, ERROR:read:读取图像错误!!!!
2025-07-06 19:26:24,509 camera.py, line 82, ERROR:read:读取图像错误!!!!
2025-07-06 19:26:24,520 camera.py, line 82, ERROR:read:读取图像错误!!!!
2025-07-06 19:26:24,530 camera.py, line 82, ERROR:read:读取图像错误!!!!
2025-07-06 19:26:24,539 camera.py, line 82, ERROR:read:读取图像错误!!!!
2025-07-06 19:26:24,546 camera.py, line 82, ERROR:read:读取图像错误!!!!
2025-07-06 19:26:24,554 camera.py, line 82, ERROR:read:读取图像错误!!!!
2025-07-06 19:26:24,563 camera.py, line 82, ERROR:read:读取图像错误!!!!
2025-07-06 19:26:24,573 camera.py, line 82, ERROR:read:读取图像错误!!!!
2025-07-06 19:26:24,583 camera.py, line 82, ERROR:read:读取图像错误!!!!
2025-07-06 19:26:24,594 camera.py, line 82, ERROR:read:读取图像错误!!!!
2025-07-06 19:26:24,605 camera.py, line 82, ERROR:read:读取图像错误!!!!
2025-07-06 19:26:24,613 camera.py, line 82, ERROR:read:读取图像错误!!!!
2025-07-06 19:26:24,623 camera.py, line 82, ERROR:read:读取图像错误!!!!
2025-07-06 19:26:24,634 camera.py, line 82, ERROR:read:读取图像错误!!!!
2025-07-06 19:26:24,643 camera.py, line 82, ERROR:read:读取图像错误!!!!
2025-07-06 19:26:24,652 camera.py, line 82, ERROR:read:读取图像错误!!!!
2025-07-06 19:26:24,660 camera.py, line 82, ERROR:read:读取图像错误!!!!
2025-07-06 19:26:24,667 camera.py, line 82, ERROR:read:读取图像错误!!!!
2025-07-06 19:26:24,675 camera.py, line 82, ERROR:read:读取图像错误!!!!
2025-07-06 19:26:24,678 camera.py, line 82, ERROR:read:读取图像错误!!!!
2025-07-06 19:26:24,683 camera.py, line 82, ERROR:read:读取图像错误!!!!
2025-07-06 19:26:24,686 camera.py, line 82, ERROR:read:读取图像错误!!!!
2025-07-06 19:26:24,691 camera.py, line 82, ERROR:read:读取图像错误!!!!
2025-07-06 19:26:24,694 camera.py, line 82, ERROR:read:读取图像错误!!!!
2025-07-06 19:26:24,699 camera.py, line 82, ERROR:read:读取图像错误!!!!
2025-07-06 19:26:24,702 camera.py, line 82, ERROR:read:读取图像错误!!!!
2025-07-06 19:26:24,708 camera.py, line 82, ERROR:read:读取图像错误!!!!
2025-07-06 19:26:24,711 camera.py, line 82, ERROR:read:读取图像错误!!!!
2025-07-06 19:26:24,717 camera.py, line 82, ERROR:read:读取图像错误!!!!
2025-07-06 19:26:24,721 camera.py, line 82, ERROR:read:读取图像错误!!!!
2025-07-06 19:26:24,727 camera.py, line 82, ERROR:read:读取图像错误!!!!
2025-07-06 19:26:24,731 camera.py, line 82, ERROR:read:读取图像错误!!!!
2025-07-06 19:26:24,737 camera.py, line 82, ERROR:read:读取图像错误!!!!
2025-07-06 19:26:24,741 camera.py, line 82, ERROR:read:读取图像错误!!!!
2025-07-06 19:26:24,745 camera.py, line 82, ERROR:read:读取图像错误!!!!
2025-07-06 19:26:24,749 camera.py, line 82, ERROR:read:读取图像错误!!!!
2025-07-06 19:26:24,754 camera.py, line 82, ERROR:read:读取图像错误!!!!
2025-07-06 19:26:24,759 camera.py, line 82, ERROR:read:读取图像错误!!!!
2025-07-06 19:26:24,766 camera.py, line 82, ERROR:read:读取图像错误!!!!
2025-07-06 19:26:24,773 camera.py, line 82, ERROR:read:读取图像错误!!!!
2025-07-06 19:26:24,782 camera.py, line 82, ERROR:read:读取图像错误!!!!
2025-07-06 19:26:24,788 camera.py, line 82, ERROR:read:读取图像错误!!!!
2025-07-06 19:26:24,794 camera.py, line 82, ERROR:read:读取图像错误!!!!
2025-07-06 19:26:24,800 camera.py, line 82, ERROR:read:读取图像错误!!!!
2025-07-06 19:26:24,805 camera.py, line 82, ERROR:read:读取图像错误!!!!
2025-07-06 19:26:24,811 camera.py, line 82, ERROR:read:读取图像错误!!!!
2025-07-06 19:26:24,817 camera.py, line 82, ERROR:read:读取图像错误!!!!
2025-07-06 19:26:24,822 camera.py, line 82, ERROR:read:读取图像错误!!!!
2025-07-06 19:26:24,827 camera.py, line 82, ERROR:read:读取图像错误!!!!
2025-07-06 19:26:24,833 camera.py, line 82, ERROR:read:读取图像错误!!!!
2025-07-06 19:26:24,837 camera.py, line 82, ERROR:read:读取图像错误!!!!
2025-07-06 19:26:24,844 camera.py, line 82, ERROR:read:读取图像错误!!!!
2025-07-06 19:26:24,849 camera.py, line 82, ERROR:read:读取图像错误!!!!
2025-07-06 19:26:24,854 camera.py, line 82, ERROR:read:读取图像错误!!!!
2025-07-06 19:26:24,860 camera.py, line 82, ERROR:read:读取图像错误!!!!
2025-07-06 19:26:24,863 camera.py, line 82, ERROR:read:读取图像错误!!!!
2025-07-06 19:26:24,870 camera.py, line 82, ERROR:read:读取图像错误!!!!
2025-07-06 19:26:24,875 camera.py, line 82, ERROR:read:读取图像错误!!!!
2025-07-06 19:26:24,881 camera.py, line 82, ERROR:read:读取图像错误!!!!
2025-07-06 19:26:24,886 camera.py, line 82, ERROR:read:读取图像错误!!!!
2025-07-06 19:26:24,893 camera.py, line 82, ERROR:read:读取图像错误!!!!
2025-07-06 19:26:24,896 camera.py, line 82, ERROR:read:读取图像错误!!!!
2025-07-06 19:26:24,904 camera.py, line 82, ERROR:read:读取图像错误!!!!
2025-07-06 19:26:24,910 camera.py, line 82, ERROR:read:读取图像错误!!!!
2025-07-06 19:26:24,918 camera.py, line 82, ERROR:read:读取图像错误!!!!
2025-07-06 19:26:24,922 camera.py, line 82, ERROR:read:读取图像错误!!!!
2025-07-06 19:26:24,927 camera.py, line 82, ERROR:read:读取图像错误!!!!
2025-07-06 19:26:24,931 camera.py, line 82, ERROR:read:读取图像错误!!!!
2025-07-06 19:26:24,938 camera.py, line 82, ERROR:read:读取图像错误!!!!
2025-07-06 19:26:24,944 camera.py, line 82, ERROR:read:读取图像错误!!!!
2025-07-06 19:26:24,950 camera.py, line 82, ERROR:read:读取图像错误!!!!
2025-07-06 19:26:24,956 camera.py, line 82, ERROR:read:读取图像错误!!!!
2025-07-06 19:26:24,964 camera.py, line 82, ERROR:read:读取图像错误!!!!
2025-07-06 19:26:24,969 camera.py, line 82, ERROR:read:读取图像错误!!!!
2025-07-06 19:26:24,975 camera.py, line 82, ERROR:read:读取图像错误!!!!
2025-07-06 19:26:24,980 camera.py, line 82, ERROR:read:读取图像错误!!!!
2025-07-06 19:26:24,987 camera.py, line 82, ERROR:read:读取图像错误!!!!
2025-07-06 19:26:24,993 camera.py, line 82, ERROR:read:读取图像错误!!!!
2025-07-06 19:26:25,000 camera.py, line 82, ERROR:read:读取图像错误!!!!
2025-07-06 19:26:25,004 camera.py, line 82, ERROR:read:读取图像错误!!!!
2025-07-06 19:26:25,011 camera.py, line 82, ERROR:read:读取图像错误!!!!
2025-07-06 19:26:25,019 camera.py, line 82, ERROR:read:读取图像错误!!!!
2025-07-06 19:26:25,024 camera.py, line 82, ERROR:read:读取图像错误!!!!
2025-07-06 19:26:25,028 camera.py, line 82, ERROR:read:读取图像错误!!!!
2025-07-06 19:26:25,033 camera.py, line 82, ERROR:read:读取图像错误!!!!
2025-07-06 19:26:25,038 camera.py, line 82, ERROR:read:读取图像错误!!!!
2025-07-06 19:26:25,045 camera.py, line 82, ERROR:read:读取图像错误!!!!
2025-07-06 19:26:25,050 camera.py, line 82, ERROR:read:读取图像错误!!!!
2025-07-06 19:26:25,056 camera.py, line 82, ERROR:read:读取图像错误!!!!
2025-07-06 19:26:25,061 camera.py, line 82, ERROR:read:读取图像错误!!!!
2025-07-06 19:26:25,069 camera.py, line 82, ERROR:read:读取图像错误!!!!
2025-07-06 19:26:25,074 camera.py, line 82, ERROR:read:读取图像错误!!!!
2025-07-06 19:26:25,080 camera.py, line 82, ERROR:read:读取图像错误!!!!
2025-07-06 19:26:25,086 camera.py, line 82, ERROR:read:读取图像错误!!!!
2025-07-06 19:26:25,092 camera.py, line 82, ERROR:read:读取图像错误!!!!
2025-07-06 19:26:25,095 camera.py, line 82, ERROR:read:读取图像错误!!!!
2025-07-06 19:26:25,104 camera.py, line 82, ERROR:read:读取图像错误!!!!
2025-07-06 19:26:25,108 camera.py, line 82, ERROR:read:读取图像错误!!!!
2025-07-06 19:26:25,117 camera.py, line 82, ERROR:read:读取图像错误!!!!
2025-07-06 19:26:25,122 camera.py, line 82, ERROR:read:读取图像错误!!!!
2025-07-06 19:26:25,131 camera.py, line 82, ERROR:read:读取图像错误!!!!
2025-07-06 19:26:25,135 camera.py, line 82, ERROR:read:读取图像错误!!!!
2025-07-06 19:26:25,144 camera.py, line 82, ERROR:read:读取图像错误!!!!
2025-07-06 19:26:25,149 camera.py, line 82, ERROR:read:读取图像错误!!!!
2025-07-06 19:26:25,155 camera.py, line 82, ERROR:read:读取图像错误!!!!
2025-07-06 19:26:25,160 camera.py, line 82, ERROR:read:读取图像错误!!!!
2025-07-06 19:26:25,165 camera.py, line 82, ERROR:read:读取图像错误!!!!
2025-07-06 19:26:25,170 camera.py, line 82, ERROR:read:读取图像错误!!!!
2025-07-06 19:26:25,175 camera.py, line 82, ERROR:read:读取图像错误!!!!
2025-07-06 19:26:25,178 infer_front.py, line 115, INFO:lane连接服务器...
2025-07-06 19:26:25,186 camera.py, line 82, ERROR:read:读取图像错误!!!!
2025-07-06 19:26:25,226 camera.py, line 82, ERROR:read:读取图像错误!!!!
2025-07-06 19:26:25,303 camera.py, line 82, ERROR:read:读取图像错误!!!!
2025-07-06 19:26:25,303 camera.py, line 82, ERROR:read:读取图像错误!!!!
2025-07-06 19:26:25,525 camera.py, line 82, ERROR:read:读取图像错误!!!!
2025-07-06 19:26:25,541 camera.py, line 82, ERROR:read:读取图像错误!!!!
2025-07-06 19:26:25,724 camera.py, line 82, ERROR:read:读取图像错误!!!!
2025-07-06 19:26:25,761 camera.py, line 82, ERROR:read:读取图像错误!!!!
2025-07-06 19:26:25,823 camera.py, line 82, ERROR:read:读取图像错误!!!!
2025-07-06 19:26:25,946 camera.py, line 82, ERROR:read:读取图像错误!!!!
2025-07-06 19:26:26,005 camera.py, line 82, ERROR:read:读取图像错误!!!!
2025-07-06 19:26:26,151 camera.py, line 82, ERROR:read:读取图像错误!!!!
2025-07-06 19:26:26,289 camera.py, line 82, ERROR:read:读取图像错误!!!!
2025-07-06 19:26:26,362 camera.py, line 82, ERROR:read:读取图像错误!!!!
2025-07-06 19:26:26,506 camera.py, line 82, ERROR:read:读取图像错误!!!!
2025-07-06 19:26:26,510 camera.py, line 82, ERROR:read:读取图像错误!!!!
2025-07-06 19:26:26,520 camera.py, line 82, ERROR:read:读取图像错误!!!!
2025-07-06 19:26:26,526 camera.py, line 82, ERROR:read:读取图像错误!!!!
2025-07-06 19:26:26,536 camera.py, line 82, ERROR:read:读取图像错误!!!!
2025-07-06 19:26:26,542 camera.py, line 82, ERROR:read:读取图像错误!!!!
2025-07-06 19:26:26,551 camera.py, line 82, ERROR:read:读取图像错误!!!!
2025-07-06 19:26:26,558 camera.py, line 82, ERROR:read:读取图像错误!!!!
2025-07-06 19:26:26,561 camera.py, line 82, ERROR:read:读取图像错误!!!!
2025-07-06 19:26:26,572 camera.py, line 82, ERROR:read:读取图像错误!!!!
2025-07-06 19:26:26,575 camera.py, line 82, ERROR:read:读取图像错误!!!!
2025-07-06 19:26:26,581 camera.py, line 82, ERROR:read:读取图像错误!!!!
2025-07-06 19:26:26,589 camera.py, line 82, ERROR:read:读取图像错误!!!!
2025-07-06 19:28:49,969 serial_wrap.py, line 123, INFO:try:COM3 - USB-SERIAL CH340 (COM3)
2025-07-06 19:28:50,047 serial_wrap.py, line 63, INFO:port is COM3, controller is mc602, mode USB
2025-07-06 19:28:50,083 controller_wrap.py, line 31, INFO:dev_name:mc602
2025-07-06 19:28:50,978 vehicle_base.py, line 305, INFO:MecanumChassis
2025-07-06 19:28:50,979 vehicle_base.py, line 194, INFO:mecanum init
2025-07-06 19:28:50,980 car_wrap.py, line 147, INFO:my car init ok 0.003987550735473633
2025-07-06 19:28:51,373 camera.py, line 82, ERROR:read:读取图像错误!!!!
2025-07-06 19:28:51,380 camera.py, line 82, ERROR:read:读取图像错误!!!!
2025-07-06 19:28:51,387 camera.py, line 82, ERROR:read:读取图像错误!!!!
2025-07-06 19:28:51,397 camera.py, line 82, ERROR:read:读取图像错误!!!!
2025-07-06 19:28:51,404 camera.py, line 82, ERROR:read:读取图像错误!!!!
2025-07-06 19:28:51,411 camera.py, line 82, ERROR:read:读取图像错误!!!!
2025-07-06 19:28:51,417 camera.py, line 82, ERROR:read:读取图像错误!!!!
2025-07-06 19:28:51,426 camera.py, line 82, ERROR:read:读取图像错误!!!!
2025-07-06 19:28:51,432 camera.py, line 82, ERROR:read:读取图像错误!!!!
2025-07-06 19:28:51,438 camera.py, line 82, ERROR:read:读取图像错误!!!!
2025-07-06 19:28:51,446 camera.py, line 82, ERROR:read:读取图像错误!!!!
2025-07-06 19:28:51,453 camera.py, line 82, ERROR:read:读取图像错误!!!!
2025-07-06 19:28:51,460 camera.py, line 82, ERROR:read:读取图像错误!!!!
2025-07-06 19:28:51,468 camera.py, line 82, ERROR:read:读取图像错误!!!!
2025-07-06 19:28:51,475 camera.py, line 82, ERROR:read:读取图像错误!!!!
2025-07-06 19:28:51,481 camera.py, line 82, ERROR:read:读取图像错误!!!!
2025-07-06 19:28:51,487 camera.py, line 82, ERROR:read:读取图像错误!!!!
2025-07-06 19:28:51,492 camera.py, line 82, ERROR:read:读取图像错误!!!!
2025-07-06 19:28:51,497 camera.py, line 82, ERROR:read:读取图像错误!!!!
2025-07-06 19:28:51,505 camera.py, line 82, ERROR:read:读取图像错误!!!!
2025-07-06 19:28:51,513 camera.py, line 82, ERROR:read:读取图像错误!!!!
2025-07-06 19:28:51,522 camera.py, line 82, ERROR:read:读取图像错误!!!!
2025-07-06 19:28:51,529 camera.py, line 82, ERROR:read:读取图像错误!!!!
2025-07-06 19:28:51,536 camera.py, line 82, ERROR:read:读取图像错误!!!!
2025-07-06 19:28:51,543 camera.py, line 82, ERROR:read:读取图像错误!!!!
2025-07-06 19:28:51,548 camera.py, line 82, ERROR:read:读取图像错误!!!!
2025-07-06 19:28:51,554 camera.py, line 82, ERROR:read:读取图像错误!!!!
2025-07-06 19:28:51,561 camera.py, line 82, ERROR:read:读取图像错误!!!!
2025-07-06 19:28:51,566 camera.py, line 82, ERROR:read:读取图像错误!!!!
2025-07-06 19:28:51,573 camera.py, line 82, ERROR:read:读取图像错误!!!!
2025-07-06 19:28:51,578 camera.py, line 82, ERROR:read:读取图像错误!!!!
2025-07-06 19:28:51,585 camera.py, line 82, ERROR:read:读取图像错误!!!!
2025-07-06 19:28:51,591 camera.py, line 82, ERROR:read:读取图像错误!!!!
2025-07-06 19:28:51,597 camera.py, line 82, ERROR:read:读取图像错误!!!!
2025-07-06 19:28:51,603 camera.py, line 82, ERROR:read:读取图像错误!!!!
2025-07-06 19:28:51,610 camera.py, line 82, ERROR:read:读取图像错误!!!!
2025-07-06 19:28:51,617 camera.py, line 82, ERROR:read:读取图像错误!!!!
2025-07-06 19:28:51,625 camera.py, line 82, ERROR:read:读取图像错误!!!!
2025-07-06 19:28:51,631 camera.py, line 82, ERROR:read:读取图像错误!!!!
2025-07-06 19:28:51,640 camera.py, line 82, ERROR:read:读取图像错误!!!!
2025-07-06 19:28:51,646 camera.py, line 82, ERROR:read:读取图像错误!!!!
2025-07-06 19:28:51,654 camera.py, line 82, ERROR:read:读取图像错误!!!!
2025-07-06 19:28:51,660 camera.py, line 82, ERROR:read:读取图像错误!!!!
2025-07-06 19:28:51,666 camera.py, line 82, ERROR:read:读取图像错误!!!!
2025-07-06 19:28:51,673 camera.py, line 82, ERROR:read:读取图像错误!!!!
2025-07-06 19:28:51,679 camera.py, line 82, ERROR:read:读取图像错误!!!!
2025-07-06 19:28:51,686 camera.py, line 82, ERROR:read:读取图像错误!!!!
2025-07-06 19:28:51,692 camera.py, line 82, ERROR:read:读取图像错误!!!!
2025-07-06 19:28:51,698 camera.py, line 82, ERROR:read:读取图像错误!!!!
2025-07-06 19:28:51,706 camera.py, line 82, ERROR:read:读取图像错误!!!!
2025-07-06 19:28:51,711 camera.py, line 82, ERROR:read:读取图像错误!!!!
2025-07-06 19:28:51,719 camera.py, line 82, ERROR:read:读取图像错误!!!!
2025-07-06 19:28:51,726 camera.py, line 82, ERROR:read:读取图像错误!!!!
2025-07-06 19:28:51,732 camera.py, line 82, ERROR:read:读取图像错误!!!!
2025-07-06 19:28:51,739 camera.py, line 82, ERROR:read:读取图像错误!!!!
2025-07-06 19:28:51,745 camera.py, line 82, ERROR:read:读取图像错误!!!!
2025-07-06 19:28:51,751 camera.py, line 82, ERROR:read:读取图像错误!!!!
2025-07-06 19:28:51,758 camera.py, line 82, ERROR:read:读取图像错误!!!!
2025-07-06 19:28:51,765 camera.py, line 82, ERROR:read:读取图像错误!!!!
2025-07-06 19:28:51,771 camera.py, line 82, ERROR:read:读取图像错误!!!!
2025-07-06 19:28:51,777 camera.py, line 82, ERROR:read:读取图像错误!!!!
2025-07-06 19:28:51,785 camera.py, line 82, ERROR:read:读取图像错误!!!!
2025-07-06 19:28:51,791 camera.py, line 82, ERROR:read:读取图像错误!!!!
2025-07-06 19:28:51,798 camera.py, line 82, ERROR:read:读取图像错误!!!!
2025-07-06 19:28:51,805 camera.py, line 82, ERROR:read:读取图像错误!!!!
2025-07-06 19:28:51,813 camera.py, line 82, ERROR:read:读取图像错误!!!!
2025-07-06 19:28:51,820 camera.py, line 82, ERROR:read:读取图像错误!!!!
2025-07-06 19:28:51,827 camera.py, line 82, ERROR:read:读取图像错误!!!!
2025-07-06 19:28:51,835 camera.py, line 82, ERROR:read:读取图像错误!!!!
2025-07-06 19:28:51,842 camera.py, line 82, ERROR:read:读取图像错误!!!!
2025-07-06 19:28:51,848 camera.py, line 82, ERROR:read:读取图像错误!!!!
2025-07-06 19:28:51,856 camera.py, line 82, ERROR:read:读取图像错误!!!!
2025-07-06 19:28:51,862 camera.py, line 82, ERROR:read:读取图像错误!!!!
2025-07-06 19:28:51,868 camera.py, line 82, ERROR:read:读取图像错误!!!!
2025-07-06 19:28:51,875 camera.py, line 82, ERROR:read:读取图像错误!!!!
2025-07-06 19:28:51,879 camera.py, line 82, ERROR:read:读取图像错误!!!!
2025-07-06 19:28:51,882 camera.py, line 82, ERROR:read:读取图像错误!!!!
2025-07-06 19:28:51,886 camera.py, line 82, ERROR:read:读取图像错误!!!!
2025-07-06 19:28:51,889 camera.py, line 82, ERROR:read:读取图像错误!!!!
2025-07-06 19:28:51,893 camera.py, line 82, ERROR:read:读取图像错误!!!!
2025-07-06 19:28:51,895 camera.py, line 82, ERROR:read:读取图像错误!!!!
2025-07-06 19:28:51,898 camera.py, line 82, ERROR:read:读取图像错误!!!!
2025-07-06 19:28:51,901 camera.py, line 82, ERROR:read:读取图像错误!!!!
2025-07-06 19:28:51,905 camera.py, line 82, ERROR:read:读取图像错误!!!!
2025-07-06 19:28:51,909 camera.py, line 82, ERROR:read:读取图像错误!!!!
2025-07-06 19:28:51,912 camera.py, line 82, ERROR:read:读取图像错误!!!!
2025-07-06 19:28:51,913 camera.py, line 82, ERROR:read:读取图像错误!!!!
2025-07-06 19:28:51,920 camera.py, line 82, ERROR:read:读取图像错误!!!!
2025-07-06 19:28:51,922 camera.py, line 82, ERROR:read:读取图像错误!!!!
2025-07-06 19:28:51,928 camera.py, line 82, ERROR:read:读取图像错误!!!!
2025-07-06 19:28:51,931 camera.py, line 82, ERROR:read:读取图像错误!!!!
2025-07-06 19:28:51,934 camera.py, line 82, ERROR:read:读取图像错误!!!!
2025-07-06 19:28:51,938 camera.py, line 82, ERROR:read:读取图像错误!!!!
2025-07-06 19:28:51,941 camera.py, line 82, ERROR:read:读取图像错误!!!!
2025-07-06 19:28:51,944 camera.py, line 82, ERROR:read:读取图像错误!!!!
2025-07-06 19:28:51,949 camera.py, line 82, ERROR:read:读取图像错误!!!!
2025-07-06 19:28:51,952 camera.py, line 82, ERROR:read:读取图像错误!!!!
2025-07-06 19:28:51,957 camera.py, line 82, ERROR:read:读取图像错误!!!!
2025-07-06 19:28:51,960 camera.py, line 82, ERROR:read:读取图像错误!!!!
2025-07-06 19:28:51,963 camera.py, line 82, ERROR:read:读取图像错误!!!!
2025-07-06 19:28:51,966 camera.py, line 82, ERROR:read:读取图像错误!!!!
2025-07-06 19:28:51,970 camera.py, line 82, ERROR:read:读取图像错误!!!!
2025-07-06 19:28:51,973 camera.py, line 82, ERROR:read:读取图像错误!!!!
2025-07-06 19:28:51,977 camera.py, line 82, ERROR:read:读取图像错误!!!!
2025-07-06 19:28:51,980 camera.py, line 82, ERROR:read:读取图像错误!!!!
2025-07-06 19:28:51,987 camera.py, line 82, ERROR:read:读取图像错误!!!!
2025-07-06 19:28:51,989 camera.py, line 82, ERROR:read:读取图像错误!!!!
2025-07-06 19:28:51,996 camera.py, line 82, ERROR:read:读取图像错误!!!!
2025-07-06 19:28:51,999 camera.py, line 82, ERROR:read:读取图像错误!!!!
2025-07-06 19:28:52,003 camera.py, line 82, ERROR:read:读取图像错误!!!!
2025-07-06 19:28:52,006 camera.py, line 82, ERROR:read:读取图像错误!!!!
2025-07-06 19:28:52,011 camera.py, line 82, ERROR:read:读取图像错误!!!!
2025-07-06 19:28:52,013 camera.py, line 82, ERROR:read:读取图像错误!!!!
2025-07-06 19:28:52,018 camera.py, line 82, ERROR:read:读取图像错误!!!!
2025-07-06 19:28:52,020 camera.py, line 82, ERROR:read:读取图像错误!!!!
2025-07-06 19:28:52,026 camera.py, line 82, ERROR:read:读取图像错误!!!!
2025-07-06 19:28:52,028 camera.py, line 82, ERROR:read:读取图像错误!!!!
2025-07-06 19:28:52,033 camera.py, line 82, ERROR:read:读取图像错误!!!!
2025-07-06 19:28:52,036 camera.py, line 82, ERROR:read:读取图像错误!!!!
2025-07-06 19:28:52,039 camera.py, line 82, ERROR:read:读取图像错误!!!!
2025-07-06 19:28:52,042 camera.py, line 82, ERROR:read:读取图像错误!!!!
2025-07-06 19:28:52,045 camera.py, line 82, ERROR:read:读取图像错误!!!!
2025-07-06 19:28:52,048 camera.py, line 82, ERROR:read:读取图像错误!!!!
2025-07-06 19:28:52,053 camera.py, line 82, ERROR:read:读取图像错误!!!!
2025-07-06 19:28:52,055 camera.py, line 82, ERROR:read:读取图像错误!!!!
2025-07-06 19:28:52,059 camera.py, line 82, ERROR:read:读取图像错误!!!!
2025-07-06 19:28:52,061 camera.py, line 82, ERROR:read:读取图像错误!!!!
2025-07-06 19:28:52,067 camera.py, line 82, ERROR:read:读取图像错误!!!!
2025-07-06 19:28:52,069 camera.py, line 82, ERROR:read:读取图像错误!!!!
2025-07-06 19:28:52,094 camera.py, line 82, ERROR:read:读取图像错误!!!!
2025-07-06 19:28:52,105 camera.py, line 82, ERROR:read:读取图像错误!!!!
2025-07-06 19:28:52,111 camera.py, line 82, ERROR:read:读取图像错误!!!!
2025-07-06 19:28:52,121 camera.py, line 82, ERROR:read:读取图像错误!!!!
2025-07-06 19:28:52,121 camera.py, line 82, ERROR:read:读取图像错误!!!!
2025-07-06 19:28:52,131 camera.py, line 82, ERROR:read:读取图像错误!!!!
2025-07-06 19:28:52,134 camera.py, line 82, ERROR:read:读取图像错误!!!!
2025-07-06 19:28:52,138 camera.py, line 82, ERROR:read:读取图像错误!!!!
2025-07-06 19:28:52,140 camera.py, line 82, ERROR:read:读取图像错误!!!!
2025-07-06 19:28:52,146 camera.py, line 82, ERROR:read:读取图像错误!!!!
2025-07-06 19:28:52,149 camera.py, line 82, ERROR:read:读取图像错误!!!!
2025-07-06 19:28:52,155 camera.py, line 82, ERROR:read:读取图像错误!!!!
2025-07-06 19:28:52,157 camera.py, line 82, ERROR:read:读取图像错误!!!!
2025-07-06 19:28:52,165 camera.py, line 82, ERROR:read:读取图像错误!!!!
2025-07-06 19:28:52,167 camera.py, line 82, ERROR:read:读取图像错误!!!!
2025-07-06 19:28:52,173 camera.py, line 82, ERROR:read:读取图像错误!!!!
2025-07-06 19:28:52,175 camera.py, line 82, ERROR:read:读取图像错误!!!!
2025-07-06 19:28:52,179 camera.py, line 82, ERROR:read:读取图像错误!!!!
2025-07-06 19:28:52,182 camera.py, line 82, ERROR:read:读取图像错误!!!!
2025-07-06 19:28:52,185 camera.py, line 82, ERROR:read:读取图像错误!!!!
2025-07-06 19:28:52,188 camera.py, line 82, ERROR:read:读取图像错误!!!!
2025-07-06 19:28:52,191 camera.py, line 82, ERROR:read:读取图像错误!!!!
2025-07-06 19:28:52,194 camera.py, line 82, ERROR:read:读取图像错误!!!!
2025-07-06 19:28:52,197 camera.py, line 82, ERROR:read:读取图像错误!!!!
2025-07-06 19:28:52,199 camera.py, line 82, ERROR:read:读取图像错误!!!!
2025-07-06 19:28:52,203 camera.py, line 82, ERROR:read:读取图像错误!!!!
2025-07-06 19:28:52,205 camera.py, line 82, ERROR:read:读取图像错误!!!!
2025-07-06 19:28:52,208 camera.py, line 82, ERROR:read:读取图像错误!!!!
2025-07-06 19:28:52,210 camera.py, line 82, ERROR:read:读取图像错误!!!!
2025-07-06 19:28:52,216 camera.py, line 82, ERROR:read:读取图像错误!!!!
2025-07-06 19:28:52,218 camera.py, line 82, ERROR:read:读取图像错误!!!!
2025-07-06 19:28:52,222 camera.py, line 82, ERROR:read:读取图像错误!!!!
2025-07-06 19:28:52,225 camera.py, line 82, ERROR:read:读取图像错误!!!!
2025-07-06 19:28:52,229 camera.py, line 82, ERROR:read:读取图像错误!!!!
2025-07-06 19:28:52,232 camera.py, line 82, ERROR:read:读取图像错误!!!!
2025-07-06 19:28:52,235 camera.py, line 82, ERROR:read:读取图像错误!!!!
2025-07-06 19:28:52,238 camera.py, line 82, ERROR:read:读取图像错误!!!!
2025-07-06 19:28:52,241 camera.py, line 82, ERROR:read:读取图像错误!!!!
2025-07-06 19:28:52,244 camera.py, line 82, ERROR:read:读取图像错误!!!!
2025-07-06 19:28:52,247 camera.py, line 82, ERROR:read:读取图像错误!!!!
2025-07-06 19:28:52,250 camera.py, line 82, ERROR:read:读取图像错误!!!!
2025-07-06 19:28:52,254 camera.py, line 82, ERROR:read:读取图像错误!!!!
2025-07-06 19:28:52,256 camera.py, line 82, ERROR:read:读取图像错误!!!!
2025-07-06 19:28:52,261 camera.py, line 82, ERROR:read:读取图像错误!!!!
2025-07-06 19:28:52,264 camera.py, line 82, ERROR:read:读取图像错误!!!!
2025-07-06 19:28:52,269 camera.py, line 82, ERROR:read:读取图像错误!!!!
2025-07-06 19:28:52,272 camera.py, line 82, ERROR:read:读取图像错误!!!!
2025-07-06 19:28:52,275 camera.py, line 82, ERROR:read:读取图像错误!!!!
2025-07-06 19:28:52,277 camera.py, line 82, ERROR:read:读取图像错误!!!!
2025-07-06 19:28:52,281 camera.py, line 82, ERROR:read:读取图像错误!!!!
2025-07-06 19:28:52,283 camera.py, line 82, ERROR:read:读取图像错误!!!!
2025-07-06 19:28:52,287 camera.py, line 82, ERROR:read:读取图像错误!!!!
2025-07-06 19:28:52,289 camera.py, line 82, ERROR:read:读取图像错误!!!!
2025-07-06 19:28:52,295 camera.py, line 82, ERROR:read:读取图像错误!!!!
2025-07-06 19:28:52,297 camera.py, line 82, ERROR:read:读取图像错误!!!!
2025-07-06 19:28:52,303 camera.py, line 82, ERROR:read:读取图像错误!!!!
2025-07-06 19:28:52,306 camera.py, line 82, ERROR:read:读取图像错误!!!!
2025-07-06 19:28:52,310 camera.py, line 82, ERROR:read:读取图像错误!!!!
2025-07-06 19:28:52,313 camera.py, line 82, ERROR:read:读取图像错误!!!!
2025-07-06 19:28:52,320 camera.py, line 82, ERROR:read:读取图像错误!!!!
2025-07-06 19:28:52,322 camera.py, line 82, ERROR:read:读取图像错误!!!!
2025-07-06 19:28:52,328 camera.py, line 82, ERROR:read:读取图像错误!!!!
2025-07-06 19:28:52,330 camera.py, line 82, ERROR:read:读取图像错误!!!!
2025-07-06 19:28:52,335 camera.py, line 82, ERROR:read:读取图像错误!!!!
2025-07-06 19:28:52,337 camera.py, line 82, ERROR:read:读取图像错误!!!!
2025-07-06 19:28:52,342 camera.py, line 82, ERROR:read:读取图像错误!!!!
2025-07-06 19:28:52,345 camera.py, line 82, ERROR:read:读取图像错误!!!!
2025-07-06 19:28:52,352 camera.py, line 82, ERROR:read:读取图像错误!!!!
2025-07-06 19:28:52,355 camera.py, line 82, ERROR:read:读取图像错误!!!!
2025-07-06 19:28:52,359 camera.py, line 82, ERROR:read:读取图像错误!!!!
2025-07-06 19:28:52,361 camera.py, line 82, ERROR:read:读取图像错误!!!!
2025-07-06 19:28:52,367 camera.py, line 82, ERROR:read:读取图像错误!!!!
2025-07-06 19:28:52,369 camera.py, line 82, ERROR:read:读取图像错误!!!!
2025-07-06 19:28:52,376 camera.py, line 82, ERROR:read:读取图像错误!!!!
2025-07-06 19:28:52,378 camera.py, line 82, ERROR:read:读取图像错误!!!!
2025-07-06 19:28:52,382 infer_front.py, line 115, INFO:lane连接服务器...
2025-07-06 19:28:52,386 camera.py, line 82, ERROR:read:读取图像错误!!!!
2025-07-06 19:28:52,386 camera.py, line 82, ERROR:read:读取图像错误!!!!
2025-07-06 19:28:52,596 camera.py, line 82, ERROR:read:读取图像错误!!!!
2025-07-06 19:28:52,678 camera.py, line 82, ERROR:read:读取图像错误!!!!
2025-07-06 19:28:52,698 camera.py, line 82, ERROR:read:读取图像错误!!!!
2025-07-06 19:28:52,705 camera.py, line 82, ERROR:read:读取图像错误!!!!
2025-07-06 19:28:52,708 camera.py, line 82, ERROR:read:读取图像错误!!!!
2025-07-06 19:29:53,711 serial_wrap.py, line 123, INFO:try:COM3 - USB-SERIAL CH340 (COM3)
2025-07-06 19:29:54,162 serial_wrap.py, line 324, ERROR:get_anwser timeout 
2025-07-06 19:29:54,175 serial_wrap.py, line 267, INFO:is mc602
2025-07-06 19:29:54,176 serial_wrap.py, line 268, INFO:load program
2025-07-06 19:29:55,989 serial_wrap.py, line 63, INFO:port is COM3, controller is mc602, mode USB
2025-07-06 19:29:56,022 controller_wrap.py, line 31, INFO:dev_name:mc602
2025-07-06 19:29:56,899 vehicle_base.py, line 305, INFO:MecanumChassis
2025-07-06 19:29:56,899 vehicle_base.py, line 194, INFO:mecanum init
2025-07-06 19:29:56,901 car_wrap.py, line 147, INFO:my car init ok 0.006913185119628906
2025-07-06 19:29:57,880 camera.py, line 82, ERROR:read:读取图像错误!!!!
2025-07-06 19:29:58,102 camera.py, line 82, ERROR:read:读取图像错误!!!!
2025-07-06 19:29:58,320 camera.py, line 82, ERROR:read:读取图像错误!!!!
2025-07-06 19:29:58,635 camera.py, line 82, ERROR:read:读取图像错误!!!!
2025-07-06 19:29:58,822 camera.py, line 82, ERROR:read:读取图像错误!!!!
2025-07-06 19:29:59,012 camera.py, line 82, ERROR:read:读取图像错误!!!!
2025-07-06 19:29:59,297 camera.py, line 82, ERROR:read:读取图像错误!!!!
2025-07-06 19:29:59,478 camera.py, line 82, ERROR:read:读取图像错误!!!!
2025-07-06 19:29:59,629 camera.py, line 82, ERROR:read:读取图像错误!!!!
2025-07-06 19:29:59,828 camera.py, line 82, ERROR:read:读取图像错误!!!!
2025-07-06 19:29:59,934 infer_front.py, line 115, INFO:lane连接服务器...
2025-07-06 19:30:00,029 camera.py, line 82, ERROR:read:读取图像错误!!!!
2025-07-06 19:30:00,314 camera.py, line 82, ERROR:read:读取图像错误!!!!
2025-07-06 19:30:00,593 camera.py, line 82, ERROR:read:读取图像错误!!!!
2025-07-06 20:42:43,960 serial_wrap.py, line 116, ERROR:未找到串口,查看是否插入了串口,或者查看下位机是否开机
2025-07-06 20:43:00,743 serial_wrap.py, line 123, INFO:try:COM3 - USB-SERIAL CH340 (COM3)
2025-07-06 20:43:01,193 serial_wrap.py, line 324, ERROR:get_anwser timeout 
2025-07-06 20:43:01,210 serial_wrap.py, line 267, INFO:is mc602
2025-07-06 20:43:01,211 serial_wrap.py, line 268, INFO:load program
2025-07-06 20:43:03,028 serial_wrap.py, line 63, INFO:port is COM3, controller is mc602, mode USB
2025-07-06 20:43:03,075 controller_wrap.py, line 31, INFO:dev_name:mc602
2025-07-06 20:43:04,198 vehicle_base.py, line 305, INFO:MecanumChassis
2025-07-06 20:43:04,198 vehicle_base.py, line 194, INFO:mecanum init
2025-07-06 20:43:04,200 car_wrap.py, line 147, INFO:my car init ok 0.005597114562988281
2025-07-06 20:43:05,001 camera.py, line 82, ERROR:read:读取图像错误!!!!
2025-07-06 20:43:05,199 camera.py, line 82, ERROR:read:读取图像错误!!!!
2025-07-06 20:43:05,372 camera.py, line 82, ERROR:read:读取图像错误!!!!
2025-07-06 20:43:05,560 camera.py, line 82, ERROR:read:读取图像错误!!!!
2025-07-06 20:43:05,816 camera.py, line 82, ERROR:read:读取图像错误!!!!
2025-07-06 20:43:05,970 camera.py, line 82, ERROR:read:读取图像错误!!!!
2025-07-06 20:43:06,133 camera.py, line 82, ERROR:read:读取图像错误!!!!
2025-07-06 20:43:06,296 camera.py, line 82, ERROR:read:读取图像错误!!!!
2025-07-06 20:43:06,460 camera.py, line 82, ERROR:read:读取图像错误!!!!
2025-07-06 20:43:06,666 camera.py, line 82, ERROR:read:读取图像错误!!!!
2025-07-06 20:43:06,813 camera.py, line 82, ERROR:read:读取图像错误!!!!
2025-07-06 20:43:06,980 camera.py, line 82, ERROR:read:读取图像错误!!!!
2025-07-06 20:43:07,157 camera.py, line 82, ERROR:read:读取图像错误!!!!
2025-07-06 20:43:07,186 infer_front.py, line 115, INFO:lane连接服务器...
2025-07-06 20:43:07,344 camera.py, line 82, ERROR:read:读取图像错误!!!!
2025-07-06 20:43:07,590 camera.py, line 82, ERROR:read:读取图像错误!!!!
2025-07-06 20:43:07,802 camera.py, line 82, ERROR:read:读取图像错误!!!!
2025-07-06 20:43:08,059 camera.py, line 82, ERROR:read:读取图像错误!!!!
2025-07-06 20:43:08,282 camera.py, line 82, ERROR:read:读取图像错误!!!!
2025-07-06 20:43:08,520 camera.py, line 82, ERROR:read:读取图像错误!!!!
2025-07-06 20:43:08,774 camera.py, line 82, ERROR:read:读取图像错误!!!!
2025-07-06 20:43:09,008 camera.py, line 82, ERROR:read:读取图像错误!!!!
2025-07-06 20:43:09,237 camera.py, line 82, ERROR:read:读取图像错误!!!!
2025-07-06 20:43:09,484 camera.py, line 82, ERROR:read:读取图像错误!!!!
2025-07-06 20:43:09,728 camera.py, line 82, ERROR:read:读取图像错误!!!!
2025-07-06 20:43:10,005 camera.py, line 82, ERROR:read:读取图像错误!!!!
2025-07-06 20:43:10,239 camera.py, line 82, ERROR:read:读取图像错误!!!!
2025-07-06 20:43:10,448 camera.py, line 82, ERROR:read:读取图像错误!!!!
2025-07-06 20:43:10,743 camera.py, line 82, ERROR:read:读取图像错误!!!!
2025-07-06 20:43:10,969 camera.py, line 82, ERROR:read:读取图像错误!!!!
2025-07-06 20:43:11,222 camera.py, line 82, ERROR:read:读取图像错误!!!!
2025-07-06 20:43:11,485 camera.py, line 82, ERROR:read:读取图像错误!!!!
2025-07-06 20:43:11,725 camera.py, line 82, ERROR:read:读取图像错误!!!!
2025-07-06 20:43:11,957 camera.py, line 82, ERROR:read:读取图像错误!!!!
2025-07-06 20:43:12,040 infer_front.py, line 154, INFO:开启infer_back_end.py脚本, 后台运行中, 请等待
2025-07-06 20:43:12,199 camera.py, line 82, ERROR:read:读取图像错误!!!!
2025-07-06 20:43:12,338 camera.py, line 82, ERROR:read:读取图像错误!!!!
2025-07-06 20:43:12,461 camera.py, line 82, ERROR:read:读取图像错误!!!!
2025-07-06 20:43:12,602 camera.py, line 82, ERROR:read:读取图像错误!!!!
2025-07-06 20:43:12,747 camera.py, line 82, ERROR:read:读取图像错误!!!!
2025-07-06 20:43:12,884 camera.py, line 82, ERROR:read:读取图像错误!!!!
2025-07-06 20:43:13,029 camera.py, line 82, ERROR:read:读取图像错误!!!!
2025-07-06 20:43:13,173 camera.py, line 82, ERROR:read:读取图像错误!!!!
2025-07-06 20:43:13,330 camera.py, line 82, ERROR:read:读取图像错误!!!!
2025-07-06 20:43:13,480 camera.py, line 82, ERROR:read:读取图像错误!!!!
2025-07-06 20:43:13,643 camera.py, line 82, ERROR:read:读取图像错误!!!!
2025-07-06 20:43:13,805 camera.py, line 82, ERROR:read:读取图像错误!!!!
2025-07-06 20:43:13,947 camera.py, line 82, ERROR:read:读取图像错误!!!!
2025-07-06 20:43:14,079 camera.py, line 82, ERROR:read:读取图像错误!!!!
2025-07-06 20:43:14,216 camera.py, line 82, ERROR:read:读取图像错误!!!!
2025-07-06 20:43:14,353 camera.py, line 82, ERROR:read:读取图像错误!!!!
2025-07-06 20:43:14,494 camera.py, line 82, ERROR:read:读取图像错误!!!!
2025-07-06 20:43:14,625 camera.py, line 82, ERROR:read:读取图像错误!!!!
2025-07-06 20:43:14,774 camera.py, line 82, ERROR:read:读取图像错误!!!!
2025-07-06 20:43:14,909 camera.py, line 82, ERROR:read:读取图像错误!!!!
2025-07-06 20:43:15,051 camera.py, line 82, ERROR:read:读取图像错误!!!!
2025-07-06 20:43:15,190 camera.py, line 82, ERROR:read:读取图像错误!!!!
2025-07-06 20:43:15,328 camera.py, line 82, ERROR:read:读取图像错误!!!!
2025-07-06 20:43:15,468 camera.py, line 82, ERROR:read:读取图像错误!!!!
2025-07-06 20:43:15,598 camera.py, line 82, ERROR:read:读取图像错误!!!!
2025-07-06 20:43:15,740 camera.py, line 82, ERROR:read:读取图像错误!!!!
2025-07-06 20:43:15,881 camera.py, line 82, ERROR:read:读取图像错误!!!!
2025-07-06 20:43:16,021 camera.py, line 82, ERROR:read:读取图像错误!!!!
2025-07-06 20:43:16,154 camera.py, line 82, ERROR:read:读取图像错误!!!!
2025-07-06 20:43:16,289 camera.py, line 82, ERROR:read:读取图像错误!!!!
2025-07-06 20:43:16,419 camera.py, line 82, ERROR:read:读取图像错误!!!!
2025-07-06 20:43:16,563 camera.py, line 82, ERROR:read:读取图像错误!!!!
2025-07-06 20:43:16,712 camera.py, line 82, ERROR:read:读取图像错误!!!!
2025-07-06 20:43:16,852 camera.py, line 82, ERROR:read:读取图像错误!!!!
2025-07-06 20:43:16,987 camera.py, line 82, ERROR:read:读取图像错误!!!!
2025-07-06 20:43:17,113 camera.py, line 82, ERROR:read:读取图像错误!!!!
2025-07-06 20:43:17,250 camera.py, line 82, ERROR:read:读取图像错误!!!!
2025-07-06 20:43:17,399 camera.py, line 82, ERROR:read:读取图像错误!!!!
2025-07-06 20:43:17,537 camera.py, line 82, ERROR:read:读取图像错误!!!!
2025-07-06 20:43:17,676 camera.py, line 82, ERROR:read:读取图像错误!!!!
2025-07-06 20:43:17,813 camera.py, line 82, ERROR:read:读取图像错误!!!!
2025-07-06 20:43:17,972 camera.py, line 82, ERROR:read:读取图像错误!!!!
2025-07-06 20:43:18,116 camera.py, line 82, ERROR:read:读取图像错误!!!!
2025-07-06 20:43:18,264 camera.py, line 82, ERROR:read:读取图像错误!!!!
2025-07-06 20:43:18,409 camera.py, line 82, ERROR:read:读取图像错误!!!!
2025-07-06 20:43:18,556 camera.py, line 82, ERROR:read:读取图像错误!!!!
2025-07-06 20:43:18,709 camera.py, line 82, ERROR:read:读取图像错误!!!!
2025-07-06 20:43:18,860 camera.py, line 82, ERROR:read:读取图像错误!!!!
2025-07-06 20:43:18,995 camera.py, line 82, ERROR:read:读取图像错误!!!!
2025-07-06 20:43:19,141 camera.py, line 82, ERROR:read:读取图像错误!!!!
2025-07-06 20:43:19,282 camera.py, line 82, ERROR:read:读取图像错误!!!!
2025-07-06 20:43:19,422 camera.py, line 82, ERROR:read:读取图像错误!!!!
2025-07-06 20:43:19,561 camera.py, line 82, ERROR:read:读取图像错误!!!!
2025-07-06 20:43:19,713 camera.py, line 82, ERROR:read:读取图像错误!!!!
2025-07-06 20:43:19,867 camera.py, line 82, ERROR:read:读取图像错误!!!!
2025-07-06 20:43:20,002 camera.py, line 82, ERROR:read:读取图像错误!!!!
2025-07-06 20:43:20,162 camera.py, line 82, ERROR:read:读取图像错误!!!!
2025-07-06 20:43:20,351 camera.py, line 82, ERROR:read:读取图像错误!!!!
2025-07-06 20:43:20,503 camera.py, line 82, ERROR:read:读取图像错误!!!!
2025-07-06 20:43:20,650 camera.py, line 82, ERROR:read:读取图像错误!!!!
2025-07-06 20:43:20,799 camera.py, line 82, ERROR:read:读取图像错误!!!!
2025-07-06 20:43:20,941 camera.py, line 82, ERROR:read:读取图像错误!!!!
2025-07-06 20:43:21,091 camera.py, line 82, ERROR:read:读取图像错误!!!!
2025-07-06 20:43:21,239 camera.py, line 82, ERROR:read:读取图像错误!!!!
2025-07-06 20:43:21,391 camera.py, line 82, ERROR:read:读取图像错误!!!!
2025-07-06 20:43:21,529 camera.py, line 82, ERROR:read:读取图像错误!!!!
2025-07-06 20:43:21,674 camera.py, line 82, ERROR:read:读取图像错误!!!!
2025-07-06 20:43:21,811 camera.py, line 82, ERROR:read:读取图像错误!!!!
2025-07-06 20:43:21,942 camera.py, line 82, ERROR:read:读取图像错误!!!!
2025-07-06 20:43:22,081 camera.py, line 82, ERROR:read:读取图像错误!!!!
2025-07-06 20:43:22,223 camera.py, line 82, ERROR:read:读取图像错误!!!!
2025-07-06 20:43:22,366 camera.py, line 82, ERROR:read:读取图像错误!!!!
2025-07-06 20:43:22,510 camera.py, line 82, ERROR:read:读取图像错误!!!!
2025-07-06 20:43:22,639 camera.py, line 82, ERROR:read:读取图像错误!!!!
2025-07-06 20:43:22,763 camera.py, line 82, ERROR:read:读取图像错误!!!!
2025-07-06 20:43:22,903 camera.py, line 82, ERROR:read:读取图像错误!!!!
2025-07-06 20:43:23,046 camera.py, line 82, ERROR:read:读取图像错误!!!!
2025-07-06 20:43:23,172 camera.py, line 82, ERROR:read:读取图像错误!!!!
2025-07-06 20:43:23,311 camera.py, line 82, ERROR:read:读取图像错误!!!!
2025-07-06 20:43:23,454 camera.py, line 82, ERROR:read:读取图像错误!!!!
2025-07-06 20:43:23,599 camera.py, line 82, ERROR:read:读取图像错误!!!!
2025-07-06 20:43:23,735 camera.py, line 82, ERROR:read:读取图像错误!!!!
2025-07-06 20:43:23,875 camera.py, line 82, ERROR:read:读取图像错误!!!!
2025-07-06 20:43:24,021 camera.py, line 82, ERROR:read:读取图像错误!!!!
2025-07-06 20:43:24,179 camera.py, line 82, ERROR:read:读取图像错误!!!!
2025-07-06 20:43:24,320 camera.py, line 82, ERROR:read:读取图像错误!!!!
2025-07-06 20:43:24,452 camera.py, line 82, ERROR:read:读取图像错误!!!!
2025-07-06 20:43:24,580 camera.py, line 82, ERROR:read:读取图像错误!!!!
2025-07-06 20:43:24,709 camera.py, line 82, ERROR:read:读取图像错误!!!!
2025-07-06 20:43:24,841 camera.py, line 82, ERROR:read:读取图像错误!!!!
2025-07-06 20:43:24,968 camera.py, line 82, ERROR:read:读取图像错误!!!!
2025-07-06 20:43:25,098 camera.py, line 82, ERROR:read:读取图像错误!!!!
2025-07-06 20:43:25,236 camera.py, line 82, ERROR:read:读取图像错误!!!!
2025-07-06 20:43:25,375 camera.py, line 82, ERROR:read:读取图像错误!!!!
2025-07-06 20:43:25,510 camera.py, line 82, ERROR:read:读取图像错误!!!!
2025-07-06 20:43:25,651 camera.py, line 82, ERROR:read:读取图像错误!!!!
2025-07-06 20:43:25,785 camera.py, line 82, ERROR:read:读取图像错误!!!!
2025-07-06 20:43:25,924 camera.py, line 82, ERROR:read:读取图像错误!!!!
2025-07-06 20:43:26,066 camera.py, line 82, ERROR:read:读取图像错误!!!!
2025-07-06 20:43:26,198 camera.py, line 82, ERROR:read:读取图像错误!!!!
2025-07-06 20:43:26,333 camera.py, line 82, ERROR:read:读取图像错误!!!!
2025-07-06 20:43:26,470 camera.py, line 82, ERROR:read:读取图像错误!!!!
2025-07-06 20:43:26,603 camera.py, line 82, ERROR:read:读取图像错误!!!!
2025-07-06 20:43:26,742 camera.py, line 82, ERROR:read:读取图像错误!!!!
2025-07-06 20:43:26,888 camera.py, line 82, ERROR:read:读取图像错误!!!!
2025-07-06 20:43:27,020 camera.py, line 82, ERROR:read:读取图像错误!!!!
2025-07-06 20:43:27,151 camera.py, line 82, ERROR:read:读取图像错误!!!!
2025-07-06 20:43:27,279 camera.py, line 82, ERROR:read:读取图像错误!!!!
2025-07-06 20:43:27,418 camera.py, line 82, ERROR:read:读取图像错误!!!!
2025-07-06 20:43:27,552 camera.py, line 82, ERROR:read:读取图像错误!!!!
2025-07-06 20:43:27,676 camera.py, line 82, ERROR:read:读取图像错误!!!!
2025-07-06 20:43:27,812 camera.py, line 82, ERROR:read:读取图像错误!!!!
2025-07-06 20:43:27,940 camera.py, line 82, ERROR:read:读取图像错误!!!!
2025-07-06 20:43:28,078 camera.py, line 82, ERROR:read:读取图像错误!!!!
2025-07-06 20:43:28,204 camera.py, line 82, ERROR:read:读取图像错误!!!!
2025-07-06 20:43:28,339 camera.py, line 82, ERROR:read:读取图像错误!!!!
2025-07-06 20:43:28,476 camera.py, line 82, ERROR:read:读取图像错误!!!!
2025-07-06 20:43:28,621 camera.py, line 82, ERROR:read:读取图像错误!!!!
2025-07-06 20:43:28,766 camera.py, line 82, ERROR:read:读取图像错误!!!!
2025-07-06 20:43:28,927 camera.py, line 82, ERROR:read:读取图像错误!!!!
2025-07-06 20:43:29,095 camera.py, line 82, ERROR:read:读取图像错误!!!!
2025-07-06 20:43:29,228 camera.py, line 82, ERROR:read:读取图像错误!!!!
2025-07-06 20:43:29,366 camera.py, line 82, ERROR:read:读取图像错误!!!!
2025-07-06 20:43:29,512 camera.py, line 82, ERROR:read:读取图像错误!!!!
2025-07-06 20:43:29,663 camera.py, line 82, ERROR:read:读取图像错误!!!!
2025-07-06 20:43:29,820 camera.py, line 82, ERROR:read:读取图像错误!!!!
2025-07-06 20:43:29,968 camera.py, line 82, ERROR:read:读取图像错误!!!!
2025-07-06 20:43:30,117 camera.py, line 82, ERROR:read:读取图像错误!!!!
2025-07-06 20:43:30,268 camera.py, line 82, ERROR:read:读取图像错误!!!!
2025-07-06 20:43:30,409 camera.py, line 82, ERROR:read:读取图像错误!!!!
2025-07-06 20:43:30,572 camera.py, line 82, ERROR:read:读取图像错误!!!!
2025-07-06 20:43:30,726 camera.py, line 82, ERROR:read:读取图像错误!!!!
2025-07-06 20:43:30,893 camera.py, line 82, ERROR:read:读取图像错误!!!!
2025-07-06 20:43:31,048 camera.py, line 82, ERROR:read:读取图像错误!!!!
2025-07-06 20:43:31,187 camera.py, line 82, ERROR:read:读取图像错误!!!!
2025-07-06 20:43:31,317 camera.py, line 82, ERROR:read:读取图像错误!!!!
2025-07-06 20:43:31,455 camera.py, line 82, ERROR:read:读取图像错误!!!!
2025-07-06 20:43:31,597 camera.py, line 82, ERROR:read:读取图像错误!!!!
2025-07-06 20:43:31,734 camera.py, line 82, ERROR:read:读取图像错误!!!!
2025-07-06 20:43:31,899 camera.py, line 82, ERROR:read:读取图像错误!!!!
2025-07-06 20:43:32,034 camera.py, line 82, ERROR:read:读取图像错误!!!!
2025-07-06 20:43:32,164 camera.py, line 82, ERROR:read:读取图像错误!!!!
2025-07-06 20:43:32,305 camera.py, line 82, ERROR:read:读取图像错误!!!!
2025-07-06 20:43:32,441 camera.py, line 82, ERROR:read:读取图像错误!!!!
2025-07-06 20:43:32,572 camera.py, line 82, ERROR:read:读取图像错误!!!!
2025-07-06 20:43:32,701 camera.py, line 82, ERROR:read:读取图像错误!!!!
2025-07-06 20:43:32,831 camera.py, line 82, ERROR:read:读取图像错误!!!!
2025-07-06 20:43:32,971 camera.py, line 82, ERROR:read:读取图像错误!!!!
2025-07-06 20:43:33,111 camera.py, line 82, ERROR:read:读取图像错误!!!!
2025-07-06 20:43:33,239 camera.py, line 82, ERROR:read:读取图像错误!!!!
2025-07-06 20:43:33,377 camera.py, line 82, ERROR:read:读取图像错误!!!!
2025-07-06 20:43:33,516 camera.py, line 82, ERROR:read:读取图像错误!!!!
2025-07-06 20:43:33,658 camera.py, line 82, ERROR:read:读取图像错误!!!!
2025-07-06 20:43:33,798 camera.py, line 82, ERROR:read:读取图像错误!!!!
2025-07-06 20:43:33,945 camera.py, line 82, ERROR:read:读取图像错误!!!!
2025-07-06 20:43:34,073 camera.py, line 82, ERROR:read:读取图像错误!!!!
2025-07-06 20:43:34,204 camera.py, line 82, ERROR:read:读取图像错误!!!!
2025-07-06 20:43:34,333 camera.py, line 82, ERROR:read:读取图像错误!!!!
2025-07-06 20:43:34,470 camera.py, line 82, ERROR:read:读取图像错误!!!!
2025-07-06 20:43:34,608 camera.py, line 82, ERROR:read:读取图像错误!!!!
2025-07-06 20:43:34,734 camera.py, line 82, ERROR:read:读取图像错误!!!!
2025-07-06 20:43:34,876 camera.py, line 82, ERROR:read:读取图像错误!!!!
2025-07-06 20:43:35,023 camera.py, line 82, ERROR:read:读取图像错误!!!!
2025-07-06 20:43:35,157 camera.py, line 82, ERROR:read:读取图像错误!!!!
2025-07-06 20:43:35,290 camera.py, line 82, ERROR:read:读取图像错误!!!!
2025-07-06 20:43:35,418 camera.py, line 82, ERROR:read:读取图像错误!!!!
2025-07-06 20:43:35,550 camera.py, line 82, ERROR:read:读取图像错误!!!!
2025-07-06 20:43:35,682 camera.py, line 82, ERROR:read:读取图像错误!!!!
2025-07-06 20:43:35,821 camera.py, line 82, ERROR:read:读取图像错误!!!!
2025-07-06 20:43:35,967 camera.py, line 82, ERROR:read:读取图像错误!!!!
2025-07-06 20:43:36,115 camera.py, line 82, ERROR:read:读取图像错误!!!!
2025-07-06 20:43:36,258 camera.py, line 82, ERROR:read:读取图像错误!!!!
2025-07-06 20:43:36,403 camera.py, line 82, ERROR:read:读取图像错误!!!!
2025-07-06 20:43:36,535 camera.py, line 82, ERROR:read:读取图像错误!!!!
2025-07-06 20:43:36,668 camera.py, line 82, ERROR:read:读取图像错误!!!!
2025-07-06 20:43:36,799 camera.py, line 82, ERROR:read:读取图像错误!!!!
2025-07-06 20:43:36,942 camera.py, line 82, ERROR:read:读取图像错误!!!!
2025-07-06 20:43:37,079 camera.py, line 82, ERROR:read:读取图像错误!!!!
2025-07-06 20:43:37,208 camera.py, line 82, ERROR:read:读取图像错误!!!!
2025-07-06 20:43:37,344 camera.py, line 82, ERROR:read:读取图像错误!!!!
2025-07-06 20:43:37,490 camera.py, line 82, ERROR:read:读取图像错误!!!!
2025-07-06 20:43:37,644 camera.py, line 82, ERROR:read:读取图像错误!!!!
2025-07-06 20:43:37,786 camera.py, line 82, ERROR:read:读取图像错误!!!!
2025-07-06 20:43:37,928 camera.py, line 82, ERROR:read:读取图像错误!!!!
2025-07-06 20:43:38,078 camera.py, line 82, ERROR:read:读取图像错误!!!!
2025-07-06 20:43:38,216 camera.py, line 82, ERROR:read:读取图像错误!!!!
2025-07-06 20:43:38,364 camera.py, line 82, ERROR:read:读取图像错误!!!!
2025-07-06 20:43:38,509 camera.py, line 82, ERROR:read:读取图像错误!!!!
2025-07-06 20:43:38,668 camera.py, line 82, ERROR:read:读取图像错误!!!!
2025-07-06 20:43:38,822 camera.py, line 82, ERROR:read:读取图像错误!!!!
2025-07-06 20:43:38,954 camera.py, line 82, ERROR:read:读取图像错误!!!!
2025-07-06 20:43:39,090 camera.py, line 82, ERROR:read:读取图像错误!!!!
2025-07-06 20:43:39,235 camera.py, line 82, ERROR:read:读取图像错误!!!!
2025-07-06 20:43:39,372 camera.py, line 82, ERROR:read:读取图像错误!!!!
2025-07-06 20:43:39,522 camera.py, line 82, ERROR:read:读取图像错误!!!!
2025-07-06 20:43:39,681 camera.py, line 82, ERROR:read:读取图像错误!!!!
2025-07-06 20:43:39,836 camera.py, line 82, ERROR:read:读取图像错误!!!!
2025-07-06 20:43:39,973 camera.py, line 82, ERROR:read:读取图像错误!!!!
2025-07-06 20:43:40,130 camera.py, line 82, ERROR:read:读取图像错误!!!!
2025-07-06 20:43:40,270 camera.py, line 82, ERROR:read:读取图像错误!!!!
2025-07-06 20:43:40,403 camera.py, line 82, ERROR:read:读取图像错误!!!!
2025-07-06 20:43:40,532 camera.py, line 82, ERROR:read:读取图像错误!!!!
2025-07-06 20:43:40,672 camera.py, line 82, ERROR:read:读取图像错误!!!!
2025-07-06 20:43:40,814 camera.py, line 82, ERROR:read:读取图像错误!!!!
2025-07-06 20:43:40,954 camera.py, line 82, ERROR:read:读取图像错误!!!!
2025-07-06 20:43:41,086 camera.py, line 82, ERROR:read:读取图像错误!!!!
2025-07-06 20:43:41,230 camera.py, line 82, ERROR:read:读取图像错误!!!!
2025-07-06 20:43:41,372 camera.py, line 82, ERROR:read:读取图像错误!!!!
2025-07-06 20:43:41,513 camera.py, line 82, ERROR:read:读取图像错误!!!!
2025-07-06 20:43:41,639 camera.py, line 82, ERROR:read:读取图像错误!!!!
2025-07-06 20:43:41,768 camera.py, line 82, ERROR:read:读取图像错误!!!!
2025-07-06 20:43:41,901 camera.py, line 82, ERROR:read:读取图像错误!!!!
2025-07-06 20:43:42,039 camera.py, line 82, ERROR:read:读取图像错误!!!!
2025-07-06 20:43:42,188 camera.py, line 82, ERROR:read:读取图像错误!!!!
2025-07-06 20:43:42,323 camera.py, line 82, ERROR:read:读取图像错误!!!!
2025-07-06 20:43:42,461 camera.py, line 82, ERROR:read:读取图像错误!!!!
2025-07-06 20:43:42,592 camera.py, line 82, ERROR:read:读取图像错误!!!!
2025-07-06 20:43:42,726 camera.py, line 82, ERROR:read:读取图像错误!!!!
2025-07-06 20:43:42,863 camera.py, line 82, ERROR:read:读取图像错误!!!!
2025-07-06 20:43:42,992 camera.py, line 82, ERROR:read:读取图像错误!!!!
2025-07-06 20:43:43,129 camera.py, line 82, ERROR:read:读取图像错误!!!!
2025-07-06 20:43:43,265 camera.py, line 82, ERROR:read:读取图像错误!!!!
2025-07-06 20:43:43,408 camera.py, line 82, ERROR:read:读取图像错误!!!!
2025-07-06 20:43:43,548 camera.py, line 82, ERROR:read:读取图像错误!!!!
2025-07-06 20:43:43,674 camera.py, line 82, ERROR:read:读取图像错误!!!!
2025-07-06 20:43:43,818 camera.py, line 82, ERROR:read:读取图像错误!!!!
2025-07-06 20:43:43,968 camera.py, line 82, ERROR:read:读取图像错误!!!!
2025-07-06 20:43:44,117 camera.py, line 82, ERROR:read:读取图像错误!!!!
2025-07-06 20:43:44,260 camera.py, line 82, ERROR:read:读取图像错误!!!!
2025-07-06 20:43:44,407 camera.py, line 82, ERROR:read:读取图像错误!!!!
2025-07-06 20:43:44,552 camera.py, line 82, ERROR:read:读取图像错误!!!!
2025-07-06 20:43:44,695 camera.py, line 82, ERROR:read:读取图像错误!!!!
2025-07-06 20:43:44,832 camera.py, line 82, ERROR:read:读取图像错误!!!!
2025-07-06 20:43:44,969 camera.py, line 82, ERROR:read:读取图像错误!!!!
2025-07-06 20:43:45,160 camera.py, line 82, ERROR:read:读取图像错误!!!!
2025-07-06 20:43:45,292 camera.py, line 82, ERROR:read:读取图像错误!!!!
2025-07-06 20:43:45,429 camera.py, line 82, ERROR:read:读取图像错误!!!!
2025-07-06 20:43:45,584 camera.py, line 82, ERROR:read:读取图像错误!!!!
2025-07-06 20:43:45,725 camera.py, line 82, ERROR:read:读取图像错误!!!!
2025-07-06 20:43:45,865 camera.py, line 82, ERROR:read:读取图像错误!!!!
2025-07-06 20:43:45,991 camera.py, line 82, ERROR:read:读取图像错误!!!!
2025-07-06 20:43:46,118 camera.py, line 82, ERROR:read:读取图像错误!!!!
2025-07-06 20:43:46,254 camera.py, line 82, ERROR:read:读取图像错误!!!!
2025-07-06 20:43:46,388 camera.py, line 82, ERROR:read:读取图像错误!!!!
2025-07-06 20:43:46,527 camera.py, line 82, ERROR:read:读取图像错误!!!!
2025-07-06 20:43:46,664 camera.py, line 82, ERROR:read:读取图像错误!!!!
2025-07-06 20:43:46,852 camera.py, line 82, ERROR:read:读取图像错误!!!!
2025-07-06 20:43:47,020 camera.py, line 82, ERROR:read:读取图像错误!!!!
2025-07-06 20:43:47,173 camera.py, line 82, ERROR:read:读取图像错误!!!!
2025-07-06 20:43:47,321 camera.py, line 82, ERROR:read:读取图像错误!!!!
2025-07-06 20:43:47,488 camera.py, line 82, ERROR:read:读取图像错误!!!!
2025-07-06 20:43:47,631 camera.py, line 82, ERROR:read:读取图像错误!!!!
2025-07-06 20:43:47,763 camera.py, line 82, ERROR:read:读取图像错误!!!!
2025-07-06 20:43:47,926 camera.py, line 82, ERROR:read:读取图像错误!!!!
2025-07-06 20:43:48,071 camera.py, line 82, ERROR:read:读取图像错误!!!!
2025-07-06 20:43:48,215 camera.py, line 82, ERROR:read:读取图像错误!!!!
2025-07-06 20:43:48,350 camera.py, line 82, ERROR:read:读取图像错误!!!!
2025-07-06 20:43:48,507 camera.py, line 82, ERROR:read:读取图像错误!!!!
2025-07-06 20:43:48,662 camera.py, line 82, ERROR:read:读取图像错误!!!!
2025-07-06 20:43:48,817 camera.py, line 82, ERROR:read:读取图像错误!!!!
2025-07-06 20:43:48,976 camera.py, line 82, ERROR:read:读取图像错误!!!!
2025-07-06 20:43:49,134 camera.py, line 82, ERROR:read:读取图像错误!!!!
2025-07-06 20:43:49,289 camera.py, line 82, ERROR:read:读取图像错误!!!!
2025-07-06 20:43:49,438 camera.py, line 82, ERROR:read:读取图像错误!!!!
2025-07-06 20:43:49,592 camera.py, line 82, ERROR:read:读取图像错误!!!!
2025-07-06 20:43:49,750 camera.py, line 82, ERROR:read:读取图像错误!!!!
2025-07-06 20:43:49,910 camera.py, line 82, ERROR:read:读取图像错误!!!!
2025-07-06 20:52:42,213 serial_wrap.py, line 123, INFO:try:COM3 - USB-SERIAL CH340 (COM3)
2025-07-06 20:52:42,298 serial_wrap.py, line 63, INFO:port is COM3, controller is mc602, mode USB
2025-07-06 20:52:42,332 controller_wrap.py, line 31, INFO:dev_name:mc602
2025-07-06 20:52:43,108 vehicle_base.py, line 305, INFO:MecanumChassis
2025-07-06 20:52:43,109 vehicle_base.py, line 194, INFO:mecanum init
2025-07-06 20:52:43,109 car_wrap.py, line 147, INFO:my car init ok 0.004997968673706055
2025-07-06 20:52:46,080 camera.py, line 82, ERROR:read:读取图像错误!!!!
2025-07-06 20:52:46,585 infer_front.py, line 115, INFO:lane连接服务器...
2025-07-06 20:52:47,268 camera.py, line 82, ERROR:read:读取图像错误!!!!
2025-07-06 20:52:48,438 camera.py, line 82, ERROR:read:读取图像错误!!!!
2025-07-06 20:52:49,687 camera.py, line 82, ERROR:read:读取图像错误!!!!
2025-07-06 20:52:50,724 infer_front.py, line 154, INFO:开启infer_back_end.py脚本, 后台运行中, 请等待
2025-07-06 20:52:50,854 camera.py, line 82, ERROR:read:读取图像错误!!!!
2025-07-06 20:54:22,062 serial_wrap.py, line 123, INFO:try:COM3 - USB-SERIAL CH340 (COM3)
2025-07-06 20:54:22,135 serial_wrap.py, line 63, INFO:port is COM3, controller is mc602, mode USB
2025-07-06 20:54:22,167 controller_wrap.py, line 31, INFO:dev_name:mc602
2025-07-06 20:54:22,902 vehicle_base.py, line 305, INFO:MecanumChassis
2025-07-06 20:54:22,902 vehicle_base.py, line 194, INFO:mecanum init
2025-07-06 20:54:22,903 car_wrap.py, line 147, INFO:my car init ok 0.004007101058959961
2025-07-06 20:54:25,824 camera.py, line 82, ERROR:read:读取图像错误!!!!
2025-07-06 20:54:26,329 infer_front.py, line 115, INFO:lane连接服务器...
2025-07-06 20:54:26,997 camera.py, line 82, ERROR:read:读取图像错误!!!!
2025-07-06 20:55:45,297 serial_wrap.py, line 123, INFO:try:COM3 - USB-SERIAL CH340 (COM3)
2025-07-06 20:55:45,374 serial_wrap.py, line 63, INFO:port is COM3, controller is mc602, mode USB
2025-07-06 20:55:45,410 controller_wrap.py, line 31, INFO:dev_name:mc602
2025-07-06 20:55:46,230 vehicle_base.py, line 305, INFO:MecanumChassis
2025-07-06 20:55:46,230 vehicle_base.py, line 194, INFO:mecanum init
2025-07-06 20:55:46,231 car_wrap.py, line 147, INFO:my car init ok 0.004390239715576172
2025-07-06 20:55:50,847 infer_front.py, line 115, INFO:lane连接服务器...
2025-07-06 20:55:54,732 infer_front.py, line 154, INFO:开启infer_back_end.py脚本, 后台运行中, 请等待
2025-07-06 21:03:16,311 serial_wrap.py, line 123, INFO:try:COM3 - USB-SERIAL CH340 (COM3)
2025-07-06 21:03:16,384 serial_wrap.py, line 63, INFO:port is COM3, controller is mc602, mode USB
2025-07-06 21:03:16,416 controller_wrap.py, line 31, INFO:dev_name:mc602
2025-07-06 21:03:17,165 vehicle_base.py, line 305, INFO:MecanumChassis
2025-07-06 21:03:17,165 vehicle_base.py, line 194, INFO:mecanum init
2025-07-06 21:03:17,166 car_wrap.py, line 147, INFO:my car init ok 0.004000186920166016
2025-07-06 21:03:21,746 infer_front.py, line 115, INFO:lane连接服务器...
2025-07-06 21:03:25,268 infer_front.py, line 154, INFO:开启infer_back_end.py脚本, 后台运行中, 请等待
2025-07-06 21:03:49,691 infer_front.py, line 128, INFO:
2025-07-06 21:03:49,691 infer_front.py, line 137, INFO:lane连接服务器成功
2025-07-06 21:03:49,694 infer_front.py, line 115, INFO:front连接服务器...
2025-07-06 21:03:51,600 infer_front.py, line 137, INFO:front连接服务器成功
2025-07-06 21:03:51,602 infer_front.py, line 115, INFO:task连接服务器...
2025-07-06 21:03:53,352 infer_front.py, line 137, INFO:task连接服务器成功
2025-07-06 21:03:53,354 infer_front.py, line 115, INFO:ocr连接服务器...
2025-07-06 21:03:55,092 infer_front.py, line 137, INFO:ocr连接服务器成功
2025-07-06 21:03:55,702 car_wrap.py, line 673, INFO:0
2025-07-06 21:03:55,702 car_wrap.py, line 675, INFO:['simple_lane_test', 'lane_distance_test', 'basic_movement_test', 'all_task', 'lane_test', 'reset', 'debug']
2025-07-06 21:06:40,128 car_wrap.py, line 756, INFO:simple_lane_test
2025-07-06 21:07:38,885 car_wrap.py, line 756, INFO:simple_lane_test
2025-07-06 21:08:26,258 car_wrap.py, line 756, INFO:simple_lane_test
2025-07-06 21:08:34,784 car_wrap.py, line 756, INFO:simple_lane_test
2025-07-06 21:08:47,938 car_wrap.py, line 756, INFO:simple_lane_test
2025-07-06 21:08:54,915 car_wrap.py, line 756, INFO:simple_lane_test
2025-07-06 21:31:25,301 serial_wrap.py, line 123, INFO:try:COM3 - USB-SERIAL CH340 (COM3)
2025-07-06 21:31:25,381 serial_wrap.py, line 63, INFO:port is COM3, controller is mc602, mode USB
2025-07-06 21:31:25,415 controller_wrap.py, line 31, INFO:dev_name:mc602
2025-07-06 21:33:05,546 serial_wrap.py, line 123, INFO:try:COM3 - USB-SERIAL CH340 (COM3)
2025-07-06 21:33:05,625 serial_wrap.py, line 63, INFO:port is COM3, controller is mc602, mode USB
2025-07-06 21:33:05,660 controller_wrap.py, line 31, INFO:dev_name:mc602
2025-07-06 21:33:06,502 vehicle_base.py, line 305, INFO:MecanumChassis
2025-07-06 21:33:06,503 vehicle_base.py, line 194, INFO:mecanum init
2025-07-06 21:33:06,504 car_wrap.py, line 147, INFO:my car init ok 0.004809856414794922
2025-07-06 21:33:11,154 infer_front.py, line 115, INFO:lane连接服务器...
2025-07-06 21:33:14,837 infer_front.py, line 137, INFO:lane连接服务器成功
2025-07-06 21:33:14,839 infer_front.py, line 115, INFO:front连接服务器...
2025-07-06 21:33:16,618 infer_front.py, line 137, INFO:front连接服务器成功
2025-07-06 21:33:16,620 infer_front.py, line 115, INFO:task连接服务器...
2025-07-06 21:33:18,378 infer_front.py, line 137, INFO:task连接服务器成功
2025-07-06 21:33:18,380 infer_front.py, line 115, INFO:ocr连接服务器...
2025-07-06 21:33:20,156 infer_front.py, line 137, INFO:ocr连接服务器成功
2025-07-06 21:33:20,768 car_wrap.py, line 673, INFO:0
2025-07-06 21:33:20,769 car_wrap.py, line 675, INFO:['simple_lane_test', 'lane_distance_test', 'basic_movement_test', 'all_task', 'lane_test', 'reset', 'debug']
2025-07-06 21:34:04,785 car_wrap.py, line 756, INFO:simple_lane_test
2025-07-06 21:34:12,318 car_wrap.py, line 756, INFO:simple_lane_test
2025-07-06 21:36:54,288 serial_wrap.py, line 123, INFO:try:COM3 - USB-SERIAL CH340 (COM3)
2025-07-06 21:36:54,364 serial_wrap.py, line 63, INFO:port is COM3, controller is mc602, mode USB
2025-07-06 21:36:54,395 controller_wrap.py, line 31, INFO:dev_name:mc602
2025-07-06 21:36:55,215 vehicle_base.py, line 305, INFO:MecanumChassis
2025-07-06 21:36:55,215 vehicle_base.py, line 194, INFO:mecanum init
2025-07-06 21:36:55,216 car_wrap.py, line 147, INFO:my car init ok 0.004004478454589844
2025-07-06 21:36:59,885 infer_front.py, line 115, INFO:lane连接服务器...
2025-07-06 21:37:03,412 infer_front.py, line 137, INFO:lane连接服务器成功
2025-07-06 21:37:03,414 infer_front.py, line 115, INFO:front连接服务器...
2025-07-06 21:37:05,196 infer_front.py, line 137, INFO:front连接服务器成功
2025-07-06 21:37:05,197 infer_front.py, line 115, INFO:task连接服务器...
2025-07-06 21:37:07,054 infer_front.py, line 137, INFO:task连接服务器成功
2025-07-06 21:37:07,055 infer_front.py, line 115, INFO:ocr连接服务器...
2025-07-06 21:37:08,829 infer_front.py, line 137, INFO:ocr连接服务器成功
2025-07-06 21:37:09,441 car_wrap.py, line 673, INFO:0
2025-07-06 21:37:09,442 car_wrap.py, line 675, INFO:['camera_lane_ai_preview', 'simple_lane_test', 'lane_distance_test', 'basic_movement_test', 'all_task', 'lane_test', 'reset', 'debug']
2025-07-06 21:37:14,662 car_wrap.py, line 756, INFO:camera_lane_ai_preview
2025-07-06 21:38:22,458 serial_wrap.py, line 123, INFO:try:COM3 - USB-SERIAL CH340 (COM3)
2025-07-06 21:38:22,537 serial_wrap.py, line 63, INFO:port is COM3, controller is mc602, mode USB
2025-07-06 21:38:22,576 controller_wrap.py, line 31, INFO:dev_name:mc602
2025-07-06 21:38:23,346 vehicle_base.py, line 305, INFO:MecanumChassis
2025-07-06 21:38:23,347 vehicle_base.py, line 194, INFO:mecanum init
2025-07-06 21:38:23,347 car_wrap.py, line 147, INFO:my car init ok 0.004397869110107422
2025-07-06 21:38:26,303 camera.py, line 82, ERROR:read:读取图像错误!!!!
2025-07-06 21:38:26,808 infer_front.py, line 115, INFO:lane连接服务器...
2025-07-06 21:38:27,424 camera.py, line 82, ERROR:read:读取图像错误!!!!
2025-07-06 21:38:28,666 camera.py, line 82, ERROR:read:读取图像错误!!!!
2025-07-06 21:38:29,837 camera.py, line 82, ERROR:read:读取图像错误!!!!
2025-07-06 21:38:30,617 infer_front.py, line 137, INFO:lane连接服务器成功
2025-07-06 21:38:30,619 infer_front.py, line 115, INFO:front连接服务器...
2025-07-06 21:38:45,520 serial_wrap.py, line 123, INFO:try:COM3 - USB-SERIAL CH340 (COM3)
2025-07-06 21:38:45,599 serial_wrap.py, line 63, INFO:port is COM3, controller is mc602, mode USB
2025-07-06 21:38:45,632 controller_wrap.py, line 31, INFO:dev_name:mc602
2025-07-06 21:38:46,368 vehicle_base.py, line 305, INFO:MecanumChassis
2025-07-06 21:38:46,369 vehicle_base.py, line 194, INFO:mecanum init
2025-07-06 21:38:46,369 car_wrap.py, line 147, INFO:my car init ok 0.005027055740356445
2025-07-06 21:38:49,216 camera.py, line 82, ERROR:read:读取图像错误!!!!
2025-07-06 21:38:49,719 infer_front.py, line 115, INFO:lane连接服务器...
2025-07-06 21:38:50,011 camera.py, line 82, ERROR:read:读取图像错误!!!!
2025-07-06 21:38:50,843 camera.py, line 82, ERROR:read:读取图像错误!!!!
2025-07-06 21:39:22,921 serial_wrap.py, line 123, INFO:try:COM3 - USB-SERIAL CH340 (COM3)
2025-07-06 21:39:23,006 serial_wrap.py, line 63, INFO:port is COM3, controller is mc602, mode USB
2025-07-06 21:39:23,037 controller_wrap.py, line 31, INFO:dev_name:mc602
2025-07-06 21:39:23,790 vehicle_base.py, line 305, INFO:MecanumChassis
2025-07-06 21:39:23,791 vehicle_base.py, line 194, INFO:mecanum init
2025-07-06 21:39:23,792 car_wrap.py, line 147, INFO:my car init ok 0.005009889602661133
2025-07-06 21:39:27,056 camera.py, line 82, ERROR:read:读取图像错误!!!!
2025-07-06 21:39:27,559 infer_front.py, line 115, INFO:lane连接服务器...
2025-07-06 21:39:27,880 camera.py, line 82, ERROR:read:读取图像错误!!!!
2025-07-06 21:39:28,761 camera.py, line 82, ERROR:read:读取图像错误!!!!
2025-07-06 21:39:29,630 camera.py, line 82, ERROR:read:读取图像错误!!!!
2025-07-06 21:39:30,436 camera.py, line 82, ERROR:read:读取图像错误!!!!
2025-07-06 21:39:31,326 camera.py, line 82, ERROR:read:读取图像错误!!!!
2025-07-06 21:39:31,666 infer_front.py, line 137, INFO:lane连接服务器成功
2025-07-06 21:39:31,668 infer_front.py, line 115, INFO:front连接服务器...
2025-07-06 21:39:32,192 camera.py, line 82, ERROR:read:读取图像错误!!!!
2025-07-06 21:39:33,028 camera.py, line 82, ERROR:read:读取图像错误!!!!
2025-07-06 21:39:33,686 infer_front.py, line 137, INFO:front连接服务器成功
2025-07-06 21:39:33,688 infer_front.py, line 115, INFO:task连接服务器...
2025-07-06 21:39:33,897 camera.py, line 82, ERROR:read:读取图像错误!!!!
2025-07-06 21:39:34,764 camera.py, line 82, ERROR:read:读取图像错误!!!!
2025-07-06 21:39:35,630 camera.py, line 82, ERROR:read:读取图像错误!!!!
2025-07-06 21:39:35,679 infer_front.py, line 137, INFO:task连接服务器成功
2025-07-06 21:39:35,681 infer_front.py, line 115, INFO:ocr连接服务器...
2025-07-06 21:39:36,502 camera.py, line 82, ERROR:read:读取图像错误!!!!
2025-07-06 21:39:37,399 camera.py, line 82, ERROR:read:读取图像错误!!!!
2025-07-06 21:39:37,668 infer_front.py, line 137, INFO:ocr连接服务器成功
2025-07-06 21:39:38,279 car_wrap.py, line 673, INFO:0
2025-07-06 21:39:38,280 car_wrap.py, line 675, INFO:['camera_lane_ai_preview', 'simple_lane_test', 'lane_distance_test', 'basic_movement_test', 'all_task', 'lane_test', 'reset', 'debug']
2025-07-06 21:39:38,296 camera.py, line 82, ERROR:read:读取图像错误!!!!
2025-07-06 21:39:39,090 camera.py, line 82, ERROR:read:读取图像错误!!!!
2025-07-06 21:39:39,897 camera.py, line 82, ERROR:read:读取图像错误!!!!
2025-07-06 21:39:40,725 camera.py, line 82, ERROR:read:读取图像错误!!!!
2025-07-06 21:39:41,522 camera.py, line 82, ERROR:read:读取图像错误!!!!
2025-07-06 21:39:50,493 serial_wrap.py, line 123, INFO:try:COM3 - USB-SERIAL CH340 (COM3)
2025-07-06 21:39:50,577 serial_wrap.py, line 63, INFO:port is COM3, controller is mc602, mode USB
2025-07-06 21:39:50,612 controller_wrap.py, line 31, INFO:dev_name:mc602
2025-07-06 21:39:51,375 vehicle_base.py, line 305, INFO:MecanumChassis
2025-07-06 21:39:51,376 vehicle_base.py, line 194, INFO:mecanum init
2025-07-06 21:39:51,377 car_wrap.py, line 147, INFO:my car init ok 0.005094051361083984
2025-07-06 21:39:55,891 infer_front.py, line 115, INFO:lane连接服务器...
2025-07-06 21:39:59,646 infer_front.py, line 137, INFO:lane连接服务器成功
2025-07-06 21:39:59,648 infer_front.py, line 115, INFO:front连接服务器...
2025-07-06 21:40:01,526 infer_front.py, line 137, INFO:front连接服务器成功
2025-07-06 21:40:01,528 infer_front.py, line 115, INFO:task连接服务器...
2025-07-06 21:40:03,438 infer_front.py, line 137, INFO:task连接服务器成功
2025-07-06 21:40:03,440 infer_front.py, line 115, INFO:ocr连接服务器...
2025-07-06 21:40:05,303 infer_front.py, line 137, INFO:ocr连接服务器成功
2025-07-06 21:40:05,912 car_wrap.py, line 673, INFO:0
2025-07-06 21:40:05,913 car_wrap.py, line 675, INFO:['camera_lane_ai_preview', 'simple_lane_test', 'lane_distance_test', 'basic_movement_test', 'all_task', 'lane_test', 'reset', 'debug']
2025-07-06 21:40:08,753 car_wrap.py, line 756, INFO:camera_lane_ai_preview
2025-07-06 21:41:12,093 serial_wrap.py, line 123, INFO:try:COM3 - USB-SERIAL CH340 (COM3)
2025-07-06 21:41:12,169 serial_wrap.py, line 63, INFO:port is COM3, controller is mc602, mode USB
2025-07-06 21:41:12,198 controller_wrap.py, line 31, INFO:dev_name:mc602
2025-07-06 21:41:12,979 vehicle_base.py, line 305, INFO:MecanumChassis
2025-07-06 21:41:12,980 vehicle_base.py, line 194, INFO:mecanum init
2025-07-06 21:41:12,981 car_wrap.py, line 147, INFO:my car init ok 0.004937171936035156
2025-07-06 21:41:15,050 camera.py, line 82, ERROR:read:读取图像错误!!!!
2025-07-06 21:41:15,055 camera.py, line 82, ERROR:read:读取图像错误!!!!
2025-07-06 21:41:15,060 camera.py, line 82, ERROR:read:读取图像错误!!!!
2025-07-06 21:41:15,064 camera.py, line 82, ERROR:read:读取图像错误!!!!
2025-07-06 21:41:15,068 camera.py, line 82, ERROR:read:读取图像错误!!!!
2025-07-06 21:41:15,072 camera.py, line 82, ERROR:read:读取图像错误!!!!
2025-07-06 21:41:15,076 camera.py, line 82, ERROR:read:读取图像错误!!!!
2025-07-06 21:41:15,079 camera.py, line 82, ERROR:read:读取图像错误!!!!
2025-07-06 21:41:15,083 camera.py, line 82, ERROR:read:读取图像错误!!!!
2025-07-06 21:41:15,088 camera.py, line 82, ERROR:read:读取图像错误!!!!
2025-07-06 21:41:15,091 camera.py, line 82, ERROR:read:读取图像错误!!!!
2025-07-06 21:41:15,095 camera.py, line 82, ERROR:read:读取图像错误!!!!
2025-07-06 21:41:15,099 camera.py, line 82, ERROR:read:读取图像错误!!!!
2025-07-06 21:41:15,103 camera.py, line 82, ERROR:read:读取图像错误!!!!
2025-07-06 21:41:15,106 camera.py, line 82, ERROR:read:读取图像错误!!!!
2025-07-06 21:41:15,109 camera.py, line 82, ERROR:read:读取图像错误!!!!
2025-07-06 21:41:15,113 camera.py, line 82, ERROR:read:读取图像错误!!!!
2025-07-06 21:41:15,116 camera.py, line 82, ERROR:read:读取图像错误!!!!
2025-07-06 21:41:15,121 camera.py, line 82, ERROR:read:读取图像错误!!!!
2025-07-06 21:41:15,124 camera.py, line 82, ERROR:read:读取图像错误!!!!
2025-07-06 21:41:15,127 camera.py, line 82, ERROR:read:读取图像错误!!!!
2025-07-06 21:41:15,131 camera.py, line 82, ERROR:read:读取图像错误!!!!
2025-07-06 21:41:15,135 camera.py, line 82, ERROR:read:读取图像错误!!!!
2025-07-06 21:41:15,139 camera.py, line 82, ERROR:read:读取图像错误!!!!
2025-07-06 21:41:15,142 camera.py, line 82, ERROR:read:读取图像错误!!!!
2025-07-06 21:41:15,145 camera.py, line 82, ERROR:read:读取图像错误!!!!
2025-07-06 21:41:15,148 camera.py, line 82, ERROR:read:读取图像错误!!!!
2025-07-06 21:41:15,154 camera.py, line 82, ERROR:read:读取图像错误!!!!
2025-07-06 21:41:15,157 camera.py, line 82, ERROR:read:读取图像错误!!!!
2025-07-06 21:41:15,161 camera.py, line 82, ERROR:read:读取图像错误!!!!
2025-07-06 21:41:15,165 camera.py, line 82, ERROR:read:读取图像错误!!!!
2025-07-06 21:41:15,169 camera.py, line 82, ERROR:read:读取图像错误!!!!
2025-07-06 21:41:15,172 camera.py, line 82, ERROR:read:读取图像错误!!!!
2025-07-06 21:41:15,176 camera.py, line 82, ERROR:read:读取图像错误!!!!
2025-07-06 21:41:15,179 camera.py, line 82, ERROR:read:读取图像错误!!!!
2025-07-06 21:41:15,183 camera.py, line 82, ERROR:read:读取图像错误!!!!
2025-07-06 21:41:15,186 camera.py, line 82, ERROR:read:读取图像错误!!!!
2025-07-06 21:41:15,190 camera.py, line 82, ERROR:read:读取图像错误!!!!
2025-07-06 21:41:15,193 camera.py, line 82, ERROR:read:读取图像错误!!!!
2025-07-06 21:41:15,196 camera.py, line 82, ERROR:read:读取图像错误!!!!
2025-07-06 21:41:15,200 camera.py, line 82, ERROR:read:读取图像错误!!!!
2025-07-06 21:41:15,204 camera.py, line 82, ERROR:read:读取图像错误!!!!
2025-07-06 21:41:15,207 camera.py, line 82, ERROR:read:读取图像错误!!!!
2025-07-06 21:41:15,211 camera.py, line 82, ERROR:read:读取图像错误!!!!
2025-07-06 21:41:15,215 camera.py, line 82, ERROR:read:读取图像错误!!!!
2025-07-06 21:41:15,219 camera.py, line 82, ERROR:read:读取图像错误!!!!
2025-07-06 21:41:15,223 camera.py, line 82, ERROR:read:读取图像错误!!!!
2025-07-06 21:41:15,226 camera.py, line 82, ERROR:read:读取图像错误!!!!
2025-07-06 21:41:15,229 camera.py, line 82, ERROR:read:读取图像错误!!!!
2025-07-06 21:41:15,233 camera.py, line 82, ERROR:read:读取图像错误!!!!
2025-07-06 21:41:15,237 camera.py, line 82, ERROR:read:读取图像错误!!!!
2025-07-06 21:41:15,240 camera.py, line 82, ERROR:read:读取图像错误!!!!
2025-07-06 21:41:15,243 camera.py, line 82, ERROR:read:读取图像错误!!!!
2025-07-06 21:41:15,247 camera.py, line 82, ERROR:read:读取图像错误!!!!
2025-07-06 21:41:15,250 camera.py, line 82, ERROR:read:读取图像错误!!!!
2025-07-06 21:41:15,255 camera.py, line 82, ERROR:read:读取图像错误!!!!
2025-07-06 21:41:15,258 camera.py, line 82, ERROR:read:读取图像错误!!!!
2025-07-06 21:41:15,261 camera.py, line 82, ERROR:read:读取图像错误!!!!
2025-07-06 21:41:15,264 camera.py, line 82, ERROR:read:读取图像错误!!!!
2025-07-06 21:41:15,269 camera.py, line 82, ERROR:read:读取图像错误!!!!
2025-07-06 21:41:15,272 camera.py, line 82, ERROR:read:读取图像错误!!!!
2025-07-06 21:41:15,277 camera.py, line 82, ERROR:read:读取图像错误!!!!
2025-07-06 21:41:15,279 camera.py, line 82, ERROR:read:读取图像错误!!!!
2025-07-06 21:41:15,283 camera.py, line 82, ERROR:read:读取图像错误!!!!
2025-07-06 21:41:15,287 camera.py, line 82, ERROR:read:读取图像错误!!!!
2025-07-06 21:41:15,290 camera.py, line 82, ERROR:read:读取图像错误!!!!
2025-07-06 21:41:15,293 camera.py, line 82, ERROR:read:读取图像错误!!!!
2025-07-06 21:41:15,296 camera.py, line 82, ERROR:read:读取图像错误!!!!
2025-07-06 21:41:15,300 camera.py, line 82, ERROR:read:读取图像错误!!!!
2025-07-06 21:41:15,304 camera.py, line 82, ERROR:read:读取图像错误!!!!
2025-07-06 21:41:15,308 camera.py, line 82, ERROR:read:读取图像错误!!!!
2025-07-06 21:41:15,311 camera.py, line 82, ERROR:read:读取图像错误!!!!
2025-07-06 21:41:15,314 camera.py, line 82, ERROR:read:读取图像错误!!!!
2025-07-06 21:41:15,318 camera.py, line 82, ERROR:read:读取图像错误!!!!
2025-07-06 21:41:15,321 camera.py, line 82, ERROR:read:读取图像错误!!!!
2025-07-06 21:41:15,325 camera.py, line 82, ERROR:read:读取图像错误!!!!
2025-07-06 21:41:15,328 camera.py, line 82, ERROR:read:读取图像错误!!!!
2025-07-06 21:41:15,332 camera.py, line 82, ERROR:read:读取图像错误!!!!
2025-07-06 21:41:15,336 camera.py, line 82, ERROR:read:读取图像错误!!!!
2025-07-06 21:41:15,339 camera.py, line 82, ERROR:read:读取图像错误!!!!
2025-07-06 21:41:15,343 camera.py, line 82, ERROR:read:读取图像错误!!!!
2025-07-06 21:41:15,346 camera.py, line 82, ERROR:read:读取图像错误!!!!
2025-07-06 21:41:15,350 camera.py, line 82, ERROR:read:读取图像错误!!!!
2025-07-06 21:41:15,354 camera.py, line 82, ERROR:read:读取图像错误!!!!
2025-07-06 21:41:15,357 camera.py, line 82, ERROR:read:读取图像错误!!!!
2025-07-06 21:41:15,361 camera.py, line 82, ERROR:read:读取图像错误!!!!
2025-07-06 21:41:15,363 camera.py, line 82, ERROR:read:读取图像错误!!!!
2025-07-06 21:41:15,368 camera.py, line 82, ERROR:read:读取图像错误!!!!
2025-07-06 21:41:15,372 camera.py, line 82, ERROR:read:读取图像错误!!!!
2025-07-06 21:41:15,375 camera.py, line 82, ERROR:read:读取图像错误!!!!
2025-07-06 21:41:15,378 camera.py, line 82, ERROR:read:读取图像错误!!!!
2025-07-06 21:41:15,382 camera.py, line 82, ERROR:read:读取图像错误!!!!
2025-07-06 21:41:15,386 camera.py, line 82, ERROR:read:读取图像错误!!!!
2025-07-06 21:41:15,389 camera.py, line 82, ERROR:read:读取图像错误!!!!
2025-07-06 21:41:15,392 camera.py, line 82, ERROR:read:读取图像错误!!!!
2025-07-06 21:41:15,396 camera.py, line 82, ERROR:read:读取图像错误!!!!
2025-07-06 21:41:15,400 camera.py, line 82, ERROR:read:读取图像错误!!!!
2025-07-06 21:41:15,404 camera.py, line 82, ERROR:read:读取图像错误!!!!
2025-07-06 21:41:15,407 camera.py, line 82, ERROR:read:读取图像错误!!!!
2025-07-06 21:41:15,410 camera.py, line 82, ERROR:read:读取图像错误!!!!
2025-07-06 21:41:15,414 camera.py, line 82, ERROR:read:读取图像错误!!!!
2025-07-06 21:41:15,417 camera.py, line 82, ERROR:read:读取图像错误!!!!
2025-07-06 21:41:15,421 camera.py, line 82, ERROR:read:读取图像错误!!!!
2025-07-06 21:41:15,424 camera.py, line 82, ERROR:read:读取图像错误!!!!
2025-07-06 21:41:15,428 camera.py, line 82, ERROR:read:读取图像错误!!!!
2025-07-06 21:41:15,432 camera.py, line 82, ERROR:read:读取图像错误!!!!
2025-07-06 21:41:15,436 camera.py, line 82, ERROR:read:读取图像错误!!!!
2025-07-06 21:41:15,440 camera.py, line 82, ERROR:read:读取图像错误!!!!
2025-07-06 21:41:15,444 camera.py, line 82, ERROR:read:读取图像错误!!!!
2025-07-06 21:41:15,447 camera.py, line 82, ERROR:read:读取图像错误!!!!
2025-07-06 21:41:15,452 camera.py, line 82, ERROR:read:读取图像错误!!!!
2025-07-06 21:41:15,456 camera.py, line 82, ERROR:read:读取图像错误!!!!
2025-07-06 21:41:15,460 camera.py, line 82, ERROR:read:读取图像错误!!!!
2025-07-06 21:41:15,464 camera.py, line 82, ERROR:read:读取图像错误!!!!
2025-07-06 21:41:15,469 camera.py, line 82, ERROR:read:读取图像错误!!!!
2025-07-06 21:41:15,473 camera.py, line 82, ERROR:read:读取图像错误!!!!
2025-07-06 21:41:15,476 camera.py, line 82, ERROR:read:读取图像错误!!!!
2025-07-06 21:41:15,479 camera.py, line 82, ERROR:read:读取图像错误!!!!
2025-07-06 21:41:15,484 camera.py, line 82, ERROR:read:读取图像错误!!!!
2025-07-06 21:41:15,488 camera.py, line 82, ERROR:read:读取图像错误!!!!
2025-07-06 21:41:15,491 camera.py, line 82, ERROR:read:读取图像错误!!!!
2025-07-06 21:41:15,494 camera.py, line 82, ERROR:read:读取图像错误!!!!
2025-07-06 21:41:15,498 camera.py, line 82, ERROR:read:读取图像错误!!!!
2025-07-06 21:41:15,502 camera.py, line 82, ERROR:read:读取图像错误!!!!
2025-07-06 21:41:15,505 camera.py, line 82, ERROR:read:读取图像错误!!!!
2025-07-06 21:41:15,509 camera.py, line 82, ERROR:read:读取图像错误!!!!
2025-07-06 21:41:15,512 camera.py, line 82, ERROR:read:读取图像错误!!!!
2025-07-06 21:41:15,516 camera.py, line 82, ERROR:read:读取图像错误!!!!
2025-07-06 21:41:15,519 camera.py, line 82, ERROR:read:读取图像错误!!!!
2025-07-06 21:41:15,523 camera.py, line 82, ERROR:read:读取图像错误!!!!
2025-07-06 21:41:15,526 camera.py, line 82, ERROR:read:读取图像错误!!!!
2025-07-06 21:41:15,529 camera.py, line 82, ERROR:read:读取图像错误!!!!
2025-07-06 21:41:15,533 camera.py, line 82, ERROR:read:读取图像错误!!!!
2025-07-06 21:41:15,537 camera.py, line 82, ERROR:read:读取图像错误!!!!
2025-07-06 21:41:15,540 camera.py, line 82, ERROR:read:读取图像错误!!!!
2025-07-06 21:41:15,543 camera.py, line 82, ERROR:read:读取图像错误!!!!
2025-07-06 21:41:15,547 camera.py, line 82, ERROR:read:读取图像错误!!!!
2025-07-06 21:41:15,550 camera.py, line 82, ERROR:read:读取图像错误!!!!
2025-07-06 21:41:15,553 infer_front.py, line 115, INFO:lane连接服务器...
2025-07-06 21:41:15,558 camera.py, line 82, ERROR:read:读取图像错误!!!!
2025-07-06 21:41:15,636 camera.py, line 82, ERROR:read:读取图像错误!!!!
2025-07-06 21:41:15,745 camera.py, line 82, ERROR:read:读取图像错误!!!!
2025-07-06 21:41:15,840 camera.py, line 82, ERROR:read:读取图像错误!!!!
2025-07-06 21:41:15,892 camera.py, line 82, ERROR:read:读取图像错误!!!!
2025-07-06 21:41:15,978 camera.py, line 82, ERROR:read:读取图像错误!!!!
2025-07-06 21:41:16,070 camera.py, line 82, ERROR:read:读取图像错误!!!!
2025-07-06 21:41:16,151 camera.py, line 82, ERROR:read:读取图像错误!!!!
2025-07-06 21:41:16,250 camera.py, line 82, ERROR:read:读取图像错误!!!!
2025-07-06 21:41:16,344 camera.py, line 82, ERROR:read:读取图像错误!!!!
2025-07-06 21:41:16,407 camera.py, line 82, ERROR:read:读取图像错误!!!!
2025-07-06 21:41:16,499 camera.py, line 82, ERROR:read:读取图像错误!!!!
2025-07-06 21:41:16,563 camera.py, line 82, ERROR:read:读取图像错误!!!!
2025-07-06 21:41:16,629 camera.py, line 82, ERROR:read:读取图像错误!!!!
2025-07-06 21:41:16,701 camera.py, line 82, ERROR:read:读取图像错误!!!!
2025-07-06 21:41:16,765 camera.py, line 82, ERROR:read:读取图像错误!!!!
2025-07-06 21:41:16,825 camera.py, line 82, ERROR:read:读取图像错误!!!!
2025-07-06 21:41:16,898 camera.py, line 82, ERROR:read:读取图像错误!!!!
2025-07-06 21:41:16,965 camera.py, line 82, ERROR:read:读取图像错误!!!!
2025-07-06 21:41:17,042 camera.py, line 82, ERROR:read:读取图像错误!!!!
2025-07-06 21:41:17,102 camera.py, line 82, ERROR:read:读取图像错误!!!!
2025-07-06 21:41:17,179 camera.py, line 82, ERROR:read:读取图像错误!!!!
2025-07-06 21:41:17,247 camera.py, line 82, ERROR:read:读取图像错误!!!!
2025-07-06 21:41:17,302 camera.py, line 82, ERROR:read:读取图像错误!!!!
2025-07-06 21:41:17,375 camera.py, line 82, ERROR:read:读取图像错误!!!!
2025-07-06 21:41:17,423 camera.py, line 82, ERROR:read:读取图像错误!!!!
2025-07-06 21:41:17,428 camera.py, line 82, ERROR:read:读取图像错误!!!!
2025-07-06 21:41:17,433 camera.py, line 82, ERROR:read:读取图像错误!!!!
2025-07-06 21:41:17,438 camera.py, line 82, ERROR:read:读取图像错误!!!!
2025-07-06 21:46:02,905 serial_wrap.py, line 123, INFO:try:COM3 - USB-SERIAL CH340 (COM3)
2025-07-06 21:46:02,986 serial_wrap.py, line 63, INFO:port is COM3, controller is mc602, mode USB
2025-07-06 21:46:03,024 controller_wrap.py, line 31, INFO:dev_name:mc602
2025-07-06 21:46:03,912 vehicle_base.py, line 305, INFO:MecanumChassis
2025-07-06 21:46:03,912 vehicle_base.py, line 194, INFO:mecanum init
2025-07-06 21:46:03,913 car_wrap.py, line 147, INFO:my car init ok 0.00499725341796875
2025-07-06 21:46:08,394 infer_front.py, line 115, INFO:lane连接服务器...
2025-07-06 21:46:12,054 infer_front.py, line 137, INFO:lane连接服务器成功
2025-07-06 21:46:12,056 infer_front.py, line 115, INFO:front连接服务器...
2025-07-06 21:46:13,838 infer_front.py, line 137, INFO:front连接服务器成功
2025-07-06 21:46:13,840 infer_front.py, line 115, INFO:task连接服务器...
2025-07-06 21:46:15,699 infer_front.py, line 137, INFO:task连接服务器成功
2025-07-06 21:46:15,701 infer_front.py, line 115, INFO:ocr连接服务器...
2025-07-06 21:46:17,494 infer_front.py, line 137, INFO:ocr连接服务器成功
2025-07-06 21:46:18,106 car_wrap.py, line 673, INFO:0
2025-07-06 21:46:18,107 car_wrap.py, line 675, INFO:['camera_lane_ai_preview', 'simple_lane_test', 'lane_distance_test', 'basic_movement_test', 'all_task', 'lane_test', 'reset', 'debug']
2025-07-06 21:46:21,213 car_wrap.py, line 756, INFO:camera_lane_ai_preview
