2025-07-12 15:10:06,950 serial_wrap.py, line 118, ERROR:未找到串口,查看是否插入了串口,或者查看下位机是否开机
2025-07-12 16:50:16,423 serial_wrap.py, line 353, ERROR:get_anwser timeout 
2025-07-12 16:51:40,898 serial_wrap.py, line 142, ERROR:Attempting to use a port that is not open
2025-07-12 16:51:40,898 serial_wrap.py, line 143, ERROR:未找到支持的设备
2025-07-12 16:51:40,898 serial_wrap.py, line 65, CRITICAL:未接控制器或者控制器没有开机,或者程序运行错误!
2025-07-12 16:52:10,857 serial_wrap.py, line 353, ERROR:get_anwser timeout 
2025-07-12 16:52:17,187 camera.py, line 82, ERROR:read:读取图像错误!!!!
2025-07-12 16:52:17,191 camera.py, line 82, ERROR:read:读取图像错误!!!!
2025-07-12 16:52:17,198 camera.py, line 82, ERROR:read:读取图像错误!!!!
2025-07-12 16:52:17,202 camera.py, line 82, ERROR:read:读取图像错误!!!!
2025-07-12 16:52:17,207 camera.py, line 82, ERROR:read:读取图像错误!!!!
2025-07-12 16:52:17,212 camera.py, line 82, ERROR:read:读取图像错误!!!!
2025-07-12 16:52:17,217 camera.py, line 82, ERROR:read:读取图像错误!!!!
2025-07-12 16:52:17,223 camera.py, line 82, ERROR:read:读取图像错误!!!!
2025-07-12 16:52:17,227 camera.py, line 82, ERROR:read:读取图像错误!!!!
2025-07-12 16:52:17,233 camera.py, line 82, ERROR:read:读取图像错误!!!!
2025-07-12 16:52:17,238 camera.py, line 82, ERROR:read:读取图像错误!!!!
2025-07-12 16:52:17,244 camera.py, line 82, ERROR:read:读取图像错误!!!!
2025-07-12 16:52:17,248 camera.py, line 82, ERROR:read:读取图像错误!!!!
2025-07-12 16:52:17,253 camera.py, line 82, ERROR:read:读取图像错误!!!!
2025-07-12 16:52:17,260 camera.py, line 82, ERROR:read:读取图像错误!!!!
2025-07-12 16:52:17,265 camera.py, line 82, ERROR:read:读取图像错误!!!!
2025-07-12 16:52:17,270 camera.py, line 82, ERROR:read:读取图像错误!!!!
2025-07-12 16:52:17,275 camera.py, line 82, ERROR:read:读取图像错误!!!!
2025-07-12 16:52:17,279 camera.py, line 82, ERROR:read:读取图像错误!!!!
2025-07-12 16:52:17,284 camera.py, line 82, ERROR:read:读取图像错误!!!!
2025-07-12 16:52:17,288 camera.py, line 82, ERROR:read:读取图像错误!!!!
2025-07-12 16:52:17,293 camera.py, line 82, ERROR:read:读取图像错误!!!!
2025-07-12 16:52:17,297 camera.py, line 82, ERROR:read:读取图像错误!!!!
2025-07-12 16:52:17,301 camera.py, line 82, ERROR:read:读取图像错误!!!!
2025-07-12 16:52:17,305 camera.py, line 82, ERROR:read:读取图像错误!!!!
2025-07-12 16:52:17,309 camera.py, line 82, ERROR:read:读取图像错误!!!!
2025-07-12 16:52:17,314 camera.py, line 82, ERROR:read:读取图像错误!!!!
2025-07-12 16:52:17,318 camera.py, line 82, ERROR:read:读取图像错误!!!!
2025-07-12 16:52:17,323 camera.py, line 82, ERROR:read:读取图像错误!!!!
2025-07-12 16:52:17,328 camera.py, line 82, ERROR:read:读取图像错误!!!!
2025-07-12 16:52:17,332 camera.py, line 82, ERROR:read:读取图像错误!!!!
2025-07-12 16:52:17,337 camera.py, line 82, ERROR:read:读取图像错误!!!!
2025-07-12 16:52:17,341 camera.py, line 82, ERROR:read:读取图像错误!!!!
2025-07-12 16:52:17,346 camera.py, line 82, ERROR:read:读取图像错误!!!!
2025-07-12 16:52:17,350 camera.py, line 82, ERROR:read:读取图像错误!!!!
2025-07-12 16:52:17,353 camera.py, line 82, ERROR:read:读取图像错误!!!!
2025-07-12 16:52:17,357 camera.py, line 82, ERROR:read:读取图像错误!!!!
2025-07-12 16:52:17,361 camera.py, line 82, ERROR:read:读取图像错误!!!!
2025-07-12 16:52:17,366 camera.py, line 82, ERROR:read:读取图像错误!!!!
2025-07-12 16:52:17,370 camera.py, line 82, ERROR:read:读取图像错误!!!!
2025-07-12 16:52:17,376 camera.py, line 82, ERROR:read:读取图像错误!!!!
2025-07-12 16:52:17,388 camera.py, line 82, ERROR:read:读取图像错误!!!!
2025-07-12 16:52:17,395 camera.py, line 82, ERROR:read:读取图像错误!!!!
2025-07-12 16:52:17,400 camera.py, line 82, ERROR:read:读取图像错误!!!!
2025-07-12 16:52:17,406 camera.py, line 82, ERROR:read:读取图像错误!!!!
2025-07-12 16:52:17,410 camera.py, line 82, ERROR:read:读取图像错误!!!!
2025-07-12 16:52:17,414 camera.py, line 82, ERROR:read:读取图像错误!!!!
2025-07-12 16:52:17,418 camera.py, line 82, ERROR:read:读取图像错误!!!!
2025-07-12 16:52:17,422 camera.py, line 82, ERROR:read:读取图像错误!!!!
2025-07-12 16:52:17,426 camera.py, line 82, ERROR:read:读取图像错误!!!!
2025-07-12 16:52:17,430 camera.py, line 82, ERROR:read:读取图像错误!!!!
2025-07-12 16:52:17,435 camera.py, line 82, ERROR:read:读取图像错误!!!!
2025-07-12 16:52:17,439 camera.py, line 82, ERROR:read:读取图像错误!!!!
2025-07-12 16:52:17,443 camera.py, line 82, ERROR:read:读取图像错误!!!!
2025-07-12 16:52:17,447 camera.py, line 82, ERROR:read:读取图像错误!!!!
2025-07-12 16:52:17,451 camera.py, line 82, ERROR:read:读取图像错误!!!!
2025-07-12 16:52:17,455 camera.py, line 82, ERROR:read:读取图像错误!!!!
2025-07-12 16:52:17,458 camera.py, line 82, ERROR:read:读取图像错误!!!!
2025-07-12 16:52:17,462 camera.py, line 82, ERROR:read:读取图像错误!!!!
2025-07-12 16:52:17,466 camera.py, line 82, ERROR:read:读取图像错误!!!!
2025-07-12 16:52:17,471 camera.py, line 82, ERROR:read:读取图像错误!!!!
2025-07-12 16:52:17,475 camera.py, line 82, ERROR:read:读取图像错误!!!!
2025-07-12 16:52:17,479 camera.py, line 82, ERROR:read:读取图像错误!!!!
2025-07-12 16:52:17,483 camera.py, line 82, ERROR:read:读取图像错误!!!!
2025-07-12 16:52:17,487 camera.py, line 82, ERROR:read:读取图像错误!!!!
2025-07-12 16:52:17,491 camera.py, line 82, ERROR:read:读取图像错误!!!!
2025-07-12 16:52:17,496 camera.py, line 82, ERROR:read:读取图像错误!!!!
2025-07-12 16:52:17,499 camera.py, line 82, ERROR:read:读取图像错误!!!!
2025-07-12 16:52:17,503 camera.py, line 82, ERROR:read:读取图像错误!!!!
2025-07-12 16:52:17,507 camera.py, line 82, ERROR:read:读取图像错误!!!!
2025-07-12 16:52:17,511 camera.py, line 82, ERROR:read:读取图像错误!!!!
2025-07-12 16:52:17,514 camera.py, line 82, ERROR:read:读取图像错误!!!!
2025-07-12 16:52:17,518 camera.py, line 82, ERROR:read:读取图像错误!!!!
2025-07-12 16:52:17,522 camera.py, line 82, ERROR:read:读取图像错误!!!!
2025-07-12 16:52:17,526 camera.py, line 82, ERROR:read:读取图像错误!!!!
2025-07-12 16:52:17,530 camera.py, line 82, ERROR:read:读取图像错误!!!!
2025-07-12 16:52:17,535 camera.py, line 82, ERROR:read:读取图像错误!!!!
2025-07-12 16:52:17,538 camera.py, line 82, ERROR:read:读取图像错误!!!!
2025-07-12 16:52:17,543 camera.py, line 82, ERROR:read:读取图像错误!!!!
2025-07-12 16:52:17,548 camera.py, line 82, ERROR:read:读取图像错误!!!!
2025-07-12 16:52:17,551 camera.py, line 82, ERROR:read:读取图像错误!!!!
2025-07-12 16:52:17,555 camera.py, line 82, ERROR:read:读取图像错误!!!!
2025-07-12 16:52:17,559 camera.py, line 82, ERROR:read:读取图像错误!!!!
2025-07-12 16:52:17,563 camera.py, line 82, ERROR:read:读取图像错误!!!!
2025-07-12 16:52:17,566 camera.py, line 82, ERROR:read:读取图像错误!!!!
2025-07-12 16:52:17,571 camera.py, line 82, ERROR:read:读取图像错误!!!!
2025-07-12 16:52:17,575 camera.py, line 82, ERROR:read:读取图像错误!!!!
2025-07-12 16:52:17,579 camera.py, line 82, ERROR:read:读取图像错误!!!!
2025-07-12 16:52:17,583 camera.py, line 82, ERROR:read:读取图像错误!!!!
2025-07-12 16:52:17,587 camera.py, line 82, ERROR:read:读取图像错误!!!!
2025-07-12 16:52:17,590 camera.py, line 82, ERROR:read:读取图像错误!!!!
2025-07-12 16:52:17,595 camera.py, line 82, ERROR:read:读取图像错误!!!!
2025-07-12 16:52:17,598 camera.py, line 82, ERROR:read:读取图像错误!!!!
2025-07-12 16:52:17,603 camera.py, line 82, ERROR:read:读取图像错误!!!!
2025-07-12 16:52:17,607 camera.py, line 82, ERROR:read:读取图像错误!!!!
2025-07-12 16:52:17,611 camera.py, line 82, ERROR:read:读取图像错误!!!!
2025-07-12 16:52:17,615 camera.py, line 82, ERROR:read:读取图像错误!!!!
2025-07-12 16:52:17,619 camera.py, line 82, ERROR:read:读取图像错误!!!!
2025-07-12 16:52:17,622 camera.py, line 82, ERROR:read:读取图像错误!!!!
2025-07-12 16:52:17,626 camera.py, line 82, ERROR:read:读取图像错误!!!!
2025-07-12 16:52:17,630 camera.py, line 82, ERROR:read:读取图像错误!!!!
2025-07-12 16:52:17,634 camera.py, line 82, ERROR:read:读取图像错误!!!!
2025-07-12 16:52:17,638 camera.py, line 82, ERROR:read:读取图像错误!!!!
2025-07-12 16:52:17,642 camera.py, line 82, ERROR:read:读取图像错误!!!!
2025-07-12 16:52:17,647 camera.py, line 82, ERROR:read:读取图像错误!!!!
2025-07-12 16:52:17,650 camera.py, line 82, ERROR:read:读取图像错误!!!!
2025-07-12 16:52:17,654 camera.py, line 82, ERROR:read:读取图像错误!!!!
2025-07-12 16:52:17,658 camera.py, line 82, ERROR:read:读取图像错误!!!!
2025-07-12 16:52:17,662 camera.py, line 82, ERROR:read:读取图像错误!!!!
2025-07-12 16:52:17,666 camera.py, line 82, ERROR:read:读取图像错误!!!!
2025-07-12 16:52:17,671 camera.py, line 82, ERROR:read:读取图像错误!!!!
2025-07-12 16:52:17,674 camera.py, line 82, ERROR:read:读取图像错误!!!!
2025-07-12 16:52:17,678 camera.py, line 82, ERROR:read:读取图像错误!!!!
2025-07-12 16:52:17,682 camera.py, line 82, ERROR:read:读取图像错误!!!!
2025-07-12 16:52:17,686 camera.py, line 82, ERROR:read:读取图像错误!!!!
2025-07-12 16:52:17,691 camera.py, line 82, ERROR:read:读取图像错误!!!!
2025-07-12 16:52:17,693 camera.py, line 82, ERROR:read:读取图像错误!!!!
2025-07-12 16:52:17,695 camera.py, line 82, ERROR:read:读取图像错误!!!!
2025-07-12 16:52:17,697 camera.py, line 82, ERROR:read:读取图像错误!!!!
2025-07-12 16:52:17,699 camera.py, line 82, ERROR:read:读取图像错误!!!!
2025-07-12 16:52:17,701 camera.py, line 82, ERROR:read:读取图像错误!!!!
2025-07-12 16:52:17,704 camera.py, line 82, ERROR:read:读取图像错误!!!!
2025-07-12 16:52:17,706 camera.py, line 82, ERROR:read:读取图像错误!!!!
2025-07-12 16:52:17,708 camera.py, line 82, ERROR:read:读取图像错误!!!!
2025-07-12 16:52:17,710 camera.py, line 82, ERROR:read:读取图像错误!!!!
2025-07-12 16:52:17,716 camera.py, line 82, ERROR:read:读取图像错误!!!!
2025-07-12 16:52:17,716 camera.py, line 82, ERROR:read:读取图像错误!!!!
2025-07-12 16:52:17,720 camera.py, line 82, ERROR:read:读取图像错误!!!!
2025-07-12 16:52:17,723 camera.py, line 82, ERROR:read:读取图像错误!!!!
2025-07-12 16:52:17,726 camera.py, line 82, ERROR:read:读取图像错误!!!!
2025-07-12 16:52:17,728 camera.py, line 82, ERROR:read:读取图像错误!!!!
2025-07-12 16:52:17,731 camera.py, line 82, ERROR:read:读取图像错误!!!!
2025-07-12 16:52:17,733 camera.py, line 82, ERROR:read:读取图像错误!!!!
2025-07-12 16:52:17,735 camera.py, line 82, ERROR:read:读取图像错误!!!!
2025-07-12 16:52:17,737 camera.py, line 82, ERROR:read:读取图像错误!!!!
2025-07-12 16:52:17,739 camera.py, line 82, ERROR:read:读取图像错误!!!!
2025-07-12 16:52:17,742 camera.py, line 82, ERROR:read:读取图像错误!!!!
2025-07-12 16:52:17,745 camera.py, line 82, ERROR:read:读取图像错误!!!!
2025-07-12 16:52:17,747 camera.py, line 82, ERROR:read:读取图像错误!!!!
2025-07-12 16:52:17,751 camera.py, line 82, ERROR:read:读取图像错误!!!!
2025-07-12 16:52:17,753 camera.py, line 82, ERROR:read:读取图像错误!!!!
2025-07-12 16:52:17,756 camera.py, line 82, ERROR:read:读取图像错误!!!!
2025-07-12 16:52:17,757 camera.py, line 82, ERROR:read:读取图像错误!!!!
2025-07-12 16:52:17,760 camera.py, line 82, ERROR:read:读取图像错误!!!!
2025-07-12 16:52:17,762 camera.py, line 82, ERROR:read:读取图像错误!!!!
2025-07-12 16:52:17,765 camera.py, line 82, ERROR:read:读取图像错误!!!!
2025-07-12 16:52:17,767 camera.py, line 82, ERROR:read:读取图像错误!!!!
2025-07-12 16:52:17,771 camera.py, line 82, ERROR:read:读取图像错误!!!!
2025-07-12 16:52:17,773 camera.py, line 82, ERROR:read:读取图像错误!!!!
2025-07-12 16:52:17,775 camera.py, line 82, ERROR:read:读取图像错误!!!!
2025-07-12 16:52:17,778 camera.py, line 82, ERROR:read:读取图像错误!!!!
2025-07-12 16:52:17,780 camera.py, line 82, ERROR:read:读取图像错误!!!!
2025-07-12 16:52:17,785 camera.py, line 82, ERROR:read:读取图像错误!!!!
2025-07-12 16:52:17,785 camera.py, line 82, ERROR:read:读取图像错误!!!!
2025-07-12 16:52:17,788 camera.py, line 82, ERROR:read:读取图像错误!!!!
2025-07-12 16:52:17,791 camera.py, line 82, ERROR:read:读取图像错误!!!!
2025-07-12 16:52:17,793 camera.py, line 82, ERROR:read:读取图像错误!!!!
2025-07-12 16:52:17,796 camera.py, line 82, ERROR:read:读取图像错误!!!!
2025-07-12 16:52:17,798 camera.py, line 82, ERROR:read:读取图像错误!!!!
2025-07-12 16:52:17,801 camera.py, line 82, ERROR:read:读取图像错误!!!!
2025-07-12 16:52:17,804 camera.py, line 82, ERROR:read:读取图像错误!!!!
2025-07-12 16:52:17,808 camera.py, line 82, ERROR:read:读取图像错误!!!!
2025-07-12 16:52:17,809 camera.py, line 82, ERROR:read:读取图像错误!!!!
2025-07-12 16:52:17,814 camera.py, line 82, ERROR:read:读取图像错误!!!!
2025-07-12 16:52:17,817 camera.py, line 82, ERROR:read:读取图像错误!!!!
2025-07-12 16:52:17,819 camera.py, line 82, ERROR:read:读取图像错误!!!!
2025-07-12 16:52:17,821 camera.py, line 82, ERROR:read:读取图像错误!!!!
2025-07-12 16:52:17,823 camera.py, line 82, ERROR:read:读取图像错误!!!!
2025-07-12 16:52:17,825 camera.py, line 82, ERROR:read:读取图像错误!!!!
2025-07-12 16:52:17,828 camera.py, line 82, ERROR:read:读取图像错误!!!!
2025-07-12 16:52:17,832 camera.py, line 82, ERROR:read:读取图像错误!!!!
2025-07-12 16:52:17,832 camera.py, line 82, ERROR:read:读取图像错误!!!!
2025-07-12 16:52:17,836 camera.py, line 82, ERROR:read:读取图像错误!!!!
2025-07-12 16:52:17,838 camera.py, line 82, ERROR:read:读取图像错误!!!!
2025-07-12 16:52:17,840 camera.py, line 82, ERROR:read:读取图像错误!!!!
2025-07-12 16:52:17,845 camera.py, line 82, ERROR:read:读取图像错误!!!!
2025-07-12 16:52:17,847 camera.py, line 82, ERROR:read:读取图像错误!!!!
2025-07-12 16:52:17,849 camera.py, line 82, ERROR:read:读取图像错误!!!!
2025-07-12 16:52:17,851 camera.py, line 82, ERROR:read:读取图像错误!!!!
2025-07-12 16:52:17,854 camera.py, line 82, ERROR:read:读取图像错误!!!!
2025-07-12 16:52:17,856 camera.py, line 82, ERROR:read:读取图像错误!!!!
2025-07-12 16:52:17,858 camera.py, line 82, ERROR:read:读取图像错误!!!!
2025-07-12 16:52:17,861 camera.py, line 82, ERROR:read:读取图像错误!!!!
2025-07-12 16:52:17,863 camera.py, line 82, ERROR:read:读取图像错误!!!!
2025-07-12 16:52:17,867 camera.py, line 82, ERROR:read:读取图像错误!!!!
2025-07-12 16:52:17,867 camera.py, line 82, ERROR:read:读取图像错误!!!!
2025-07-12 16:52:17,871 camera.py, line 82, ERROR:read:读取图像错误!!!!
2025-07-12 16:52:17,873 camera.py, line 82, ERROR:read:读取图像错误!!!!
2025-07-12 16:52:17,876 camera.py, line 82, ERROR:read:读取图像错误!!!!
2025-07-12 16:52:17,878 camera.py, line 82, ERROR:read:读取图像错误!!!!
2025-07-12 16:52:17,880 camera.py, line 82, ERROR:read:读取图像错误!!!!
2025-07-12 16:52:17,883 camera.py, line 82, ERROR:read:读取图像错误!!!!
2025-07-12 16:52:17,886 camera.py, line 82, ERROR:read:读取图像错误!!!!
2025-07-12 16:52:17,888 camera.py, line 82, ERROR:read:读取图像错误!!!!
2025-07-12 16:52:17,893 camera.py, line 82, ERROR:read:读取图像错误!!!!
2025-07-12 16:52:17,893 camera.py, line 82, ERROR:read:读取图像错误!!!!
2025-07-12 16:52:17,897 camera.py, line 82, ERROR:read:读取图像错误!!!!
2025-07-12 16:52:17,899 camera.py, line 82, ERROR:read:读取图像错误!!!!
2025-07-12 16:52:17,901 camera.py, line 82, ERROR:read:读取图像错误!!!!
2025-07-12 16:52:17,903 camera.py, line 82, ERROR:read:读取图像错误!!!!
2025-07-12 16:52:17,906 camera.py, line 82, ERROR:read:读取图像错误!!!!
2025-07-12 16:52:17,908 camera.py, line 82, ERROR:read:读取图像错误!!!!
2025-07-12 16:52:17,912 camera.py, line 82, ERROR:read:读取图像错误!!!!
2025-07-12 16:52:17,912 camera.py, line 82, ERROR:read:读取图像错误!!!!
2025-07-12 16:52:17,916 camera.py, line 82, ERROR:read:读取图像错误!!!!
2025-07-12 16:52:17,920 camera.py, line 82, ERROR:read:读取图像错误!!!!
2025-07-12 16:52:17,920 camera.py, line 82, ERROR:read:读取图像错误!!!!
2025-07-12 16:52:17,924 camera.py, line 82, ERROR:read:读取图像错误!!!!
2025-07-12 16:52:17,926 camera.py, line 82, ERROR:read:读取图像错误!!!!
2025-07-12 16:52:17,929 camera.py, line 82, ERROR:read:读取图像错误!!!!
2025-07-12 16:52:17,931 camera.py, line 82, ERROR:read:读取图像错误!!!!
2025-07-12 16:52:17,934 camera.py, line 82, ERROR:read:读取图像错误!!!!
2025-07-12 16:52:17,936 camera.py, line 82, ERROR:read:读取图像错误!!!!
2025-07-12 16:52:17,938 camera.py, line 82, ERROR:read:读取图像错误!!!!
2025-07-12 16:52:17,941 camera.py, line 82, ERROR:read:读取图像错误!!!!
2025-07-12 16:52:17,943 camera.py, line 82, ERROR:read:读取图像错误!!!!
2025-07-12 16:52:17,949 camera.py, line 82, ERROR:read:读取图像错误!!!!
2025-07-12 16:52:17,949 camera.py, line 82, ERROR:read:读取图像错误!!!!
2025-07-12 16:52:17,955 camera.py, line 82, ERROR:read:读取图像错误!!!!
2025-07-12 16:52:17,955 camera.py, line 82, ERROR:read:读取图像错误!!!!
2025-07-12 16:52:17,961 camera.py, line 82, ERROR:read:读取图像错误!!!!
2025-07-12 16:52:17,961 camera.py, line 82, ERROR:read:读取图像错误!!!!
2025-07-12 16:52:17,967 camera.py, line 82, ERROR:read:读取图像错误!!!!
2025-07-12 16:52:17,967 camera.py, line 82, ERROR:read:读取图像错误!!!!
2025-07-12 16:52:17,971 camera.py, line 82, ERROR:read:读取图像错误!!!!
2025-07-12 16:52:17,973 camera.py, line 82, ERROR:read:读取图像错误!!!!
2025-07-12 16:52:17,975 camera.py, line 82, ERROR:read:读取图像错误!!!!
2025-07-12 16:52:17,977 camera.py, line 82, ERROR:read:读取图像错误!!!!
2025-07-12 16:52:17,981 camera.py, line 82, ERROR:read:读取图像错误!!!!
2025-07-12 16:52:17,981 camera.py, line 82, ERROR:read:读取图像错误!!!!
2025-07-12 16:52:17,987 camera.py, line 82, ERROR:read:读取图像错误!!!!
2025-07-12 16:52:17,987 camera.py, line 82, ERROR:read:读取图像错误!!!!
2025-07-12 16:52:17,991 camera.py, line 82, ERROR:read:读取图像错误!!!!
2025-07-12 16:52:17,993 camera.py, line 82, ERROR:read:读取图像错误!!!!
2025-07-12 16:52:17,998 camera.py, line 82, ERROR:read:读取图像错误!!!!
2025-07-12 16:52:17,998 camera.py, line 82, ERROR:read:读取图像错误!!!!
2025-07-12 16:52:18,004 camera.py, line 82, ERROR:read:读取图像错误!!!!
2025-07-12 16:52:18,004 camera.py, line 82, ERROR:read:读取图像错误!!!!
2025-07-12 16:52:18,010 camera.py, line 82, ERROR:read:读取图像错误!!!!
2025-07-12 16:52:18,010 camera.py, line 82, ERROR:read:读取图像错误!!!!
2025-07-12 16:52:18,015 camera.py, line 82, ERROR:read:读取图像错误!!!!
2025-07-12 16:52:18,017 camera.py, line 82, ERROR:read:读取图像错误!!!!
2025-07-12 16:52:18,020 camera.py, line 82, ERROR:read:读取图像错误!!!!
2025-07-12 16:52:18,022 camera.py, line 82, ERROR:read:读取图像错误!!!!
2025-07-12 16:52:18,025 camera.py, line 82, ERROR:read:读取图像错误!!!!
2025-07-12 16:52:18,027 camera.py, line 82, ERROR:read:读取图像错误!!!!
2025-07-12 16:52:18,031 camera.py, line 82, ERROR:read:读取图像错误!!!!
2025-07-12 16:52:18,031 camera.py, line 82, ERROR:read:读取图像错误!!!!
2025-07-12 16:52:18,036 camera.py, line 82, ERROR:read:读取图像错误!!!!
2025-07-12 16:52:18,038 camera.py, line 82, ERROR:read:读取图像错误!!!!
2025-07-12 16:52:18,040 camera.py, line 82, ERROR:read:读取图像错误!!!!
2025-07-12 16:52:18,043 camera.py, line 82, ERROR:read:读取图像错误!!!!
2025-07-12 16:52:18,045 camera.py, line 82, ERROR:read:读取图像错误!!!!
2025-07-12 16:52:18,047 camera.py, line 82, ERROR:read:读取图像错误!!!!
2025-07-12 16:52:18,049 camera.py, line 82, ERROR:read:读取图像错误!!!!
2025-07-12 16:52:18,051 camera.py, line 82, ERROR:read:读取图像错误!!!!
2025-07-12 16:52:18,055 camera.py, line 82, ERROR:read:读取图像错误!!!!
2025-07-12 16:52:18,055 camera.py, line 82, ERROR:read:读取图像错误!!!!
2025-07-12 16:52:18,059 camera.py, line 82, ERROR:read:读取图像错误!!!!
2025-07-12 16:52:18,061 camera.py, line 82, ERROR:read:读取图像错误!!!!
2025-07-12 16:52:18,063 camera.py, line 82, ERROR:read:读取图像错误!!!!
2025-07-12 16:52:18,066 camera.py, line 82, ERROR:read:读取图像错误!!!!
2025-07-12 16:52:18,068 camera.py, line 82, ERROR:read:读取图像错误!!!!
2025-07-12 16:52:18,069 camera.py, line 82, ERROR:read:读取图像错误!!!!
2025-07-12 16:52:18,072 camera.py, line 82, ERROR:read:读取图像错误!!!!
2025-07-12 16:52:18,074 camera.py, line 82, ERROR:read:读取图像错误!!!!
2025-07-12 16:52:18,079 camera.py, line 82, ERROR:read:读取图像错误!!!!
2025-07-12 16:52:18,079 camera.py, line 82, ERROR:read:读取图像错误!!!!
2025-07-12 16:52:18,085 camera.py, line 82, ERROR:read:读取图像错误!!!!
2025-07-12 16:52:18,085 camera.py, line 82, ERROR:read:读取图像错误!!!!
2025-07-12 16:52:18,089 camera.py, line 82, ERROR:read:读取图像错误!!!!
2025-07-12 16:52:18,091 camera.py, line 82, ERROR:read:读取图像错误!!!!
2025-07-12 16:52:18,095 camera.py, line 82, ERROR:read:读取图像错误!!!!
2025-07-12 16:52:18,095 camera.py, line 82, ERROR:read:读取图像错误!!!!
2025-07-12 16:52:18,102 camera.py, line 82, ERROR:read:读取图像错误!!!!
2025-07-12 16:52:18,102 camera.py, line 82, ERROR:read:读取图像错误!!!!
2025-07-12 16:52:18,108 camera.py, line 82, ERROR:read:读取图像错误!!!!
2025-07-12 16:52:18,108 camera.py, line 82, ERROR:read:读取图像错误!!!!
2025-07-12 16:52:18,115 camera.py, line 82, ERROR:read:读取图像错误!!!!
2025-07-12 16:52:18,115 camera.py, line 82, ERROR:read:读取图像错误!!!!
2025-07-12 16:52:18,121 camera.py, line 82, ERROR:read:读取图像错误!!!!
2025-07-12 16:52:18,121 camera.py, line 82, ERROR:read:读取图像错误!!!!
2025-07-12 16:52:18,125 camera.py, line 82, ERROR:read:读取图像错误!!!!
2025-07-12 16:52:18,127 camera.py, line 82, ERROR:read:读取图像错误!!!!
2025-07-12 16:52:18,129 camera.py, line 82, ERROR:read:读取图像错误!!!!
2025-07-12 16:52:18,132 camera.py, line 82, ERROR:read:读取图像错误!!!!
2025-07-12 16:52:18,136 camera.py, line 82, ERROR:read:读取图像错误!!!!
2025-07-12 16:52:18,137 camera.py, line 82, ERROR:read:读取图像错误!!!!
2025-07-12 16:52:18,141 camera.py, line 82, ERROR:read:读取图像错误!!!!
2025-07-12 16:52:18,143 camera.py, line 82, ERROR:read:读取图像错误!!!!
2025-07-12 16:52:18,145 camera.py, line 82, ERROR:read:读取图像错误!!!!
2025-07-12 16:52:18,147 camera.py, line 82, ERROR:read:读取图像错误!!!!
2025-07-12 16:52:18,153 camera.py, line 82, ERROR:read:读取图像错误!!!!
2025-07-12 16:52:18,153 camera.py, line 82, ERROR:read:读取图像错误!!!!
2025-07-12 16:52:18,159 camera.py, line 82, ERROR:read:读取图像错误!!!!
2025-07-12 16:52:18,159 camera.py, line 82, ERROR:read:读取图像错误!!!!
2025-07-12 16:52:18,163 camera.py, line 82, ERROR:read:读取图像错误!!!!
2025-07-12 16:52:18,165 camera.py, line 82, ERROR:read:读取图像错误!!!!
2025-07-12 16:52:18,169 camera.py, line 82, ERROR:read:读取图像错误!!!!
2025-07-12 16:52:18,170 camera.py, line 82, ERROR:read:读取图像错误!!!!
2025-07-12 16:52:18,174 camera.py, line 82, ERROR:read:读取图像错误!!!!
2025-07-12 16:52:18,176 camera.py, line 82, ERROR:read:读取图像错误!!!!
2025-07-12 16:52:18,179 camera.py, line 82, ERROR:read:读取图像错误!!!!
2025-07-12 16:52:18,181 camera.py, line 82, ERROR:read:读取图像错误!!!!
2025-07-12 16:52:18,183 camera.py, line 82, ERROR:read:读取图像错误!!!!
2025-07-12 16:52:18,188 camera.py, line 82, ERROR:read:读取图像错误!!!!
2025-07-12 16:52:18,188 camera.py, line 82, ERROR:read:读取图像错误!!!!
2025-07-12 16:52:18,192 camera.py, line 82, ERROR:read:读取图像错误!!!!
2025-07-12 16:52:18,198 camera.py, line 82, ERROR:read:读取图像错误!!!!
2025-07-12 16:52:18,224 camera.py, line 82, ERROR:read:读取图像错误!!!!
2025-07-12 16:52:18,300 camera.py, line 82, ERROR:read:读取图像错误!!!!
2025-07-12 16:52:18,330 camera.py, line 82, ERROR:read:读取图像错误!!!!
2025-07-12 16:52:18,345 camera.py, line 82, ERROR:read:读取图像错误!!!!
2025-07-12 16:52:18,378 camera.py, line 82, ERROR:read:读取图像错误!!!!
2025-07-12 16:52:18,421 camera.py, line 82, ERROR:read:读取图像错误!!!!
2025-07-12 16:52:18,465 camera.py, line 82, ERROR:read:读取图像错误!!!!
2025-07-12 16:52:18,544 camera.py, line 82, ERROR:read:读取图像错误!!!!
2025-07-12 16:52:18,588 camera.py, line 82, ERROR:read:读取图像错误!!!!
2025-07-12 16:52:18,623 camera.py, line 82, ERROR:read:读取图像错误!!!!
2025-07-12 16:52:18,626 camera.py, line 82, ERROR:read:读取图像错误!!!!
2025-07-12 16:52:18,628 camera.py, line 82, ERROR:read:读取图像错误!!!!
2025-07-12 16:52:18,631 camera.py, line 82, ERROR:read:读取图像错误!!!!
2025-07-12 16:52:18,633 camera.py, line 82, ERROR:read:读取图像错误!!!!
2025-07-12 16:52:18,636 camera.py, line 82, ERROR:read:读取图像错误!!!!
2025-07-12 16:52:18,638 camera.py, line 82, ERROR:read:读取图像错误!!!!
2025-07-12 16:52:18,642 camera.py, line 82, ERROR:read:读取图像错误!!!!
2025-07-12 16:52:18,642 camera.py, line 82, ERROR:read:读取图像错误!!!!
2025-07-12 16:52:18,646 camera.py, line 82, ERROR:read:读取图像错误!!!!
2025-07-12 16:52:18,648 camera.py, line 82, ERROR:read:读取图像错误!!!!
2025-07-12 16:52:18,651 camera.py, line 82, ERROR:read:读取图像错误!!!!
2025-07-12 16:52:18,653 camera.py, line 82, ERROR:read:读取图像错误!!!!
2025-07-12 16:52:18,658 camera.py, line 82, ERROR:read:读取图像错误!!!!
2025-07-12 16:52:18,658 camera.py, line 82, ERROR:read:读取图像错误!!!!
2025-07-12 16:52:18,665 camera.py, line 82, ERROR:read:读取图像错误!!!!
2025-07-12 16:52:18,665 camera.py, line 82, ERROR:read:读取图像错误!!!!
2025-07-12 16:52:18,670 camera.py, line 82, ERROR:read:读取图像错误!!!!
2025-07-12 16:52:18,671 camera.py, line 82, ERROR:read:读取图像错误!!!!
2025-07-12 16:52:18,674 camera.py, line 82, ERROR:read:读取图像错误!!!!
2025-07-12 16:52:18,677 camera.py, line 82, ERROR:read:读取图像错误!!!!
2025-07-12 16:52:18,679 camera.py, line 82, ERROR:read:读取图像错误!!!!
2025-07-12 16:52:18,681 camera.py, line 82, ERROR:read:读取图像错误!!!!
2025-07-12 16:52:18,683 camera.py, line 82, ERROR:read:读取图像错误!!!!
2025-07-12 16:52:18,688 camera.py, line 82, ERROR:read:读取图像错误!!!!
2025-07-12 16:52:18,688 camera.py, line 82, ERROR:read:读取图像错误!!!!
2025-07-12 16:52:18,694 camera.py, line 82, ERROR:read:读取图像错误!!!!
2025-07-12 16:52:18,694 camera.py, line 82, ERROR:read:读取图像错误!!!!
2025-07-12 16:52:18,699 camera.py, line 82, ERROR:read:读取图像错误!!!!
2025-07-12 16:52:18,701 camera.py, line 82, ERROR:read:读取图像错误!!!!
2025-07-12 16:52:18,706 camera.py, line 82, ERROR:read:读取图像错误!!!!
2025-07-12 16:52:18,708 camera.py, line 82, ERROR:read:读取图像错误!!!!
2025-07-12 16:52:18,711 camera.py, line 82, ERROR:read:读取图像错误!!!!
2025-07-12 16:52:18,713 camera.py, line 82, ERROR:read:读取图像错误!!!!
2025-07-12 16:52:18,717 camera.py, line 82, ERROR:read:读取图像错误!!!!
2025-07-12 16:52:18,717 camera.py, line 82, ERROR:read:读取图像错误!!!!
2025-07-12 16:52:18,722 camera.py, line 82, ERROR:read:读取图像错误!!!!
2025-07-12 16:52:18,723 camera.py, line 82, ERROR:read:读取图像错误!!!!
2025-07-12 16:52:18,727 camera.py, line 82, ERROR:read:读取图像错误!!!!
2025-07-12 16:52:18,729 camera.py, line 82, ERROR:read:读取图像错误!!!!
2025-07-12 16:52:18,731 camera.py, line 82, ERROR:read:读取图像错误!!!!
2025-07-12 16:52:18,734 camera.py, line 82, ERROR:read:读取图像错误!!!!
2025-07-12 16:52:18,737 camera.py, line 82, ERROR:read:读取图像错误!!!!
2025-07-12 16:52:18,739 camera.py, line 82, ERROR:read:读取图像错误!!!!
2025-07-12 16:52:18,741 camera.py, line 82, ERROR:read:读取图像错误!!!!
2025-07-12 16:52:18,743 camera.py, line 82, ERROR:read:读取图像错误!!!!
2025-07-12 16:52:18,746 camera.py, line 82, ERROR:read:读取图像错误!!!!
2025-07-12 16:52:18,748 camera.py, line 82, ERROR:read:读取图像错误!!!!
2025-07-12 16:52:18,751 camera.py, line 82, ERROR:read:读取图像错误!!!!
2025-07-12 16:52:18,753 camera.py, line 82, ERROR:read:读取图像错误!!!!
2025-07-12 16:52:18,755 camera.py, line 82, ERROR:read:读取图像错误!!!!
2025-07-12 16:52:18,757 camera.py, line 82, ERROR:read:读取图像错误!!!!
2025-07-12 16:52:18,760 camera.py, line 82, ERROR:read:读取图像错误!!!!
2025-07-12 16:52:18,762 camera.py, line 82, ERROR:read:读取图像错误!!!!
2025-07-12 16:52:18,765 camera.py, line 82, ERROR:read:读取图像错误!!!!
2025-07-12 16:52:18,767 camera.py, line 82, ERROR:read:读取图像错误!!!!
2025-07-12 16:52:18,769 camera.py, line 82, ERROR:read:读取图像错误!!!!
2025-07-12 16:52:18,772 camera.py, line 82, ERROR:read:读取图像错误!!!!
2025-07-12 16:52:18,774 camera.py, line 82, ERROR:read:读取图像错误!!!!
2025-07-12 16:52:18,776 camera.py, line 82, ERROR:read:读取图像错误!!!!
2025-07-12 16:52:18,779 camera.py, line 82, ERROR:read:读取图像错误!!!!
2025-07-12 16:52:18,781 camera.py, line 82, ERROR:read:读取图像错误!!!!
2025-07-12 16:52:18,788 camera.py, line 82, ERROR:read:读取图像错误!!!!
2025-07-12 16:52:18,788 camera.py, line 82, ERROR:read:读取图像错误!!!!
2025-07-12 16:52:18,793 camera.py, line 82, ERROR:read:读取图像错误!!!!
2025-07-12 16:52:18,795 camera.py, line 82, ERROR:read:读取图像错误!!!!
2025-07-12 16:52:18,798 camera.py, line 82, ERROR:read:读取图像错误!!!!
2025-07-12 16:52:18,800 camera.py, line 82, ERROR:read:读取图像错误!!!!
2025-07-12 16:52:18,802 camera.py, line 82, ERROR:read:读取图像错误!!!!
2025-07-12 16:52:18,804 camera.py, line 82, ERROR:read:读取图像错误!!!!
2025-07-12 16:52:18,806 camera.py, line 82, ERROR:read:读取图像错误!!!!
2025-07-12 16:52:18,809 camera.py, line 82, ERROR:read:读取图像错误!!!!
2025-07-12 16:52:18,811 camera.py, line 82, ERROR:read:读取图像错误!!!!
2025-07-12 16:52:18,813 camera.py, line 82, ERROR:read:读取图像错误!!!!
2025-07-12 16:52:18,815 camera.py, line 82, ERROR:read:读取图像错误!!!!
2025-07-12 16:52:18,817 camera.py, line 82, ERROR:read:读取图像错误!!!!
2025-07-12 16:52:18,819 camera.py, line 82, ERROR:read:读取图像错误!!!!
2025-07-12 16:52:18,821 camera.py, line 82, ERROR:read:读取图像错误!!!!
2025-07-12 16:52:18,823 camera.py, line 82, ERROR:read:读取图像错误!!!!
2025-07-12 16:52:18,825 camera.py, line 82, ERROR:read:读取图像错误!!!!
2025-07-12 16:52:18,827 camera.py, line 82, ERROR:read:读取图像错误!!!!
2025-07-12 16:52:18,829 camera.py, line 82, ERROR:read:读取图像错误!!!!
2025-07-12 16:52:18,831 camera.py, line 82, ERROR:read:读取图像错误!!!!
2025-07-12 16:52:18,834 camera.py, line 82, ERROR:read:读取图像错误!!!!
2025-07-12 16:52:18,836 camera.py, line 82, ERROR:read:读取图像错误!!!!
2025-07-12 16:52:18,838 camera.py, line 82, ERROR:read:读取图像错误!!!!
2025-07-12 16:52:18,840 camera.py, line 82, ERROR:read:读取图像错误!!!!
2025-07-12 16:52:18,842 camera.py, line 82, ERROR:read:读取图像错误!!!!
2025-07-12 16:52:18,845 camera.py, line 82, ERROR:read:读取图像错误!!!!
2025-07-12 16:52:18,847 camera.py, line 82, ERROR:read:读取图像错误!!!!
2025-07-12 16:52:18,849 camera.py, line 82, ERROR:read:读取图像错误!!!!
2025-07-12 16:52:18,851 camera.py, line 82, ERROR:read:读取图像错误!!!!
2025-07-12 16:52:18,854 camera.py, line 82, ERROR:read:读取图像错误!!!!
2025-07-12 16:52:18,856 camera.py, line 82, ERROR:read:读取图像错误!!!!
2025-07-12 16:52:18,861 camera.py, line 82, ERROR:read:读取图像错误!!!!
2025-07-12 16:52:18,861 camera.py, line 82, ERROR:read:读取图像错误!!!!
2025-07-12 16:52:18,868 camera.py, line 82, ERROR:read:读取图像错误!!!!
2025-07-12 16:52:18,868 camera.py, line 82, ERROR:read:读取图像错误!!!!
2025-07-12 16:52:18,874 camera.py, line 82, ERROR:read:读取图像错误!!!!
2025-07-12 16:52:18,875 camera.py, line 82, ERROR:read:读取图像错误!!!!
2025-07-12 16:52:18,879 camera.py, line 82, ERROR:read:读取图像错误!!!!
2025-07-12 16:52:18,881 camera.py, line 82, ERROR:read:读取图像错误!!!!
2025-07-12 16:52:18,886 camera.py, line 82, ERROR:read:读取图像错误!!!!
2025-07-12 16:52:18,886 camera.py, line 82, ERROR:read:读取图像错误!!!!
2025-07-12 16:52:18,890 camera.py, line 82, ERROR:read:读取图像错误!!!!
2025-07-12 16:52:18,893 camera.py, line 82, ERROR:read:读取图像错误!!!!
2025-07-12 16:52:18,897 camera.py, line 82, ERROR:read:读取图像错误!!!!
2025-07-12 16:52:18,899 camera.py, line 82, ERROR:read:读取图像错误!!!!
2025-07-12 16:52:18,903 camera.py, line 82, ERROR:read:读取图像错误!!!!
2025-07-12 16:52:18,905 camera.py, line 82, ERROR:read:读取图像错误!!!!
2025-07-12 16:52:18,907 camera.py, line 82, ERROR:read:读取图像错误!!!!
2025-07-12 16:52:18,909 camera.py, line 82, ERROR:read:读取图像错误!!!!
2025-07-12 16:52:18,912 camera.py, line 82, ERROR:read:读取图像错误!!!!
2025-07-12 16:52:18,914 camera.py, line 82, ERROR:read:读取图像错误!!!!
2025-07-12 16:52:18,918 camera.py, line 82, ERROR:read:读取图像错误!!!!
2025-07-12 16:52:18,918 camera.py, line 82, ERROR:read:读取图像错误!!!!
2025-07-12 16:52:18,922 camera.py, line 82, ERROR:read:读取图像错误!!!!
2025-07-12 16:52:18,925 camera.py, line 82, ERROR:read:读取图像错误!!!!
2025-07-12 16:52:18,927 camera.py, line 82, ERROR:read:读取图像错误!!!!
2025-07-12 16:52:18,929 camera.py, line 82, ERROR:read:读取图像错误!!!!
2025-07-12 16:52:18,934 camera.py, line 82, ERROR:read:读取图像错误!!!!
2025-07-12 16:52:18,934 camera.py, line 82, ERROR:read:读取图像错误!!!!
2025-07-12 16:52:18,938 camera.py, line 82, ERROR:read:读取图像错误!!!!
2025-07-12 16:52:18,940 camera.py, line 82, ERROR:read:读取图像错误!!!!
2025-07-12 16:52:18,942 camera.py, line 82, ERROR:read:读取图像错误!!!!
2025-07-12 16:52:18,945 camera.py, line 82, ERROR:read:读取图像错误!!!!
2025-07-12 16:52:18,947 camera.py, line 82, ERROR:read:读取图像错误!!!!
2025-07-12 16:52:18,951 camera.py, line 82, ERROR:read:读取图像错误!!!!
2025-07-12 16:52:18,951 camera.py, line 82, ERROR:read:读取图像错误!!!!
2025-07-12 16:52:18,956 camera.py, line 82, ERROR:read:读取图像错误!!!!
2025-07-12 16:52:18,960 camera.py, line 82, ERROR:read:读取图像错误!!!!
2025-07-12 16:52:18,960 camera.py, line 82, ERROR:read:读取图像错误!!!!
2025-07-12 16:52:18,966 camera.py, line 82, ERROR:read:读取图像错误!!!!
2025-07-12 16:52:18,966 camera.py, line 82, ERROR:read:读取图像错误!!!!
2025-07-12 16:52:18,970 camera.py, line 82, ERROR:read:读取图像错误!!!!
2025-07-12 16:52:18,972 camera.py, line 82, ERROR:read:读取图像错误!!!!
2025-07-12 16:52:18,977 camera.py, line 82, ERROR:read:读取图像错误!!!!
2025-07-12 16:52:18,977 camera.py, line 82, ERROR:read:读取图像错误!!!!
2025-07-12 16:52:18,981 camera.py, line 82, ERROR:read:读取图像错误!!!!
2025-07-12 16:52:18,983 camera.py, line 82, ERROR:read:读取图像错误!!!!
2025-07-12 16:52:18,986 camera.py, line 82, ERROR:read:读取图像错误!!!!
2025-07-12 16:52:18,988 camera.py, line 82, ERROR:read:读取图像错误!!!!
2025-07-12 16:52:18,991 camera.py, line 82, ERROR:read:读取图像错误!!!!
2025-07-12 16:52:18,993 camera.py, line 82, ERROR:read:读取图像错误!!!!
2025-07-12 16:52:18,998 camera.py, line 82, ERROR:read:读取图像错误!!!!
2025-07-12 16:52:18,998 camera.py, line 82, ERROR:read:读取图像错误!!!!
2025-07-12 16:52:19,002 camera.py, line 82, ERROR:read:读取图像错误!!!!
2025-07-12 16:52:19,004 camera.py, line 82, ERROR:read:读取图像错误!!!!
2025-07-12 16:52:19,008 camera.py, line 82, ERROR:read:读取图像错误!!!!
2025-07-12 16:52:19,009 camera.py, line 82, ERROR:read:读取图像错误!!!!
2025-07-12 16:52:19,013 camera.py, line 82, ERROR:read:读取图像错误!!!!
2025-07-12 16:52:19,015 camera.py, line 82, ERROR:read:读取图像错误!!!!
2025-07-12 16:52:19,017 camera.py, line 82, ERROR:read:读取图像错误!!!!
2025-07-12 16:52:19,021 camera.py, line 82, ERROR:read:读取图像错误!!!!
2025-07-12 16:52:19,021 camera.py, line 82, ERROR:read:读取图像错误!!!!
2025-07-12 16:52:19,027 camera.py, line 82, ERROR:read:读取图像错误!!!!
2025-07-12 16:52:19,027 camera.py, line 82, ERROR:read:读取图像错误!!!!
2025-07-12 16:52:19,032 camera.py, line 82, ERROR:read:读取图像错误!!!!
2025-07-12 16:52:19,034 camera.py, line 82, ERROR:read:读取图像错误!!!!
2025-07-12 16:52:19,039 camera.py, line 82, ERROR:read:读取图像错误!!!!
2025-07-12 16:52:19,039 camera.py, line 82, ERROR:read:读取图像错误!!!!
2025-07-12 16:52:19,042 camera.py, line 82, ERROR:read:读取图像错误!!!!
2025-07-12 16:52:19,044 camera.py, line 82, ERROR:read:读取图像错误!!!!
2025-07-12 16:52:19,049 camera.py, line 82, ERROR:read:读取图像错误!!!!
2025-07-12 16:52:19,049 camera.py, line 82, ERROR:read:读取图像错误!!!!
2025-07-12 16:52:19,054 camera.py, line 82, ERROR:read:读取图像错误!!!!
2025-07-12 16:52:19,056 camera.py, line 82, ERROR:read:读取图像错误!!!!
2025-07-12 16:52:19,058 camera.py, line 82, ERROR:read:读取图像错误!!!!
2025-07-12 16:52:19,060 camera.py, line 82, ERROR:read:读取图像错误!!!!
2025-07-12 16:52:19,062 camera.py, line 82, ERROR:read:读取图像错误!!!!
2025-07-12 16:52:19,065 camera.py, line 82, ERROR:read:读取图像错误!!!!
2025-07-12 16:52:19,067 camera.py, line 82, ERROR:read:读取图像错误!!!!
2025-07-12 16:52:19,069 camera.py, line 82, ERROR:read:读取图像错误!!!!
2025-07-12 16:52:19,071 camera.py, line 82, ERROR:read:读取图像错误!!!!
2025-07-12 16:52:19,075 camera.py, line 82, ERROR:read:读取图像错误!!!!
2025-07-12 16:52:19,077 camera.py, line 82, ERROR:read:读取图像错误!!!!
2025-07-12 16:52:19,080 camera.py, line 82, ERROR:read:读取图像错误!!!!
2025-07-12 16:52:19,082 camera.py, line 82, ERROR:read:读取图像错误!!!!
2025-07-12 16:52:19,085 camera.py, line 82, ERROR:read:读取图像错误!!!!
2025-07-12 16:52:19,087 camera.py, line 82, ERROR:read:读取图像错误!!!!
2025-07-12 16:52:19,089 camera.py, line 82, ERROR:read:读取图像错误!!!!
2025-07-12 16:52:19,092 camera.py, line 82, ERROR:read:读取图像错误!!!!
2025-07-12 16:52:19,094 camera.py, line 82, ERROR:read:读取图像错误!!!!
2025-07-12 16:52:19,099 camera.py, line 82, ERROR:read:读取图像错误!!!!
2025-07-12 16:52:19,099 camera.py, line 82, ERROR:read:读取图像错误!!!!
2025-07-12 16:52:19,105 camera.py, line 82, ERROR:read:读取图像错误!!!!
2025-07-12 16:52:19,105 camera.py, line 82, ERROR:read:读取图像错误!!!!
2025-07-12 16:52:19,111 camera.py, line 82, ERROR:read:读取图像错误!!!!
2025-07-12 16:52:19,112 camera.py, line 82, ERROR:read:读取图像错误!!!!
2025-07-12 16:52:19,117 camera.py, line 82, ERROR:read:读取图像错误!!!!
2025-07-12 16:52:19,117 camera.py, line 82, ERROR:read:读取图像错误!!!!
2025-07-12 16:52:19,122 camera.py, line 82, ERROR:read:读取图像错误!!!!
2025-07-12 16:52:19,125 camera.py, line 82, ERROR:read:读取图像错误!!!!
2025-07-12 16:52:19,129 camera.py, line 82, ERROR:read:读取图像错误!!!!
2025-07-12 16:52:19,129 camera.py, line 82, ERROR:read:读取图像错误!!!!
2025-07-12 16:52:19,133 camera.py, line 82, ERROR:read:读取图像错误!!!!
2025-07-12 16:52:19,135 camera.py, line 82, ERROR:read:读取图像错误!!!!
2025-07-12 16:52:19,139 camera.py, line 82, ERROR:read:读取图像错误!!!!
2025-07-12 16:52:19,139 camera.py, line 82, ERROR:read:读取图像错误!!!!
2025-07-12 16:52:19,144 camera.py, line 82, ERROR:read:读取图像错误!!!!
2025-07-12 16:52:19,146 camera.py, line 82, ERROR:read:读取图像错误!!!!
2025-07-12 16:52:19,148 camera.py, line 82, ERROR:read:读取图像错误!!!!
2025-07-12 16:52:19,151 camera.py, line 82, ERROR:read:读取图像错误!!!!
2025-07-12 16:52:19,153 camera.py, line 82, ERROR:read:读取图像错误!!!!
2025-07-12 16:52:19,156 camera.py, line 82, ERROR:read:读取图像错误!!!!
2025-07-12 16:52:19,158 camera.py, line 82, ERROR:read:读取图像错误!!!!
2025-07-12 16:52:19,160 camera.py, line 82, ERROR:read:读取图像错误!!!!
2025-07-12 16:52:19,162 camera.py, line 82, ERROR:read:读取图像错误!!!!
2025-07-12 16:52:19,165 camera.py, line 82, ERROR:read:读取图像错误!!!!
2025-07-12 16:52:19,167 camera.py, line 82, ERROR:read:读取图像错误!!!!
2025-07-12 16:52:19,171 camera.py, line 82, ERROR:read:读取图像错误!!!!
2025-07-12 16:52:19,171 camera.py, line 82, ERROR:read:读取图像错误!!!!
2025-07-12 16:52:19,175 camera.py, line 82, ERROR:read:读取图像错误!!!!
2025-07-12 16:52:19,177 camera.py, line 82, ERROR:read:读取图像错误!!!!
2025-07-12 16:52:19,181 camera.py, line 82, ERROR:read:读取图像错误!!!!
2025-07-12 16:52:19,183 camera.py, line 82, ERROR:read:读取图像错误!!!!
2025-07-12 16:52:19,185 camera.py, line 82, ERROR:read:读取图像错误!!!!
2025-07-12 16:52:19,189 camera.py, line 82, ERROR:read:读取图像错误!!!!
2025-07-12 16:52:19,189 camera.py, line 82, ERROR:read:读取图像错误!!!!
2025-07-12 16:52:19,193 camera.py, line 82, ERROR:read:读取图像错误!!!!
2025-07-12 16:52:19,196 camera.py, line 82, ERROR:read:读取图像错误!!!!
2025-07-12 16:52:19,200 camera.py, line 82, ERROR:read:读取图像错误!!!!
2025-07-12 16:52:19,200 camera.py, line 82, ERROR:read:读取图像错误!!!!
2025-07-12 16:52:19,204 camera.py, line 82, ERROR:read:读取图像错误!!!!
2025-07-12 16:52:19,207 camera.py, line 82, ERROR:read:读取图像错误!!!!
2025-07-12 16:52:19,209 camera.py, line 82, ERROR:read:读取图像错误!!!!
2025-07-12 16:52:19,211 camera.py, line 82, ERROR:read:读取图像错误!!!!
2025-07-12 16:52:19,217 camera.py, line 82, ERROR:read:读取图像错误!!!!
2025-07-12 16:52:19,217 camera.py, line 82, ERROR:read:读取图像错误!!!!
2025-07-12 16:52:19,222 camera.py, line 82, ERROR:read:读取图像错误!!!!
2025-07-12 16:52:19,224 camera.py, line 82, ERROR:read:读取图像错误!!!!
2025-07-12 16:52:19,227 camera.py, line 82, ERROR:read:读取图像错误!!!!
2025-07-12 16:52:19,229 camera.py, line 82, ERROR:read:读取图像错误!!!!
2025-07-12 16:52:19,231 camera.py, line 82, ERROR:read:读取图像错误!!!!
2025-07-12 16:52:19,235 camera.py, line 82, ERROR:read:读取图像错误!!!!
2025-07-12 16:52:19,235 camera.py, line 82, ERROR:read:读取图像错误!!!!
2025-07-12 16:52:19,242 camera.py, line 82, ERROR:read:读取图像错误!!!!
2025-07-12 16:52:19,242 camera.py, line 82, ERROR:read:读取图像错误!!!!
2025-07-12 16:52:19,246 camera.py, line 82, ERROR:read:读取图像错误!!!!
